Using pre-set license
Built from '2021.3/staging' branch; Version is '2021.3.13f1 (9e7d58001ecf) revision 10386776'; Using compiler version '192829333'; Build Type 'Release'
OS: 'Windows 10  (10.0.19044) 64bit Education' Language: 'en' Physical Memory: 16331 MB
BatchMode: 1, IsHumanControllingUs: 0, StartBugReporterOnCrash: 0, Is64bit: 1, IsPro: 1

COMMAND LINE ARGUMENTS:
D:\Unity\2021.3.13f1\Editor\Unity.exe
-adb2
-batchMode
-noUpm
-name
AssetImportWorker2
-projectPath
C:/Users/Ken Kobayashi/Desktop/Unity/VRInstrument
-logFile
Logs/AssetImportWorker2.log
-srvPort
49499
Successfully changed project path to: C:/Users/Ken Kobayashi/Desktop/Unity/VRInstrument
C:/Users/Ken Kobayashi/Desktop/Unity/VRInstrument
[UnityMemory] Configuration Parameters - Can be set up in boot.config
    "memorysetup-bucket-allocator-granularity=16"
    "memorysetup-bucket-allocator-bucket-count=8"
    "memorysetup-bucket-allocator-block-size=33554432"
    "memorysetup-bucket-allocator-block-count=8"
    "memorysetup-main-allocator-block-size=16777216"
    "memorysetup-thread-allocator-block-size=16777216"
    "memorysetup-gfx-main-allocator-block-size=16777216"
    "memorysetup-gfx-thread-allocator-block-size=16777216"
    "memorysetup-cache-allocator-block-size=4194304"
    "memorysetup-typetree-allocator-block-size=2097152"
    "memorysetup-profiler-bucket-allocator-granularity=16"
    "memorysetup-profiler-bucket-allocator-bucket-count=8"
    "memorysetup-profiler-bucket-allocator-block-size=33554432"
    "memorysetup-profiler-bucket-allocator-block-count=8"
    "memorysetup-profiler-allocator-block-size=16777216"
    "memorysetup-profiler-editor-allocator-block-size=1048576"
    "memorysetup-temp-allocator-size-main=16777216"
    "memorysetup-job-temp-allocator-block-size=2097152"
    "memorysetup-job-temp-allocator-block-size-background=1048576"
    "memorysetup-job-temp-allocator-reduction-small-platforms=262144"
    "memorysetup-temp-allocator-size-background-worker=32768"
    "memorysetup-temp-allocator-size-job-worker=262144"
    "memorysetup-temp-allocator-size-preload-manager=33554432"
    "memorysetup-temp-allocator-size-nav-mesh-worker=65536"
    "memorysetup-temp-allocator-size-audio-worker=65536"
    "memorysetup-temp-allocator-size-cloud-worker=32768"
    "memorysetup-temp-allocator-size-gi-baking-worker=262144"
    "memorysetup-temp-allocator-size-gfx=262144"
Refreshing native plugins compatible for Editor in 192.87 ms, found 12 plugins.
Preloading 1 native plugins for Editor in 1.04 ms.
Initialize engine version: 2021.3.13f1 (9e7d58001ecf)
[Subsystems] Discovering subsystems at path D:/Unity/2021.3.13f1/Editor/Data/Resources/UnitySubsystems
[Subsystems] Discovering subsystems at path C:/Users/Ken Kobayashi/Desktop/Unity/VRInstrument/Assets
GfxDevice: creating device client; threaded=0; jobified=0
Direct3D:
    Version:  Direct3D 11.0 [level 11.1]
    Renderer: NVIDIA GeForce RTX 2060 (ID=0x1f08)
    Vendor:   NVIDIA
    VRAM:     5968 MB
    Driver:   31.0.15.2824
Initialize mono
Mono path[0] = 'D:/Unity/2021.3.13f1/Editor/Data/Managed'
Mono path[1] = 'D:/Unity/2021.3.13f1/Editor/Data/MonoBleedingEdge/lib/mono/unityjit-win32'
Mono config path = 'D:/Unity/2021.3.13f1/Editor/Data/MonoBleedingEdge/etc'
Using monoOptions --debugger-agent=transport=dt_socket,embedding=1,server=y,suspend=n,address=127.0.0.1:56732
Begin MonoManager ReloadAssembly
Registering precompiled unity dll's ...
Register platform support module: D:/Unity/2021.3.13f1/Editor/Data/PlaybackEngines/AndroidPlayer/UnityEditor.Android.Extensions.dll
Register platform support module: D:/Unity/2021.3.13f1/Editor/Data/PlaybackEngines/WindowsStandaloneSupport/UnityEditor.WindowsStandalone.Extensions.dll
Registered in 0.006431 seconds.
Native extension for WindowsStandalone target not found
Native extension for Android target not found
Refreshing native plugins compatible for Editor in 124.93 ms, found 12 plugins.
Preloading 1 native plugins for Editor in 0.23 ms.
Mono: successfully reloaded assembly
- Completed reload, in  1.008 seconds
Domain Reload Profiling:
	ReloadAssembly (1008ms)
		BeginReloadAssembly (164ms)
			ExecutionOrderSort (0ms)
			DisableScriptedObjects (0ms)
			BackupInstance (0ms)
			ReleaseScriptingObjects (0ms)
			CreateAndSetChildDomain (1ms)
		EndReloadAssembly (654ms)
			LoadAssemblies (162ms)
			RebuildTransferFunctionScriptingTraits (0ms)
			SetupTypeCache (150ms)
			ReleaseScriptCaches (0ms)
			RebuildScriptCaches (35ms)
			SetupLoadedEditorAssemblies (398ms)
				LogAssemblyErrors (0ms)
				InitializePlatformSupportModulesInManaged (71ms)
				SetLoadedEditorAssemblies (0ms)
				RefreshPlugins (125ms)
				BeforeProcessingInitializeOnLoad (2ms)
				ProcessInitializeOnLoadAttributes (135ms)
				ProcessInitializeOnLoadMethodAttributes (64ms)
				AfterProcessingInitializeOnLoad (0ms)
				EditorAssembliesLoaded (0ms)
			ExecutionOrderSort2 (0ms)
			AwakeInstancesAfterBackupRestoration (0ms)
Platform modules already initialized, skipping
Registering precompiled user dll's ...
Registered in 0.020164 seconds.
Begin MonoManager ReloadAssembly
Native extension for WindowsStandalone target not found
Native extension for Android target not found
Refreshing native plugins compatible for Editor in 125.93 ms, found 12 plugins.
Preloading 1 native plugins for Editor in 0.12 ms.
Package Manager log level set to [2]
System.Reflection.TargetInvocationException: Exception has been thrown by the target of an invocation. ---> System.NullReferenceException: Object reference not set to an instance of an object
  at Unity.XR.Oculus.OculusLoader.AssetPathToAbsolutePath (System.String assetPath) [0x0003d] in C:\Users\Ken Kobayashi\Desktop\Unity\VRInstrument\Library\PackageCache\com.unity.xr.oculus@3.2.3\Runtime\OculusLoader.cs:296 
  at Unity.XR.Oculus.OculusLoader.EditorLoadOVRPlugin () [0x0007b] in C:\Users\Ken Kobayashi\Desktop\Unity\VRInstrument\Library\PackageCache\com.unity.xr.oculus@3.2.3\Runtime\OculusLoader.cs:281 
  at (wrapper managed-to-native) System.Reflection.RuntimeMethodInfo.InternalInvoke(System.Reflection.RuntimeMethodInfo,object,object[],System.Exception&)
  at System.Reflection.RuntimeMethodInfo.Invoke (System.Object obj, System.Reflection.BindingFlags invokeAttr, System.Reflection.Binder binder, System.Object[] parameters, System.Globalization.CultureInfo culture) [0x0006a] in <c9d3ffd4b98649ee9989e1908eaca019>:0 
   --- End of inner exception stack trace ---
  at System.Reflection.RuntimeMethodInfo.Invoke (System.Object obj, System.Reflection.BindingFlags invokeAttr, System.Reflection.Binder binder, System.Object[] parameters, System.Globalization.CultureInfo culture) [0x00083] in <c9d3ffd4b98649ee9989e1908eaca019>:0 
  at System.Reflection.MethodBase.Invoke (System.Object obj, System.Object[] parameters) [0x00000] in <c9d3ffd4b98649ee9989e1908eaca019>:0 
  at UnityEditor.EditorAssemblies.ProcessInitializeOnLoadMethodAttributes () [0x000a5] in <dc1a47a5816e4be7bc6817ee4d339e75>:0 
UnityEngine.StackTraceUtility:ExtractStackTrace ()
UnityEngine.DebugLogHandler:LogFormat (UnityEngine.LogType,UnityEngine.Object,string,object[])
UnityEngine.Logger:Log (UnityEngine.LogType,object)
UnityEngine.Debug:LogError (object)
UnityEditor.EditorAssemblies:ProcessInitializeOnLoadMethodAttributes ()

Mono: successfully reloaded assembly
- Completed reload, in  1.825 seconds
Domain Reload Profiling:
	ReloadAssembly (1826ms)
		BeginReloadAssembly (249ms)
			ExecutionOrderSort (0ms)
			DisableScriptedObjects (10ms)
			BackupInstance (0ms)
			ReleaseScriptingObjects (0ms)
			CreateAndSetChildDomain (124ms)
		EndReloadAssembly (1419ms)
			LoadAssemblies (126ms)
			RebuildTransferFunctionScriptingTraits (0ms)
			SetupTypeCache (404ms)
			ReleaseScriptCaches (1ms)
			RebuildScriptCaches (78ms)
			SetupLoadedEditorAssemblies (737ms)
				LogAssemblyErrors (0ms)
				InitializePlatformSupportModulesInManaged (15ms)
				SetLoadedEditorAssemblies (0ms)
				RefreshPlugins (126ms)
				BeforeProcessingInitializeOnLoad (135ms)
				ProcessInitializeOnLoadAttributes (408ms)
				ProcessInitializeOnLoadMethodAttributes (49ms)
				AfterProcessingInitializeOnLoad (4ms)
				EditorAssembliesLoaded (0ms)
			ExecutionOrderSort2 (0ms)
			AwakeInstancesAfterBackupRestoration (7ms)
Platform modules already initialized, skipping
========================================================================
Worker process is ready to serve import requests
Launched and connected shader compiler UnityShaderCompiler.exe after 0.13 seconds
Refreshing native plugins compatible for Editor in 2.43 ms, found 12 plugins.
Preloading 1 native plugins for Editor in 0.19 ms.
Unloading 4176 Unused Serialized files (Serialized files now loaded: 0)
Unloading 61 unused Assets / (450.0 KB). Loaded Objects now: 4615.
Memory consumption went from 148.3 MB to 147.9 MB.
Total: 10.319500 ms (FindLiveObjects: 0.819000 ms CreateObjectMapping: 0.571500 ms MarkObjects: 8.367500 ms  DeleteObjects: 0.558000 ms)

AssetImportParameters requested are different than current active one (requested -> active):
  custom:video-decoder-ogg-theora: a1e56fd34408186e4bbccfd4996cb3dc -> 
  custom:container-muxer-webm: aa71ff27fc2769a1b78a27578f13a17b -> 
  custom:container-demuxer-webm: 4f35f7cbe854078d1ac9338744f61a02 -> 
  custom:video-encoder-webm-vp8: eb34c28f22e8b96e1ab97ce403110664 -> 
  custom:audio-encoder-webm-vorbis: bf7c407c2cedff20999df2af8eb42d56 -> 
  custom:framework-win-MediaFoundation: 216162199b28c13a410421893ffa2e32 -> 
  custom:container-demuxer-ogg: 62fdf1f143b41e24485cea50d1cbac27 -> 
  custom:video-decoder-webm-vp8: 9c59270c3fd7afecdb556c50c9e8de78 -> 
  custom:audio-decoder-ogg-vorbis: bf7c407c2cedff20999df2af8eb42d56 -> 
========================================================================
Received Import Request.
  Time since last request: 426679.693749 seconds.
  path: Assets/BrokenVector/LowPolyDungeon/Models/Clutter/Book_Red.fbx
  artifactKey: Guid(9028aa2abf4ff9d45a5c341199180134) Importer(815301076,1909f56bfc062723c751e8b465ee728b)
Start importing Assets/BrokenVector/LowPolyDungeon/Models/Clutter/Book_Red.fbx using Guid(9028aa2abf4ff9d45a5c341199180134) Importer(815301076,1909f56bfc062723c751e8b465ee728b)  -> (artifact id: '1f831fe82d3eb046152cf3e3aee15329') in 0.460637 seconds 
========================================================================
Received Import Request.
  Time since last request: 0.000047 seconds.
  path: Assets/BrokenVector/LowPolyDungeon/Models/Clutter/Book_Big_DeepRed.fbx
  artifactKey: Guid(32184c617bf8b624d8d54af843ec427c) Importer(815301076,1909f56bfc062723c751e8b465ee728b)
Start importing Assets/BrokenVector/LowPolyDungeon/Models/Clutter/Book_Big_DeepRed.fbx using Guid(32184c617bf8b624d8d54af843ec427c) Importer(815301076,1909f56bfc062723c751e8b465ee728b)  -> (artifact id: '5bc6b6ad661ac5647b382489904297a1') in 0.031686 seconds 
========================================================================
Received Import Request.
  Time since last request: 0.000049 seconds.
  path: Assets/BrokenVector/LowPolyDungeon/Models/Clutter/Book_Small_DeepRed.fbx
  artifactKey: Guid(84c3a15b577df7648905fcbe72f4c5cf) Importer(815301076,1909f56bfc062723c751e8b465ee728b)
Start importing Assets/BrokenVector/LowPolyDungeon/Models/Clutter/Book_Small_DeepRed.fbx using Guid(84c3a15b577df7648905fcbe72f4c5cf) Importer(815301076,1909f56bfc062723c751e8b465ee728b)  -> (artifact id: '03ea65c431ed7ca496839b5ff1bdbead') in 0.033503 seconds 
========================================================================
Received Import Request.
  Time since last request: 0.000038 seconds.
  path: Assets/BrokenVector/LowPolyDungeon/Models/Clutter/Ivy_Branch.fbx
  artifactKey: Guid(72c499c22acd8d242bb45e122ec43fb2) Importer(815301076,1909f56bfc062723c751e8b465ee728b)
Start importing Assets/BrokenVector/LowPolyDungeon/Models/Clutter/Ivy_Branch.fbx using Guid(72c499c22acd8d242bb45e122ec43fb2) Importer(815301076,1909f56bfc062723c751e8b465ee728b)  -> (artifact id: '05752ff602de5c978b0b25e483390bc9') in 0.035294 seconds 
========================================================================
Received Import Request.
  Time since last request: 0.000040 seconds.
  path: Assets/BrokenVector/LowPolyDungeon/Models/Clutter/Book_Big_Brown.fbx
  artifactKey: Guid(54c2100317f765442a1f247c7d09ccf5) Importer(815301076,1909f56bfc062723c751e8b465ee728b)
Start importing Assets/BrokenVector/LowPolyDungeon/Models/Clutter/Book_Big_Brown.fbx using Guid(54c2100317f765442a1f247c7d09ccf5) Importer(815301076,1909f56bfc062723c751e8b465ee728b)  -> (artifact id: 'bce14202ed2d8dad8c6595cfbdab0977') in 0.030569 seconds 
========================================================================
Received Import Request.
  Time since last request: 0.000038 seconds.
  path: Assets/BrokenVector/LowPolyDungeon/Models/Clutter/Shield.fbx
  artifactKey: Guid(4c4e4839eaee70b4b9f3987785cfce57) Importer(815301076,1909f56bfc062723c751e8b465ee728b)
Start importing Assets/BrokenVector/LowPolyDungeon/Models/Clutter/Shield.fbx using Guid(4c4e4839eaee70b4b9f3987785cfce57) Importer(815301076,1909f56bfc062723c751e8b465ee728b)  -> (artifact id: 'a12fa62a176fd0d6d304ec3ce5fd9d85') in 0.057834 seconds 
========================================================================
Received Import Request.
  Time since last request: 0.000041 seconds.
  path: Assets/BrokenVector/LowPolyDungeon/Models/Clutter/Potion_Blue.fbx
  artifactKey: Guid(e873cbc7c65c12b409ffa8b357ef3039) Importer(815301076,1909f56bfc062723c751e8b465ee728b)
Start importing Assets/BrokenVector/LowPolyDungeon/Models/Clutter/Potion_Blue.fbx using Guid(e873cbc7c65c12b409ffa8b357ef3039) Importer(815301076,1909f56bfc062723c751e8b465ee728b)  -> (artifact id: 'ff1461f8b7694765a37d0d7098559d86') in 0.355988 seconds 
========================================================================
Received Import Request.
  Time since last request: 0.000046 seconds.
  path: Assets/BrokenVector/LowPolyDungeon/Models/Clutter/Carrot.fbx
  artifactKey: Guid(fa1dbf3ce607faa4eaf5d6c71e9ccc66) Importer(815301076,1909f56bfc062723c751e8b465ee728b)
Start importing Assets/BrokenVector/LowPolyDungeon/Models/Clutter/Carrot.fbx using Guid(fa1dbf3ce607faa4eaf5d6c71e9ccc66) Importer(815301076,1909f56bfc062723c751e8b465ee728b)  -> (artifact id: 'ded18528c624ca610f45679b44285271') in 0.036610 seconds 
========================================================================
Received Import Request.
  Time since last request: 0.000041 seconds.
  path: Assets/BrokenVector/LowPolyDungeon/Models/Clutter/Scroll_Stack.fbx
  artifactKey: Guid(0f9577e3d59f81a45a567d9e256f092c) Importer(815301076,1909f56bfc062723c751e8b465ee728b)
Start importing Assets/BrokenVector/LowPolyDungeon/Models/Clutter/Scroll_Stack.fbx using Guid(0f9577e3d59f81a45a567d9e256f092c) Importer(815301076,1909f56bfc062723c751e8b465ee728b)  -> (artifact id: '070d47d3058a5b40bda5f6fa3ccffe9a') in 0.042798 seconds 
========================================================================
Received Import Request.
  Time since last request: 0.000030 seconds.
  path: Assets/BrokenVector/LowPolyDungeon/Models/Clutter/Inkwell.fbx
  artifactKey: Guid(61beba42400fa6940aad007d84cba284) Importer(815301076,1909f56bfc062723c751e8b465ee728b)
Start importing Assets/BrokenVector/LowPolyDungeon/Models/Clutter/Inkwell.fbx using Guid(61beba42400fa6940aad007d84cba284) Importer(815301076,1909f56bfc062723c751e8b465ee728b)  -> (artifact id: '3e050e2e42f2fe1324df40aa711be4f4') in 0.027662 seconds 
========================================================================
Received Import Request.
  Time since last request: 0.000030 seconds.
  path: Assets/BrokenVector/LowPolyDungeon/Models/Clutter/Key_Golden.fbx
  artifactKey: Guid(ba63f90d8844c4f4995e182266e20c23) Importer(815301076,1909f56bfc062723c751e8b465ee728b)
Start importing Assets/BrokenVector/LowPolyDungeon/Models/Clutter/Key_Golden.fbx using Guid(ba63f90d8844c4f4995e182266e20c23) Importer(815301076,1909f56bfc062723c751e8b465ee728b)  -> (artifact id: 'c3ed5f16f14afd96d5fc3d0bb284ad71') in 0.028988 seconds 
========================================================================
Received Import Request.
  Time since last request: 0.000035 seconds.
  path: Assets/BrokenVector/LowPolyDungeon/Models/Clutter/Plate.fbx
  artifactKey: Guid(5ea2f20c59b62c94cb5613b2b9d46328) Importer(815301076,1909f56bfc062723c751e8b465ee728b)
Start importing Assets/BrokenVector/LowPolyDungeon/Models/Clutter/Plate.fbx using Guid(5ea2f20c59b62c94cb5613b2b9d46328) Importer(815301076,1909f56bfc062723c751e8b465ee728b)  -> (artifact id: 'd5448aedb77d8dbdac2ae212e9edfb41') in 0.027718 seconds 
========================================================================
Received Import Request.
  Time since last request: 22.054965 seconds.
  path: Assets/BrokenVector/LowPolyDungeon/Models/Lamps/Candlestick.fbx
  artifactKey: Guid(b541dad3b2450d64289359950648dcfb) Importer(815301076,1909f56bfc062723c751e8b465ee728b)
Start importing Assets/BrokenVector/LowPolyDungeon/Models/Lamps/Candlestick.fbx using Guid(b541dad3b2450d64289359950648dcfb) Importer(815301076,1909f56bfc062723c751e8b465ee728b)  -> (artifact id: '3065c3595b2e01dd678cc7e8f133def8') in 0.046427 seconds 
========================================================================
Received Import Request.
  Time since last request: 1.821456 seconds.
  path: Assets/BrokenVector/LowPolyDungeon/Models/Tiles/Balcony.fbx
  artifactKey: Guid(b5bc1dd11c6f2254390d709ebc8d40b5) Importer(815301076,1909f56bfc062723c751e8b465ee728b)
Start importing Assets/BrokenVector/LowPolyDungeon/Models/Tiles/Balcony.fbx using Guid(b5bc1dd11c6f2254390d709ebc8d40b5) Importer(815301076,1909f56bfc062723c751e8b465ee728b)  -> (artifact id: '94234deb2101daed2e142015febd6fc3') in 0.026562 seconds 
========================================================================
Received Import Request.
  Time since last request: 0.000031 seconds.
  path: Assets/BrokenVector/LowPolyDungeon/Models/Tiles/Hallway_Half.fbx
  artifactKey: Guid(4c61b71bce2758d408c78daf658f7123) Importer(815301076,1909f56bfc062723c751e8b465ee728b)
Start importing Assets/BrokenVector/LowPolyDungeon/Models/Tiles/Hallway_Half.fbx using Guid(4c61b71bce2758d408c78daf658f7123) Importer(815301076,1909f56bfc062723c751e8b465ee728b)  -> (artifact id: 'e512abb128eba56f54b00e32d4cffe43') in 0.035587 seconds 
========================================================================
Received Import Request.
  Time since last request: 0.000032 seconds.
  path: Assets/BrokenVector/LowPolyDungeon/Models/Tiles/Door_Wooden_Right.fbx
  artifactKey: Guid(3f84f8f63f2eb654891914d3c4f7cdbd) Importer(815301076,1909f56bfc062723c751e8b465ee728b)
Start importing Assets/BrokenVector/LowPolyDungeon/Models/Tiles/Door_Wooden_Right.fbx using Guid(3f84f8f63f2eb654891914d3c4f7cdbd) Importer(815301076,1909f56bfc062723c751e8b465ee728b)  -> (artifact id: '355b7ab2c1023c9bb85a11ce86d5e603') in 0.032720 seconds 
========================================================================
Received Import Request.
  Time since last request: 0.000046 seconds.
  path: Assets/BrokenVector/LowPolyDungeon/Models/Tiles/Basement_Wall_Var2.fbx
  artifactKey: Guid(5bfb915843a9ff74d9bea72ce38a0a89) Importer(815301076,1909f56bfc062723c751e8b465ee728b)
Start importing Assets/BrokenVector/LowPolyDungeon/Models/Tiles/Basement_Wall_Var2.fbx using Guid(5bfb915843a9ff74d9bea72ce38a0a89) Importer(815301076,1909f56bfc062723c751e8b465ee728b)  -> (artifact id: '8215237d95a59d07845e97753e93dfe8') in 0.031719 seconds 
========================================================================
Received Import Request.
  Time since last request: 0.000042 seconds.
  path: Assets/BrokenVector/LowPolyDungeon/Models/Tiles/Jail_Door_Right.fbx
  artifactKey: Guid(7dc17e9f3a67d6e419d0c8c298690c5c) Importer(815301076,1909f56bfc062723c751e8b465ee728b)
Start importing Assets/BrokenVector/LowPolyDungeon/Models/Tiles/Jail_Door_Right.fbx using Guid(7dc17e9f3a67d6e419d0c8c298690c5c) Importer(815301076,1909f56bfc062723c751e8b465ee728b)  -> (artifact id: 'c21399d801d590f63de49acda40dcc54') in 0.029335 seconds 
========================================================================
Received Import Request.
  Time since last request: 0.000030 seconds.
  path: Assets/BrokenVector/LowPolyDungeon/Models/Tiles/Dungeon_Wall_Var1.fbx
  artifactKey: Guid(4fe4fc7683c898747998c195978256cc) Importer(815301076,1909f56bfc062723c751e8b465ee728b)
Start importing Assets/BrokenVector/LowPolyDungeon/Models/Tiles/Dungeon_Wall_Var1.fbx using Guid(4fe4fc7683c898747998c195978256cc) Importer(815301076,1909f56bfc062723c751e8b465ee728b)  -> (artifact id: '0ea117c46ac01bb87942b214d234cd58') in 0.031130 seconds 
========================================================================
Received Import Request.
  Time since last request: 0.000036 seconds.
  path: Assets/BrokenVector/LowPolyDungeon/Models/Tiles/Door_Basement_Right.fbx
  artifactKey: Guid(681220b62dd908f45ada123d56e66448) Importer(815301076,1909f56bfc062723c751e8b465ee728b)
Start importing Assets/BrokenVector/LowPolyDungeon/Models/Tiles/Door_Basement_Right.fbx using Guid(681220b62dd908f45ada123d56e66448) Importer(815301076,1909f56bfc062723c751e8b465ee728b)  -> (artifact id: '0fdc0b6b792c0923c888fe2a9c6f8d74') in 0.032556 seconds 
========================================================================
Received Import Request.
  Time since last request: 0.000033 seconds.
  path: Assets/BrokenVector/LowPolyDungeon/Models/Tiles/Dungeon_Straight_14°.fbx
  artifactKey: Guid(d0b7d5eee0f16cf49a87a7f520564714) Importer(815301076,1909f56bfc062723c751e8b465ee728b)
Start importing Assets/BrokenVector/LowPolyDungeon/Models/Tiles/Dungeon_Straight_14°.fbx using Guid(d0b7d5eee0f16cf49a87a7f520564714) Importer(815301076,1909f56bfc062723c751e8b465ee728b)  -> (artifact id: '17e2fc859289cc603e22f39e9760098a') in 0.035941 seconds 
========================================================================
Received Import Request.
  Time since last request: 0.000022 seconds.
  path: Assets/BrokenVector/LowPolyDungeon/Models/Tiles/Stairs_High.fbx
  artifactKey: Guid(bfcfcf03589499346b24e110b74a3822) Importer(815301076,1909f56bfc062723c751e8b465ee728b)
Start importing Assets/BrokenVector/LowPolyDungeon/Models/Tiles/Stairs_High.fbx using Guid(bfcfcf03589499346b24e110b74a3822) Importer(815301076,1909f56bfc062723c751e8b465ee728b)  -> (artifact id: 'e9f2acfb79e677590baf4a80eeb9dac0') in 0.027436 seconds 
========================================================================
Received Import Request.
  Time since last request: 0.000030 seconds.
  path: Assets/BrokenVector/LowPolyDungeon/Models/Tiles/Dungeon_Hall_Corner.fbx
  artifactKey: Guid(c139cd5cbc01af1429c798486a2d470b) Importer(815301076,1909f56bfc062723c751e8b465ee728b)
Start importing Assets/BrokenVector/LowPolyDungeon/Models/Tiles/Dungeon_Hall_Corner.fbx using Guid(c139cd5cbc01af1429c798486a2d470b) Importer(815301076,1909f56bfc062723c751e8b465ee728b)  -> (artifact id: '72041b2b11213c4f4332908a9545ac33') in 0.030748 seconds 
========================================================================
Received Import Request.
  Time since last request: 0.000050 seconds.
  path: Assets/BrokenVector/LowPolyDungeon/Models/Tiles/Hallway_Crossing.fbx
  artifactKey: Guid(2d7114a56b1dcea4db8f0fbe498cd140) Importer(815301076,1909f56bfc062723c751e8b465ee728b)
Start importing Assets/BrokenVector/LowPolyDungeon/Models/Tiles/Hallway_Crossing.fbx using Guid(2d7114a56b1dcea4db8f0fbe498cd140) Importer(815301076,1909f56bfc062723c751e8b465ee728b)  -> (artifact id: 'ea61bed58ab05145a2ff537c76d7ae7f') in 0.032169 seconds 
========================================================================
Received Import Request.
  Time since last request: 0.000030 seconds.
  path: Assets/BrokenVector/LowPolyDungeon/Models/Tiles/Door_Basement_Left.fbx
  artifactKey: Guid(2336cdcbcfff9ee4d9865ba46e29914d) Importer(815301076,1909f56bfc062723c751e8b465ee728b)
Start importing Assets/BrokenVector/LowPolyDungeon/Models/Tiles/Door_Basement_Left.fbx using Guid(2336cdcbcfff9ee4d9865ba46e29914d) Importer(815301076,1909f56bfc062723c751e8b465ee728b)  -> (artifact id: '9e42525c69607f50057576dec14d2f5a') in 0.029253 seconds 
========================================================================
Received Import Request.
  Time since last request: 0.000029 seconds.
  path: Assets/BrokenVector/LowPolyDungeon/Models/Tiles/Jail_Wall.fbx
  artifactKey: Guid(dc9f3484ce4f67f419753556f57cae0f) Importer(815301076,1909f56bfc062723c751e8b465ee728b)
Start importing Assets/BrokenVector/LowPolyDungeon/Models/Tiles/Jail_Wall.fbx using Guid(dc9f3484ce4f67f419753556f57cae0f) Importer(815301076,1909f56bfc062723c751e8b465ee728b)  -> (artifact id: '727305a6afd8283978dd46d690ee1ecd') in 0.028130 seconds 
========================================================================
Received Import Request.
  Time since last request: 0.000033 seconds.
  path: Assets/BrokenVector/LowPolyDungeon/Models/Tiles/Basement_Passage_Mix.fbx
  artifactKey: Guid(0d0e4e73b580de04bb4995efc1902369) Importer(815301076,1909f56bfc062723c751e8b465ee728b)
Start importing Assets/BrokenVector/LowPolyDungeon/Models/Tiles/Basement_Passage_Mix.fbx using Guid(0d0e4e73b580de04bb4995efc1902369) Importer(815301076,1909f56bfc062723c751e8b465ee728b)  -> (artifact id: '103c0fd80e601faeb7b9850ba35568e6') in 0.032608 seconds 
========================================================================
Received Import Request.
  Time since last request: 0.000035 seconds.
  path: Assets/BrokenVector/LowPolyDungeon/Models/Tiles/Dungeon_Big_Passage.fbx
  artifactKey: Guid(8313e1aa95a8fb5448a08142aa9ba279) Importer(815301076,1909f56bfc062723c751e8b465ee728b)
Start importing Assets/BrokenVector/LowPolyDungeon/Models/Tiles/Dungeon_Big_Passage.fbx using Guid(8313e1aa95a8fb5448a08142aa9ba279) Importer(815301076,1909f56bfc062723c751e8b465ee728b)  -> (artifact id: 'f3091c5e2ec361ee6c1da168cf293a18') in 0.030607 seconds 
========================================================================
Received Import Request.
  Time since last request: 0.000029 seconds.
  path: Assets/BrokenVector/LowPolyDungeon/Models/Tiles/Hallway_Double.fbx
  artifactKey: Guid(17a224d1aeb5e59439a4ddda2f1ef3a6) Importer(815301076,1909f56bfc062723c751e8b465ee728b)
Start importing Assets/BrokenVector/LowPolyDungeon/Models/Tiles/Hallway_Double.fbx using Guid(17a224d1aeb5e59439a4ddda2f1ef3a6) Importer(815301076,1909f56bfc062723c751e8b465ee728b)  -> (artifact id: 'c25d57edd4a8f0e94565d6a1f0ccae5c') in 0.033101 seconds 
========================================================================
Received Import Request.
  Time since last request: 0.000035 seconds.
  path: Assets/BrokenVector/LowPolyDungeon/Models/Tiles/Dungeon_Custom_Corner_Arched.fbx
  artifactKey: Guid(e4178b2a02913d842aedef2eb60d1985) Importer(815301076,1909f56bfc062723c751e8b465ee728b)
Start importing Assets/BrokenVector/LowPolyDungeon/Models/Tiles/Dungeon_Custom_Corner_Arched.fbx using Guid(e4178b2a02913d842aedef2eb60d1985) Importer(815301076,1909f56bfc062723c751e8b465ee728b)  -> (artifact id: '97646b50749ef4cfd6ea7580bf5e66a2') in 0.033758 seconds 
========================================================================
Received Import Request.
  Time since last request: 0.000095 seconds.
  path: Assets/BrokenVector/LowPolyDungeon/Models/Tiles/Dungeon_Hall_Wall_Stairs_Right.fbx
  artifactKey: Guid(7c2f4c5b4c477554c834c3e41cfa4cbb) Importer(815301076,1909f56bfc062723c751e8b465ee728b)
Start importing Assets/BrokenVector/LowPolyDungeon/Models/Tiles/Dungeon_Hall_Wall_Stairs_Right.fbx using Guid(7c2f4c5b4c477554c834c3e41cfa4cbb) Importer(815301076,1909f56bfc062723c751e8b465ee728b)  -> (artifact id: 'e4dca698834a10afca79f06ca6bb8cd1') in 0.039333 seconds 
========================================================================
Received Import Request.
  Time since last request: 0.000044 seconds.
  path: Assets/BrokenVector/LowPolyDungeon/Models/Tiles/FloorTIle.fbx
  artifactKey: Guid(20f2ea214cfe0d748b1b4b8ad965af69) Importer(815301076,1909f56bfc062723c751e8b465ee728b)
Start importing Assets/BrokenVector/LowPolyDungeon/Models/Tiles/FloorTIle.fbx using Guid(20f2ea214cfe0d748b1b4b8ad965af69) Importer(815301076,1909f56bfc062723c751e8b465ee728b)  -> (artifact id: '7dea0ad76def15582f356c824eca3fd1') in 0.038342 seconds 
========================================================================
Received Import Request.
  Time since last request: 0.000030 seconds.
  path: Assets/BrokenVector/LowPolyDungeon/Models/Tiles/Holefix_Single.fbx
  artifactKey: Guid(6f299c6c72875e64ba2b937acdb19287) Importer(815301076,1909f56bfc062723c751e8b465ee728b)
Start importing Assets/BrokenVector/LowPolyDungeon/Models/Tiles/Holefix_Single.fbx using Guid(6f299c6c72875e64ba2b937acdb19287) Importer(815301076,1909f56bfc062723c751e8b465ee728b)  -> (artifact id: '2b5b17f96030d34116caf36e2aa01c2a') in 0.036390 seconds 
========================================================================
Received Import Request.
  Time since last request: 0.000034 seconds.
  path: Assets/BrokenVector/LowPolyDungeon/Models/Tiles/Hallway_toStaircase_Bottom.fbx
  artifactKey: Guid(d1cec78074a250041adbcfd9616b1a3f) Importer(815301076,1909f56bfc062723c751e8b465ee728b)
Start importing Assets/BrokenVector/LowPolyDungeon/Models/Tiles/Hallway_toStaircase_Bottom.fbx using Guid(d1cec78074a250041adbcfd9616b1a3f) Importer(815301076,1909f56bfc062723c751e8b465ee728b)  -> (artifact id: '6afe67ce0a48392cd471e8e3a9d3150f') in 0.039504 seconds 
Editor requested this worker to shutdown with reason: Scaling down because of idle timeout
AssetImportWorker is now disconnected from the server
Process exiting
Exiting without the bug reporter. Application will terminate with return code 0