Using pre-set license
Built from '2021.3/staging' branch; Version is '2021.3.13f1 (9e7d58001ecf) revision 10386776'; Using compiler version '192829333'; Build Type 'Release'
OS: 'Windows 10  (10.0.19044) 64bit Education' Language: 'en' Physical Memory: 16331 MB
BatchMode: 1, IsHumanControllingUs: 0, StartBugReporterOnCrash: 0, Is64bit: 1, IsPro: 1

COMMAND LINE ARGUMENTS:
D:\Unity\2021.3.13f1\Editor\Unity.exe
-adb2
-batchMode
-noUpm
-name
AssetImportWorker0
-projectPath
C:/Users/Ken Kobayashi/Desktop/Unity/VRInstrument
-logFile
Logs/AssetImportWorker0.log
-srvPort
49499
Successfully changed project path to: C:/Users/Ken Kobayashi/Desktop/Unity/VRInstrument
C:/Users/Ken Kobayashi/Desktop/Unity/VRInstrument
[UnityMemory] Configuration Parameters - Can be set up in boot.config
    "memorysetup-bucket-allocator-granularity=16"
    "memorysetup-bucket-allocator-bucket-count=8"
    "memorysetup-bucket-allocator-block-size=33554432"
    "memorysetup-bucket-allocator-block-count=8"
    "memorysetup-main-allocator-block-size=16777216"
    "memorysetup-thread-allocator-block-size=16777216"
    "memorysetup-gfx-main-allocator-block-size=16777216"
    "memorysetup-gfx-thread-allocator-block-size=16777216"
    "memorysetup-cache-allocator-block-size=4194304"
    "memorysetup-typetree-allocator-block-size=2097152"
    "memorysetup-profiler-bucket-allocator-granularity=16"
    "memorysetup-profiler-bucket-allocator-bucket-count=8"
    "memorysetup-profiler-bucket-allocator-block-size=33554432"
    "memorysetup-profiler-bucket-allocator-block-count=8"
    "memorysetup-profiler-allocator-block-size=16777216"
    "memorysetup-profiler-editor-allocator-block-size=1048576"
    "memorysetup-temp-allocator-size-main=16777216"
    "memorysetup-job-temp-allocator-block-size=2097152"
    "memorysetup-job-temp-allocator-block-size-background=1048576"
    "memorysetup-job-temp-allocator-reduction-small-platforms=262144"
    "memorysetup-temp-allocator-size-background-worker=32768"
    "memorysetup-temp-allocator-size-job-worker=262144"
    "memorysetup-temp-allocator-size-preload-manager=33554432"
    "memorysetup-temp-allocator-size-nav-mesh-worker=65536"
    "memorysetup-temp-allocator-size-audio-worker=65536"
    "memorysetup-temp-allocator-size-cloud-worker=32768"
    "memorysetup-temp-allocator-size-gi-baking-worker=262144"
    "memorysetup-temp-allocator-size-gfx=262144"
Refreshing native plugins compatible for Editor in 136.65 ms, found 12 plugins.
Preloading 1 native plugins for Editor in 0.72 ms.
Initialize engine version: 2021.3.13f1 (9e7d58001ecf)
[Subsystems] Discovering subsystems at path D:/Unity/2021.3.13f1/Editor/Data/Resources/UnitySubsystems
[Subsystems] Discovering subsystems at path C:/Users/Ken Kobayashi/Desktop/Unity/VRInstrument/Assets
GfxDevice: creating device client; threaded=0; jobified=0
Direct3D:
    Version:  Direct3D 11.0 [level 11.1]
    Renderer: NVIDIA GeForce RTX 2060 (ID=0x1f08)
    Vendor:   NVIDIA
    VRAM:     5968 MB
    Driver:   31.0.15.2824
Initialize mono
Mono path[0] = 'D:/Unity/2021.3.13f1/Editor/Data/Managed'
Mono path[1] = 'D:/Unity/2021.3.13f1/Editor/Data/MonoBleedingEdge/lib/mono/unityjit-win32'
Mono config path = 'D:/Unity/2021.3.13f1/Editor/Data/MonoBleedingEdge/etc'
Using monoOptions --debugger-agent=transport=dt_socket,embedding=1,server=y,suspend=n,address=127.0.0.1:56404
Begin MonoManager ReloadAssembly
Registering precompiled unity dll's ...
Register platform support module: D:/Unity/2021.3.13f1/Editor/Data/PlaybackEngines/AndroidPlayer/UnityEditor.Android.Extensions.dll
Register platform support module: D:/Unity/2021.3.13f1/Editor/Data/PlaybackEngines/WindowsStandaloneSupport/UnityEditor.WindowsStandalone.Extensions.dll
Registered in 0.004332 seconds.
Native extension for WindowsStandalone target not found
Native extension for Android target not found
Refreshing native plugins compatible for Editor in 116.99 ms, found 12 plugins.
Preloading 1 native plugins for Editor in 0.18 ms.
Mono: successfully reloaded assembly
- Completed reload, in  0.799 seconds
Domain Reload Profiling:
	ReloadAssembly (799ms)
		BeginReloadAssembly (85ms)
			ExecutionOrderSort (0ms)
			DisableScriptedObjects (0ms)
			BackupInstance (0ms)
			ReleaseScriptingObjects (0ms)
			CreateAndSetChildDomain (1ms)
		EndReloadAssembly (589ms)
			LoadAssemblies (84ms)
			RebuildTransferFunctionScriptingTraits (0ms)
			SetupTypeCache (127ms)
			ReleaseScriptCaches (0ms)
			RebuildScriptCaches (33ms)
			SetupLoadedEditorAssemblies (366ms)
				LogAssemblyErrors (0ms)
				InitializePlatformSupportModulesInManaged (68ms)
				SetLoadedEditorAssemblies (0ms)
				RefreshPlugins (117ms)
				BeforeProcessingInitializeOnLoad (2ms)
				ProcessInitializeOnLoadAttributes (123ms)
				ProcessInitializeOnLoadMethodAttributes (56ms)
				AfterProcessingInitializeOnLoad (0ms)
				EditorAssembliesLoaded (0ms)
			ExecutionOrderSort2 (0ms)
			AwakeInstancesAfterBackupRestoration (0ms)
Platform modules already initialized, skipping
Registering precompiled user dll's ...
Registered in 0.017301 seconds.
Begin MonoManager ReloadAssembly
Native extension for WindowsStandalone target not found
Native extension for Android target not found
Refreshing native plugins compatible for Editor in 120.03 ms, found 12 plugins.
Preloading 1 native plugins for Editor in 0.11 ms.
Package Manager log level set to [2]
System.Reflection.TargetInvocationException: Exception has been thrown by the target of an invocation. ---> System.NullReferenceException: Object reference not set to an instance of an object
  at Unity.XR.Oculus.OculusLoader.AssetPathToAbsolutePath (System.String assetPath) [0x0003d] in C:\Users\Ken Kobayashi\Desktop\Unity\VRInstrument\Library\PackageCache\com.unity.xr.oculus@3.2.3\Runtime\OculusLoader.cs:296 
  at Unity.XR.Oculus.OculusLoader.EditorLoadOVRPlugin () [0x0007b] in C:\Users\Ken Kobayashi\Desktop\Unity\VRInstrument\Library\PackageCache\com.unity.xr.oculus@3.2.3\Runtime\OculusLoader.cs:281 
  at (wrapper managed-to-native) System.Reflection.RuntimeMethodInfo.InternalInvoke(System.Reflection.RuntimeMethodInfo,object,object[],System.Exception&)
  at System.Reflection.RuntimeMethodInfo.Invoke (System.Object obj, System.Reflection.BindingFlags invokeAttr, System.Reflection.Binder binder, System.Object[] parameters, System.Globalization.CultureInfo culture) [0x0006a] in <c9d3ffd4b98649ee9989e1908eaca019>:0 
   --- End of inner exception stack trace ---
  at System.Reflection.RuntimeMethodInfo.Invoke (System.Object obj, System.Reflection.BindingFlags invokeAttr, System.Reflection.Binder binder, System.Object[] parameters, System.Globalization.CultureInfo culture) [0x00083] in <c9d3ffd4b98649ee9989e1908eaca019>:0 
  at System.Reflection.MethodBase.Invoke (System.Object obj, System.Object[] parameters) [0x00000] in <c9d3ffd4b98649ee9989e1908eaca019>:0 
  at UnityEditor.EditorAssemblies.ProcessInitializeOnLoadMethodAttributes () [0x000a5] in <dc1a47a5816e4be7bc6817ee4d339e75>:0 
UnityEngine.StackTraceUtility:ExtractStackTrace ()
UnityEngine.DebugLogHandler:LogFormat (UnityEngine.LogType,UnityEngine.Object,string,object[])
UnityEngine.Logger:Log (UnityEngine.LogType,object)
UnityEngine.Debug:LogError (object)
UnityEditor.EditorAssemblies:ProcessInitializeOnLoadMethodAttributes ()

Mono: successfully reloaded assembly
- Completed reload, in  1.673 seconds
Domain Reload Profiling:
	ReloadAssembly (1674ms)
		BeginReloadAssembly (227ms)
			ExecutionOrderSort (0ms)
			DisableScriptedObjects (8ms)
			BackupInstance (0ms)
			ReleaseScriptingObjects (0ms)
			CreateAndSetChildDomain (121ms)
		EndReloadAssembly (1304ms)
			LoadAssemblies (108ms)
			RebuildTransferFunctionScriptingTraits (0ms)
			SetupTypeCache (344ms)
			ReleaseScriptCaches (1ms)
			RebuildScriptCaches (76ms)
			SetupLoadedEditorAssemblies (703ms)
				LogAssemblyErrors (0ms)
				InitializePlatformSupportModulesInManaged (14ms)
				SetLoadedEditorAssemblies (0ms)
				RefreshPlugins (120ms)
				BeforeProcessingInitializeOnLoad (125ms)
				ProcessInitializeOnLoadAttributes (390ms)
				ProcessInitializeOnLoadMethodAttributes (49ms)
				AfterProcessingInitializeOnLoad (4ms)
				EditorAssembliesLoaded (0ms)
			ExecutionOrderSort2 (0ms)
			AwakeInstancesAfterBackupRestoration (7ms)
Platform modules already initialized, skipping
========================================================================
Worker process is ready to serve import requests
Launched and connected shader compiler UnityShaderCompiler.exe after 0.05 seconds
Refreshing native plugins compatible for Editor in 1.07 ms, found 12 plugins.
Preloading 1 native plugins for Editor in 0.12 ms.
Unloading 4165 Unused Serialized files (Serialized files now loaded: 0)
Unloading 54 unused Assets / (114.9 KB). Loaded Objects now: 4604.
Memory consumption went from 145.8 MB to 145.7 MB.
Total: 4.096400 ms (FindLiveObjects: 0.372600 ms CreateObjectMapping: 0.117300 ms MarkObjects: 3.457900 ms  DeleteObjects: 0.147400 ms)

AssetImportParameters requested are different than current active one (requested -> active):
  custom:video-decoder-ogg-theora: a1e56fd34408186e4bbccfd4996cb3dc -> 
  custom:container-muxer-webm: aa71ff27fc2769a1b78a27578f13a17b -> 
  custom:container-demuxer-webm: 4f35f7cbe854078d1ac9338744f61a02 -> 
  custom:video-encoder-webm-vp8: eb34c28f22e8b96e1ab97ce403110664 -> 
  custom:audio-encoder-webm-vorbis: bf7c407c2cedff20999df2af8eb42d56 -> 
  custom:framework-win-MediaFoundation: 216162199b28c13a410421893ffa2e32 -> 
  custom:container-demuxer-ogg: 62fdf1f143b41e24485cea50d1cbac27 -> 
  custom:video-decoder-webm-vp8: 9c59270c3fd7afecdb556c50c9e8de78 -> 
  custom:audio-decoder-ogg-vorbis: bf7c407c2cedff20999df2af8eb42d56 -> 
========================================================================
Received Import Request.
  Time since last request: 425807.372691 seconds.
  path: Assets/XR/XRGeneralSettingsPerBuildTarget.asset
  artifactKey: Guid(dfa46868b3f898b47b3b8c4fe402146c) Importer(815301076,1909f56bfc062723c751e8b465ee728b)
Start importing Assets/XR/XRGeneralSettingsPerBuildTarget.asset using Guid(dfa46868b3f898b47b3b8c4fe402146c) Importer(815301076,1909f56bfc062723c751e8b465ee728b)  -> (artifact id: '96c5f53dc00fb91cc343cbf8b17426c3') in 0.052552 seconds 
========================================================================
Received Import Request.
  Time since last request: 5.322826 seconds.
  path: Assets/AutoHand/Examples/Scenes
  artifactKey: Guid(9c4608e4cedd0074497df69655f5f29f) Importer(815301076,1909f56bfc062723c751e8b465ee728b)
Start importing Assets/AutoHand/Examples/Scenes using Guid(9c4608e4cedd0074497df69655f5f29f) Importer(815301076,1909f56bfc062723c751e8b465ee728b)  -> (artifact id: 'b26110fa33c41e15f881fa358add8abd') in 0.008630 seconds 
========================================================================
Received Import Request.
  Time since last request: 1.127355 seconds.
  path: Assets/AutoHand/Examples/Scenes/XR
  artifactKey: Guid(fa95c54f310b9a04cb56e8fea8d54a14) Importer(815301076,1909f56bfc062723c751e8b465ee728b)
Start importing Assets/AutoHand/Examples/Scenes/XR using Guid(fa95c54f310b9a04cb56e8fea8d54a14) Importer(815301076,1909f56bfc062723c751e8b465ee728b)  -> (artifact id: '3086e6e87069c3b7cc216a13d0f6142d') in 0.008551 seconds 
========================================================================
Received Import Request.
  Time since last request: 1.310086 seconds.
  path: Assets/AutoHand/Examples/Scenes/XR/Demo.unity
  artifactKey: Guid(9935fff7a54383d4a8ca954c1411c833) Importer(815301076,1909f56bfc062723c751e8b465ee728b)
Start importing Assets/AutoHand/Examples/Scenes/XR/Demo.unity using Guid(9935fff7a54383d4a8ca954c1411c833) Importer(815301076,1909f56bfc062723c751e8b465ee728b)  -> (artifact id: '385b1d1469024b6b9c1b6779c786738d') in 0.008571 seconds 
========================================================================
Received Prepare
Registering precompiled user dll's ...
Registered in 0.017801 seconds.
Begin MonoManager ReloadAssembly
Native extension for WindowsStandalone target not found
Native extension for Android target not found
Refreshing native plugins compatible for Editor in 1.24 ms, found 12 plugins.
Preloading 1 native plugins for Editor in 0.16 ms.
System.Reflection.TargetInvocationException: Exception has been thrown by the target of an invocation. ---> System.NullReferenceException: Object reference not set to an instance of an object
  at Unity.XR.Oculus.OculusLoader.AssetPathToAbsolutePath (System.String assetPath) [0x0003d] in C:\Users\Ken Kobayashi\Desktop\Unity\VRInstrument\Library\PackageCache\com.unity.xr.oculus@3.2.3\Runtime\OculusLoader.cs:296 
  at Unity.XR.Oculus.OculusLoader.EditorLoadOVRPlugin () [0x0007b] in C:\Users\Ken Kobayashi\Desktop\Unity\VRInstrument\Library\PackageCache\com.unity.xr.oculus@3.2.3\Runtime\OculusLoader.cs:281 
  at (wrapper managed-to-native) System.Reflection.RuntimeMethodInfo.InternalInvoke(System.Reflection.RuntimeMethodInfo,object,object[],System.Exception&)
  at System.Reflection.RuntimeMethodInfo.Invoke (System.Object obj, System.Reflection.BindingFlags invokeAttr, System.Reflection.Binder binder, System.Object[] parameters, System.Globalization.CultureInfo culture) [0x0006a] in <c9d3ffd4b98649ee9989e1908eaca019>:0 
   --- End of inner exception stack trace ---
  at System.Reflection.RuntimeMethodInfo.Invoke (System.Object obj, System.Reflection.BindingFlags invokeAttr, System.Reflection.Binder binder, System.Object[] parameters, System.Globalization.CultureInfo culture) [0x00083] in <c9d3ffd4b98649ee9989e1908eaca019>:0 
  at System.Reflection.MethodBase.Invoke (System.Object obj, System.Object[] parameters) [0x00000] in <c9d3ffd4b98649ee9989e1908eaca019>:0 
  at UnityEditor.EditorAssemblies.ProcessInitializeOnLoadMethodAttributes () [0x000a5] in <dc1a47a5816e4be7bc6817ee4d339e75>:0 
UnityEngine.StackTraceUtility:ExtractStackTrace ()
UnityEngine.DebugLogHandler:LogFormat (UnityEngine.LogType,UnityEngine.Object,string,object[])
UnityEngine.Logger:Log (UnityEngine.LogType,object)
UnityEngine.Debug:LogError (object)
UnityEditor.EditorAssemblies:ProcessInitializeOnLoadMethodAttributes ()

Mono: successfully reloaded assembly
- Completed reload, in  1.471 seconds
Domain Reload Profiling:
	ReloadAssembly (1474ms)
		BeginReloadAssembly (162ms)
			ExecutionOrderSort (0ms)
			DisableScriptedObjects (6ms)
			BackupInstance (0ms)
			ReleaseScriptingObjects (0ms)
			CreateAndSetChildDomain (42ms)
		EndReloadAssembly (1194ms)
			LoadAssemblies (117ms)
			RebuildTransferFunctionScriptingTraits (0ms)
			SetupTypeCache (336ms)
			ReleaseScriptCaches (1ms)
			RebuildScriptCaches (58ms)
			SetupLoadedEditorAssemblies (589ms)
				LogAssemblyErrors (0ms)
				InitializePlatformSupportModulesInManaged (24ms)
				SetLoadedEditorAssemblies (1ms)
				RefreshPlugins (2ms)
				BeforeProcessingInitializeOnLoad (89ms)
				ProcessInitializeOnLoadAttributes (389ms)
				ProcessInitializeOnLoadMethodAttributes (78ms)
				AfterProcessingInitializeOnLoad (5ms)
				EditorAssembliesLoaded (0ms)
			ExecutionOrderSort2 (0ms)
			AwakeInstancesAfterBackupRestoration (9ms)
Platform modules already initialized, skipping
Refreshing native plugins compatible for Editor in 9.58 ms, found 12 plugins.
Preloading 1 native plugins for Editor in 0.14 ms.
Unloading 4150 Unused Serialized files (Serialized files now loaded: 0)
Unloading 55 unused Assets / (0.5 MB). Loaded Objects now: 4609.
Memory consumption went from 146.7 MB to 146.2 MB.
Total: 4.497600 ms (FindLiveObjects: 0.376300 ms CreateObjectMapping: 0.108000 ms MarkObjects: 3.653900 ms  DeleteObjects: 0.357900 ms)

AssetImportParameters requested are different than current active one (requested -> active):
  custom:video-decoder-ogg-theora: a1e56fd34408186e4bbccfd4996cb3dc -> 
  custom:container-muxer-webm: aa71ff27fc2769a1b78a27578f13a17b -> 
  custom:container-demuxer-webm: 4f35f7cbe854078d1ac9338744f61a02 -> 
  custom:video-encoder-webm-vp8: eb34c28f22e8b96e1ab97ce403110664 -> 
  custom:audio-encoder-webm-vorbis: bf7c407c2cedff20999df2af8eb42d56 -> 
  custom:framework-win-MediaFoundation: 216162199b28c13a410421893ffa2e32 -> 
  custom:container-demuxer-ogg: 62fdf1f143b41e24485cea50d1cbac27 -> 
  custom:video-decoder-webm-vp8: 9c59270c3fd7afecdb556c50c9e8de78 -> 
  custom:audio-decoder-ogg-vorbis: bf7c407c2cedff20999df2af8eb42d56 -> 
========================================================================
Received Import Request.
  Time since last request: 59.867766 seconds.
  path: Assets/AutoHand/Examples/Scenes/OpenXR/Auto Hand.inputactions
  artifactKey: Guid(ea9500ae32862c949b420c59682d02ed) Importer(815301076,1909f56bfc062723c751e8b465ee728b)
Start importing Assets/AutoHand/Examples/Scenes/OpenXR/Auto Hand.inputactions using Guid(ea9500ae32862c949b420c59682d02ed) Importer(815301076,1909f56bfc062723c751e8b465ee728b)  -> (artifact id: '6771d4884405e09fef4f747757c82373') in 0.036103 seconds 
========================================================================
Received Prepare
Registering precompiled user dll's ...
Registered in 0.018313 seconds.
Begin MonoManager ReloadAssembly
Native extension for WindowsStandalone target not found
Native extension for Android target not found
Refreshing native plugins compatible for Editor in 1.18 ms, found 12 plugins.
Preloading 1 native plugins for Editor in 0.16 ms.
System.Reflection.TargetInvocationException: Exception has been thrown by the target of an invocation. ---> System.NullReferenceException: Object reference not set to an instance of an object
  at Unity.XR.Oculus.OculusLoader.AssetPathToAbsolutePath (System.String assetPath) [0x0003d] in C:\Users\Ken Kobayashi\Desktop\Unity\VRInstrument\Library\PackageCache\com.unity.xr.oculus@3.2.3\Runtime\OculusLoader.cs:296 
  at Unity.XR.Oculus.OculusLoader.EditorLoadOVRPlugin () [0x0007b] in C:\Users\Ken Kobayashi\Desktop\Unity\VRInstrument\Library\PackageCache\com.unity.xr.oculus@3.2.3\Runtime\OculusLoader.cs:281 
  at (wrapper managed-to-native) System.Reflection.RuntimeMethodInfo.InternalInvoke(System.Reflection.RuntimeMethodInfo,object,object[],System.Exception&)
  at System.Reflection.RuntimeMethodInfo.Invoke (System.Object obj, System.Reflection.BindingFlags invokeAttr, System.Reflection.Binder binder, System.Object[] parameters, System.Globalization.CultureInfo culture) [0x0006a] in <c9d3ffd4b98649ee9989e1908eaca019>:0 
   --- End of inner exception stack trace ---
  at System.Reflection.RuntimeMethodInfo.Invoke (System.Object obj, System.Reflection.BindingFlags invokeAttr, System.Reflection.Binder binder, System.Object[] parameters, System.Globalization.CultureInfo culture) [0x00083] in <c9d3ffd4b98649ee9989e1908eaca019>:0 
  at System.Reflection.MethodBase.Invoke (System.Object obj, System.Object[] parameters) [0x00000] in <c9d3ffd4b98649ee9989e1908eaca019>:0 
  at UnityEditor.EditorAssemblies.ProcessInitializeOnLoadMethodAttributes () [0x000a5] in <dc1a47a5816e4be7bc6817ee4d339e75>:0 
UnityEngine.StackTraceUtility:ExtractStackTrace ()
UnityEngine.DebugLogHandler:LogFormat (UnityEngine.LogType,UnityEngine.Object,string,object[])
UnityEngine.Logger:Log (UnityEngine.LogType,object)
UnityEngine.Debug:LogError (object)
UnityEditor.EditorAssemblies:ProcessInitializeOnLoadMethodAttributes ()

Mono: successfully reloaded assembly
- Completed reload, in  1.365 seconds
Domain Reload Profiling:
	ReloadAssembly (1367ms)
		BeginReloadAssembly (158ms)
			ExecutionOrderSort (0ms)
			DisableScriptedObjects (6ms)
			BackupInstance (0ms)
			ReleaseScriptingObjects (0ms)
			CreateAndSetChildDomain (43ms)
		EndReloadAssembly (1087ms)
			LoadAssemblies (116ms)
			RebuildTransferFunctionScriptingTraits (0ms)
			SetupTypeCache (339ms)
			ReleaseScriptCaches (1ms)
			RebuildScriptCaches (61ms)
			SetupLoadedEditorAssemblies (492ms)
				LogAssemblyErrors (0ms)
				InitializePlatformSupportModulesInManaged (25ms)
				SetLoadedEditorAssemblies (1ms)
				RefreshPlugins (1ms)
				BeforeProcessingInitializeOnLoad (90ms)
				ProcessInitializeOnLoadAttributes (321ms)
				ProcessInitializeOnLoadMethodAttributes (50ms)
				AfterProcessingInitializeOnLoad (4ms)
				EditorAssembliesLoaded (0ms)
			ExecutionOrderSort2 (0ms)
			AwakeInstancesAfterBackupRestoration (7ms)
Platform modules already initialized, skipping
Refreshing native plugins compatible for Editor in 8.86 ms, found 12 plugins.
Preloading 1 native plugins for Editor in 0.11 ms.
Unloading 4150 Unused Serialized files (Serialized files now loaded: 0)
Unloading 55 unused Assets / (0.5 MB). Loaded Objects now: 4613.
Memory consumption went from 146.7 MB to 146.2 MB.
Total: 4.474200 ms (FindLiveObjects: 0.372600 ms CreateObjectMapping: 0.138800 ms MarkObjects: 3.560700 ms  DeleteObjects: 0.401000 ms)

AssetImportParameters requested are different than current active one (requested -> active):
  custom:video-decoder-ogg-theora: a1e56fd34408186e4bbccfd4996cb3dc -> 
  custom:container-muxer-webm: aa71ff27fc2769a1b78a27578f13a17b -> 
  custom:container-demuxer-webm: 4f35f7cbe854078d1ac9338744f61a02 -> 
  custom:video-encoder-webm-vp8: eb34c28f22e8b96e1ab97ce403110664 -> 
  custom:audio-encoder-webm-vorbis: bf7c407c2cedff20999df2af8eb42d56 -> 
  custom:framework-win-MediaFoundation: 216162199b28c13a410421893ffa2e32 -> 
  custom:container-demuxer-ogg: 62fdf1f143b41e24485cea50d1cbac27 -> 
  custom:video-decoder-webm-vp8: 9c59270c3fd7afecdb556c50c9e8de78 -> 
  custom:audio-decoder-ogg-vorbis: bf7c407c2cedff20999df2af8eb42d56 -> 
========================================================================
Received Import Request.
  Time since last request: 676.868249 seconds.
  path: Assets/BrokenVector/LowPolyDungeon
  artifactKey: Guid(fe75cbfbde034104291466020cdefc8f) Importer(815301076,1909f56bfc062723c751e8b465ee728b)
Start importing Assets/BrokenVector/LowPolyDungeon using Guid(fe75cbfbde034104291466020cdefc8f) Importer(815301076,1909f56bfc062723c751e8b465ee728b)  -> (artifact id: '75a360bfcb818d0198aeff049f71b2c3') in 0.018148 seconds 
========================================================================
Received Import Request.
  Time since last request: 2.508248 seconds.
  path: Assets/BrokenVector/LowPolyDungeon/Demo Scenes
  artifactKey: Guid(5345ca62beb9b8243a2e9dbb3c184916) Importer(815301076,1909f56bfc062723c751e8b465ee728b)
Start importing Assets/BrokenVector/LowPolyDungeon/Demo Scenes using Guid(5345ca62beb9b8243a2e9dbb3c184916) Importer(815301076,1909f56bfc062723c751e8b465ee728b)  -> (artifact id: '877378ec026bdaf27286411844538f40') in 0.014434 seconds 
========================================================================
Received Import Request.
  Time since last request: 0.001578 seconds.
  path: Assets/BrokenVector/LowPolyDungeon/Demo Scenes/Player.prefab
  artifactKey: Guid(9dd8a3227dc0aa84099496d08718ad7b) Importer(815301076,1909f56bfc062723c751e8b465ee728b)
Start importing Assets/BrokenVector/LowPolyDungeon/Demo Scenes/Player.prefab using Guid(9dd8a3227dc0aa84099496d08718ad7b) Importer(815301076,1909f56bfc062723c751e8b465ee728b)  -> (artifact id: '75af232a2a20a909ce511e91df2ce7c8') in 0.363565 seconds 
========================================================================
Received Import Request.
  Time since last request: 0.400491 seconds.
  path: Assets/BrokenVector/LowPolyDungeon/Demo Scenes/Dungeon_Demo.unity
  artifactKey: Guid(b94ee59f12f411f488e6df197429e012) Importer(815301076,1909f56bfc062723c751e8b465ee728b)
Start importing Assets/BrokenVector/LowPolyDungeon/Demo Scenes/Dungeon_Demo.unity using Guid(b94ee59f12f411f488e6df197429e012) Importer(815301076,1909f56bfc062723c751e8b465ee728b)  -> (artifact id: '251978f686fe24baf64d9eadcd7aa9c7') in 0.009243 seconds 
========================================================================
Received Import Request.
  Time since last request: 109.652521 seconds.
  path: Assets/BrokenVector/LowPolyDungeon/Demo Scenes/Dungeon_Demo
  artifactKey: Guid(d2909b84425fe404d981c4c530214051) Importer(815301076,1909f56bfc062723c751e8b465ee728b)
Start importing Assets/BrokenVector/LowPolyDungeon/Demo Scenes/Dungeon_Demo using Guid(d2909b84425fe404d981c4c530214051) Importer(815301076,1909f56bfc062723c751e8b465ee728b)  -> (artifact id: '21a4c28864dc80458b2232181f0ed2ed') in 0.011684 seconds 
========================================================================
Received Import Request.
  Time since last request: 2.999124 seconds.
  path: Assets/BrokenVector/LowPolyDungeon/Models
  artifactKey: Guid(7ce3730c24da2af4690c07144e2e819e) Importer(815301076,1909f56bfc062723c751e8b465ee728b)
Start importing Assets/BrokenVector/LowPolyDungeon/Models using Guid(7ce3730c24da2af4690c07144e2e819e) Importer(815301076,1909f56bfc062723c751e8b465ee728b)  -> (artifact id: '860ceefbb2e182c8a4947b791f1026eb') in 0.010647 seconds 
========================================================================
Received Import Request.
  Time since last request: 1.328831 seconds.
  path: Assets/BrokenVector/LowPolyDungeon/Models/Clutter
  artifactKey: Guid(7534bd1358c16b74f88d534eb094290a) Importer(815301076,1909f56bfc062723c751e8b465ee728b)
Start importing Assets/BrokenVector/LowPolyDungeon/Models/Clutter using Guid(7534bd1358c16b74f88d534eb094290a) Importer(815301076,1909f56bfc062723c751e8b465ee728b)  -> (artifact id: '9925bd24f98572daf48b7b31ef00541b') in 0.009811 seconds 
========================================================================
Received Import Request.
  Time since last request: 0.822261 seconds.
  path: Assets/BrokenVector/LowPolyDungeon/Models/Furniture
  artifactKey: Guid(cf3919ccebb4c8443b08fdbd1686ec54) Importer(815301076,1909f56bfc062723c751e8b465ee728b)
Start importing Assets/BrokenVector/LowPolyDungeon/Models/Furniture using Guid(cf3919ccebb4c8443b08fdbd1686ec54) Importer(815301076,1909f56bfc062723c751e8b465ee728b)  -> (artifact id: '4d79d89c7e56b5fef8bf8cb40af22634') in 0.009801 seconds 
========================================================================
Received Import Request.
  Time since last request: 1.461002 seconds.
  path: Assets/BrokenVector/LowPolyDungeon/Models/Lamps
  artifactKey: Guid(70ba4767f674f214093e4abe47bef482) Importer(815301076,1909f56bfc062723c751e8b465ee728b)
Start importing Assets/BrokenVector/LowPolyDungeon/Models/Lamps using Guid(70ba4767f674f214093e4abe47bef482) Importer(815301076,1909f56bfc062723c751e8b465ee728b)  -> (artifact id: 'a384d54931d351af27873ab5e9b4359a') in 0.008957 seconds 
========================================================================
Received Import Request.
  Time since last request: 0.664480 seconds.
  path: Assets/BrokenVector/LowPolyDungeon/Models/Tiles
  artifactKey: Guid(ecddd2fc0fe73314fa13753a9372c1aa) Importer(815301076,1909f56bfc062723c751e8b465ee728b)
Start importing Assets/BrokenVector/LowPolyDungeon/Models/Tiles using Guid(ecddd2fc0fe73314fa13753a9372c1aa) Importer(815301076,1909f56bfc062723c751e8b465ee728b)  -> (artifact id: '9bafeb49dc944b959a0f8c4dceff4fb9') in 0.009881 seconds 
========================================================================
Received Import Request.
  Time since last request: 0.941479 seconds.
  path: Assets/BrokenVector/LowPolyDungeon/Models/Furniture/Amphora_Stand.fbx
  artifactKey: Guid(e21b6c9b113d50a4b865c5a99ce0a58e) Importer(815301076,1909f56bfc062723c751e8b465ee728b)
Start importing Assets/BrokenVector/LowPolyDungeon/Models/Furniture/Amphora_Stand.fbx using Guid(e21b6c9b113d50a4b865c5a99ce0a58e) Importer(815301076,1909f56bfc062723c751e8b465ee728b)  -> (artifact id: '18d959fa65752f35a55b86f618da08b1') in 0.419756 seconds 
========================================================================
Received Import Request.
  Time since last request: 0.000032 seconds.
  path: Assets/BrokenVector/LowPolyDungeon/Models/Furniture/Chair.fbx
  artifactKey: Guid(196b5a548621de443976c8d3e69c75e4) Importer(815301076,1909f56bfc062723c751e8b465ee728b)
Start importing Assets/BrokenVector/LowPolyDungeon/Models/Furniture/Chair.fbx using Guid(196b5a548621de443976c8d3e69c75e4) Importer(815301076,1909f56bfc062723c751e8b465ee728b)  -> (artifact id: 'cc80268b6199b45a8d108310d61edbab') in 0.237228 seconds 
========================================================================
Received Import Request.
  Time since last request: 0.000047 seconds.
  path: Assets/BrokenVector/LowPolyDungeon/Models/Furniture/Chest.fbx
  artifactKey: Guid(1bf63c0899d49114e9e0a11b3dbb5187) Importer(815301076,1909f56bfc062723c751e8b465ee728b)
Start importing Assets/BrokenVector/LowPolyDungeon/Models/Furniture/Chest.fbx using Guid(1bf63c0899d49114e9e0a11b3dbb5187) Importer(815301076,1909f56bfc062723c751e8b465ee728b)  -> (artifact id: '0fbb3002986cdcd281cfcf32e91c84ee') in 0.033480 seconds 
========================================================================
Received Import Request.
  Time since last request: 0.000029 seconds.
  path: Assets/BrokenVector/LowPolyDungeon/Models/Furniture/Oven.fbx
  artifactKey: Guid(df0057aca4620334d83ecb9ea6af2f58) Importer(815301076,1909f56bfc062723c751e8b465ee728b)
Start importing Assets/BrokenVector/LowPolyDungeon/Models/Furniture/Oven.fbx using Guid(df0057aca4620334d83ecb9ea6af2f58) Importer(815301076,1909f56bfc062723c751e8b465ee728b)  -> (artifact id: '58fb91bb42dd97de20731c04b269e53e') in 0.038669 seconds 
========================================================================
Received Import Request.
  Time since last request: 0.000040 seconds.
  path: Assets/BrokenVector/LowPolyDungeon/Models/Furniture/Fireplace.fbx
  artifactKey: Guid(6ed8baf2e73423e46aa82a481016b6b3) Importer(815301076,1909f56bfc062723c751e8b465ee728b)
Start importing Assets/BrokenVector/LowPolyDungeon/Models/Furniture/Fireplace.fbx using Guid(6ed8baf2e73423e46aa82a481016b6b3) Importer(815301076,1909f56bfc062723c751e8b465ee728b)  -> (artifact id: 'c2209c4a96314a7c3ac1faf1af9b5555') in 0.040718 seconds 
========================================================================
Received Import Request.
  Time since last request: 0.000032 seconds.
  path: Assets/BrokenVector/LowPolyDungeon/Models/Furniture/WeaponRack_Big.fbx
  artifactKey: Guid(5a3630cf5f3e0b7489e748180d9a081a) Importer(815301076,1909f56bfc062723c751e8b465ee728b)
Start importing Assets/BrokenVector/LowPolyDungeon/Models/Furniture/WeaponRack_Big.fbx using Guid(5a3630cf5f3e0b7489e748180d9a081a) Importer(815301076,1909f56bfc062723c751e8b465ee728b)  -> (artifact id: 'a59371482a26b8db617b222d03c1d981') in 0.035555 seconds 
========================================================================
Received Import Request.
  Time since last request: 0.000032 seconds.
  path: Assets/BrokenVector/LowPolyDungeon/Models/Furniture/CoatHook.fbx
  artifactKey: Guid(3ccb0977f789b7d42a354aaecafd75a7) Importer(815301076,1909f56bfc062723c751e8b465ee728b)
Start importing Assets/BrokenVector/LowPolyDungeon/Models/Furniture/CoatHook.fbx using Guid(3ccb0977f789b7d42a354aaecafd75a7) Importer(815301076,1909f56bfc062723c751e8b465ee728b)  -> (artifact id: '08977dc7e7552c7c3daac5f7d1bb462e') in 0.042490 seconds 
========================================================================
Received Import Request.
  Time since last request: 0.000044 seconds.
  path: Assets/BrokenVector/LowPolyDungeon/Models/Furniture/Shelf_Wall.fbx
  artifactKey: Guid(2635c774666268e47b7d059c5f4ebbd9) Importer(815301076,1909f56bfc062723c751e8b465ee728b)
Start importing Assets/BrokenVector/LowPolyDungeon/Models/Furniture/Shelf_Wall.fbx using Guid(2635c774666268e47b7d059c5f4ebbd9) Importer(815301076,1909f56bfc062723c751e8b465ee728b)  -> (artifact id: '8e766e4e5e33e412eabebd83ccfbbca1') in 0.037521 seconds 
========================================================================
Received Import Request.
  Time since last request: 0.000060 seconds.
  path: Assets/BrokenVector/LowPolyDungeon/Models/Furniture/Table_Big.fbx
  artifactKey: Guid(f82b9f16845dc9b419151a2519c758f8) Importer(815301076,1909f56bfc062723c751e8b465ee728b)
Start importing Assets/BrokenVector/LowPolyDungeon/Models/Furniture/Table_Big.fbx using Guid(f82b9f16845dc9b419151a2519c758f8) Importer(815301076,1909f56bfc062723c751e8b465ee728b)  -> (artifact id: 'e8b9465536ef84b3a948e6e80ec6b383') in 0.038271 seconds 
========================================================================
Received Import Request.
  Time since last request: 0.000045 seconds.
  path: Assets/BrokenVector/LowPolyDungeon/Models/Furniture/Shelf.fbx
  artifactKey: Guid(36e948af173868141a822ed806b581c0) Importer(815301076,1909f56bfc062723c751e8b465ee728b)
Start importing Assets/BrokenVector/LowPolyDungeon/Models/Furniture/Shelf.fbx using Guid(36e948af173868141a822ed806b581c0) Importer(815301076,1909f56bfc062723c751e8b465ee728b)  -> (artifact id: '4f65fa20706ccda43b6191df1088a578') in 0.033960 seconds 
========================================================================
Received Import Request.
  Time since last request: 0.000093 seconds.
  path: Assets/BrokenVector/LowPolyDungeon/Models/Furniture/Stool_round.fbx
  artifactKey: Guid(2fecc0ac19ff3de449e712fce3335198) Importer(815301076,1909f56bfc062723c751e8b465ee728b)
Start importing Assets/BrokenVector/LowPolyDungeon/Models/Furniture/Stool_round.fbx using Guid(2fecc0ac19ff3de449e712fce3335198) Importer(815301076,1909f56bfc062723c751e8b465ee728b)  -> (artifact id: '7d23b411be8aa1daf573d3ff530f63c9') in 0.037281 seconds 
========================================================================
Received Import Request.
  Time since last request: 0.000043 seconds.
  path: Assets/BrokenVector/LowPolyDungeon/Models/Furniture/Bench.fbx
  artifactKey: Guid(aa574de3686174c48a61ce1af575a075) Importer(815301076,1909f56bfc062723c751e8b465ee728b)
Start importing Assets/BrokenVector/LowPolyDungeon/Models/Furniture/Bench.fbx using Guid(aa574de3686174c48a61ce1af575a075) Importer(815301076,1909f56bfc062723c751e8b465ee728b)  -> (artifact id: '66e8e6698a92ab9524f1ccda8712f7d7') in 0.039617 seconds 
========================================================================
Received Import Request.
  Time since last request: 0.000082 seconds.
  path: Assets/BrokenVector/LowPolyDungeon/Models/Furniture/Throne.fbx
  artifactKey: Guid(5733f9122e42eac43a5c2fe88ce50d79) Importer(815301076,1909f56bfc062723c751e8b465ee728b)
Start importing Assets/BrokenVector/LowPolyDungeon/Models/Furniture/Throne.fbx using Guid(5733f9122e42eac43a5c2fe88ce50d79) Importer(815301076,1909f56bfc062723c751e8b465ee728b)  -> (artifact id: '1ddd18d729aa7e1a43be4fcd9b2dd297') in 0.039555 seconds 
========================================================================
Received Import Request.
  Time since last request: 0.000039 seconds.
  path: Assets/BrokenVector/LowPolyDungeon/Models/Furniture/Barrel_Closed.fbx
  artifactKey: Guid(218dd31f4c623bf42b57997c3b9f32f8) Importer(815301076,1909f56bfc062723c751e8b465ee728b)
Start importing Assets/BrokenVector/LowPolyDungeon/Models/Furniture/Barrel_Closed.fbx using Guid(218dd31f4c623bf42b57997c3b9f32f8) Importer(815301076,1909f56bfc062723c751e8b465ee728b)  -> (artifact id: 'bd24cbbda45e9f852b364d1a88f01249') in 0.037449 seconds 
========================================================================
Received Import Request.
  Time since last request: 0.000051 seconds.
  path: Assets/BrokenVector/LowPolyDungeon/Models/Furniture/WeaponRack_Small.fbx
  artifactKey: Guid(43dd9523f76f5d4448be24e15c4a347c) Importer(815301076,1909f56bfc062723c751e8b465ee728b)
Start importing Assets/BrokenVector/LowPolyDungeon/Models/Furniture/WeaponRack_Small.fbx using Guid(43dd9523f76f5d4448be24e15c4a347c) Importer(815301076,1909f56bfc062723c751e8b465ee728b)  -> (artifact id: '2b66d663bda7d10eb951ceff4cdf6b39') in 0.032832 seconds 
========================================================================
Received Import Request.
  Time since last request: 0.000026 seconds.
  path: Assets/BrokenVector/LowPolyDungeon/Models/Furniture/ChestSmall_Lid.fbx
  artifactKey: Guid(b51d8a270324c344fbb47301c11f3cf5) Importer(815301076,1909f56bfc062723c751e8b465ee728b)
Start importing Assets/BrokenVector/LowPolyDungeon/Models/Furniture/ChestSmall_Lid.fbx using Guid(b51d8a270324c344fbb47301c11f3cf5) Importer(815301076,1909f56bfc062723c751e8b465ee728b)  -> (artifact id: 'bc225103a3bbc6f46f18df87d35f99e5') in 0.035481 seconds 
========================================================================
Received Import Request.
  Time since last request: 0.000036 seconds.
  path: Assets/BrokenVector/LowPolyDungeon/Models/Furniture/Carpet_Green.fbx
  artifactKey: Guid(2db4b38c5968c334ba9ebd8d33dda174) Importer(815301076,1909f56bfc062723c751e8b465ee728b)
Start importing Assets/BrokenVector/LowPolyDungeon/Models/Furniture/Carpet_Green.fbx using Guid(2db4b38c5968c334ba9ebd8d33dda174) Importer(815301076,1909f56bfc062723c751e8b465ee728b)  -> (artifact id: '600a0a33758a1759d28593ebeebcd50b') in 0.029704 seconds 
========================================================================
Received Import Request.
  Time since last request: 0.000037 seconds.
  path: Assets/BrokenVector/LowPolyDungeon/Models/Furniture/Stool_square.fbx
  artifactKey: Guid(6a987db90277a804ca12763b4edaac0d) Importer(815301076,1909f56bfc062723c751e8b465ee728b)
Start importing Assets/BrokenVector/LowPolyDungeon/Models/Furniture/Stool_square.fbx using Guid(6a987db90277a804ca12763b4edaac0d) Importer(815301076,1909f56bfc062723c751e8b465ee728b)  -> (artifact id: '0e678a26b6a125f39446c8174acc66e6') in 0.027203 seconds 
========================================================================
Received Import Request.
  Time since last request: 4.352247 seconds.
  path: Assets/BrokenVector/LowPolyDungeon/Models/Clutter/Amphora.fbx
  artifactKey: Guid(b9a1c0a49b015804e83705d2e66fa591) Importer(815301076,1909f56bfc062723c751e8b465ee728b)
Start importing Assets/BrokenVector/LowPolyDungeon/Models/Clutter/Amphora.fbx using Guid(b9a1c0a49b015804e83705d2e66fa591) Importer(815301076,1909f56bfc062723c751e8b465ee728b)  -> (artifact id: '8dc100c375f8e296f7dda732a90a44d5') in 0.025281 seconds 
========================================================================
Received Import Request.
  Time since last request: 0.005613 seconds.
  path: Assets/BrokenVector/LowPolyDungeon/Models/Clutter/Jar_Big.fbx
  artifactKey: Guid(b7e1480ce257ecf43ab1570081afc3c0) Importer(815301076,1909f56bfc062723c751e8b465ee728b)
Start importing Assets/BrokenVector/LowPolyDungeon/Models/Clutter/Jar_Big.fbx using Guid(b7e1480ce257ecf43ab1570081afc3c0) Importer(815301076,1909f56bfc062723c751e8b465ee728b)  -> (artifact id: '7a2bc9b10f1d7772b4bfad03bc60b50a') in 0.647456 seconds 
========================================================================
Received Import Request.
  Time since last request: 0.000070 seconds.
  path: Assets/BrokenVector/LowPolyDungeon/Models/Clutter/Book_Big_Red.fbx
  artifactKey: Guid(ca50010b0ae6b8f4c94725ca828dc68f) Importer(815301076,1909f56bfc062723c751e8b465ee728b)
Start importing Assets/BrokenVector/LowPolyDungeon/Models/Clutter/Book_Big_Red.fbx using Guid(ca50010b0ae6b8f4c94725ca828dc68f) Importer(815301076,1909f56bfc062723c751e8b465ee728b)  -> (artifact id: '23a420992543a369cd480a900e4a6dea') in 0.037465 seconds 
========================================================================
Received Import Request.
  Time since last request: 0.000051 seconds.
  path: Assets/BrokenVector/LowPolyDungeon/Models/Clutter/Flask_Small.fbx
  artifactKey: Guid(227bb45ed71e6694d82c6e560b269325) Importer(815301076,1909f56bfc062723c751e8b465ee728b)
Start importing Assets/BrokenVector/LowPolyDungeon/Models/Clutter/Flask_Small.fbx using Guid(227bb45ed71e6694d82c6e560b269325) Importer(815301076,1909f56bfc062723c751e8b465ee728b)  -> (artifact id: 'e092f18b3c6a2d1a2e36e97a974d6d77') in 0.030818 seconds 
========================================================================
Received Import Request.
  Time since last request: 0.000039 seconds.
  path: Assets/BrokenVector/LowPolyDungeon/Models/Clutter/Goblet.fbx
  artifactKey: Guid(70f89a7157d12f24faa9cc7887dea3af) Importer(815301076,1909f56bfc062723c751e8b465ee728b)
Start importing Assets/BrokenVector/LowPolyDungeon/Models/Clutter/Goblet.fbx using Guid(70f89a7157d12f24faa9cc7887dea3af) Importer(815301076,1909f56bfc062723c751e8b465ee728b)  -> (artifact id: '3786804b045bf68ee00a2e99c536f2aa') in 0.033292 seconds 
========================================================================
Received Import Request.
  Time since last request: 0.000039 seconds.
  path: Assets/BrokenVector/LowPolyDungeon/Models/Clutter/Drinkinghorn.fbx
  artifactKey: Guid(bff0d08e50f52a145bc100bcf4c67b33) Importer(815301076,1909f56bfc062723c751e8b465ee728b)
Start importing Assets/BrokenVector/LowPolyDungeon/Models/Clutter/Drinkinghorn.fbx using Guid(bff0d08e50f52a145bc100bcf4c67b33) Importer(815301076,1909f56bfc062723c751e8b465ee728b)  -> (artifact id: '07ee937427933cd7adfd29cc1ea5bf52') in 0.031364 seconds 
========================================================================
Received Import Request.
  Time since last request: 0.000036 seconds.
  path: Assets/BrokenVector/LowPolyDungeon/Models/Clutter/CrystalBall_Stand.fbx
  artifactKey: Guid(202d822c8af712b4ebc5790fc0111392) Importer(815301076,1909f56bfc062723c751e8b465ee728b)
Start importing Assets/BrokenVector/LowPolyDungeon/Models/Clutter/CrystalBall_Stand.fbx using Guid(202d822c8af712b4ebc5790fc0111392) Importer(815301076,1909f56bfc062723c751e8b465ee728b)  -> (artifact id: '8acc88c1f4513a14f60e4345e32c3336') in 0.027966 seconds 
========================================================================
Received Import Request.
  Time since last request: 0.000035 seconds.
  path: Assets/BrokenVector/LowPolyDungeon/Models/Clutter/Cauldron_Empty.fbx
  artifactKey: Guid(0b6871c7b1cb6a244a438bb3ba423e06) Importer(815301076,1909f56bfc062723c751e8b465ee728b)
Start importing Assets/BrokenVector/LowPolyDungeon/Models/Clutter/Cauldron_Empty.fbx using Guid(0b6871c7b1cb6a244a438bb3ba423e06) Importer(815301076,1909f56bfc062723c751e8b465ee728b)  -> (artifact id: 'e07d8885e4105ccdbbeca5f32a9e390b') in 0.028477 seconds 
========================================================================
Received Import Request.
  Time since last request: 0.000034 seconds.
  path: Assets/BrokenVector/LowPolyDungeon/Models/Clutter/Knife.fbx
  artifactKey: Guid(122018831a92b5f49a92b2094a4062d0) Importer(815301076,1909f56bfc062723c751e8b465ee728b)
Start importing Assets/BrokenVector/LowPolyDungeon/Models/Clutter/Knife.fbx using Guid(122018831a92b5f49a92b2094a4062d0) Importer(815301076,1909f56bfc062723c751e8b465ee728b)  -> (artifact id: '1833bf38815f500b45b0e89663489862') in 0.030389 seconds 
========================================================================
Received Import Request.
  Time since last request: 0.000040 seconds.
  path: Assets/BrokenVector/LowPolyDungeon/Models/Clutter/Mug.fbx
  artifactKey: Guid(882cf729cef5a2e4ab2a057cb8072a5d) Importer(815301076,1909f56bfc062723c751e8b465ee728b)
Start importing Assets/BrokenVector/LowPolyDungeon/Models/Clutter/Mug.fbx using Guid(882cf729cef5a2e4ab2a057cb8072a5d) Importer(815301076,1909f56bfc062723c751e8b465ee728b)  -> (artifact id: 'c531eaff9e6a5c9fb42c96097748bbdb') in 0.027564 seconds 
========================================================================
Received Import Request.
  Time since last request: 0.000030 seconds.
  path: Assets/BrokenVector/LowPolyDungeon/Models/Clutter/Scroll_Big.fbx
  artifactKey: Guid(1da1c0220f154654db607bfbdae2c3bd) Importer(815301076,1909f56bfc062723c751e8b465ee728b)
Start importing Assets/BrokenVector/LowPolyDungeon/Models/Clutter/Scroll_Big.fbx using Guid(1da1c0220f154654db607bfbdae2c3bd) Importer(815301076,1909f56bfc062723c751e8b465ee728b)  -> (artifact id: 'efb2f39cb5740ec70e318e5b67e4b991') in 0.027515 seconds 
========================================================================
Received Import Request.
  Time since last request: 0.000028 seconds.
  path: Assets/BrokenVector/LowPolyDungeon/Models/Clutter/SwitchSecret_Button.fbx
  artifactKey: Guid(b3ac41660e62c834b85393751870f565) Importer(815301076,1909f56bfc062723c751e8b465ee728b)
Start importing Assets/BrokenVector/LowPolyDungeon/Models/Clutter/SwitchSecret_Button.fbx using Guid(b3ac41660e62c834b85393751870f565) Importer(815301076,1909f56bfc062723c751e8b465ee728b)  -> (artifact id: '5ef8fc8575576e38158ad898f3d036cd') in 0.029095 seconds 
========================================================================
Received Import Request.
  Time since last request: 0.000042 seconds.
  path: Assets/BrokenVector/LowPolyDungeon/Models/Clutter/FirewoodStack.fbx
  artifactKey: Guid(ab5bc92d03930514493987d17e921ade) Importer(815301076,1909f56bfc062723c751e8b465ee728b)
Start importing Assets/BrokenVector/LowPolyDungeon/Models/Clutter/FirewoodStack.fbx using Guid(ab5bc92d03930514493987d17e921ade) Importer(815301076,1909f56bfc062723c751e8b465ee728b)  -> (artifact id: '2c384ea0b2800bdbeec25926c63af36d') in 0.032835 seconds 
========================================================================
Received Import Request.
  Time since last request: 0.000039 seconds.
  path: Assets/BrokenVector/LowPolyDungeon/Models/Clutter/Switch_Base.fbx
  artifactKey: Guid(e8de3c78bf8d07f4db67b03c1597a3e4) Importer(815301076,1909f56bfc062723c751e8b465ee728b)
Start importing Assets/BrokenVector/LowPolyDungeon/Models/Clutter/Switch_Base.fbx using Guid(e8de3c78bf8d07f4db67b03c1597a3e4) Importer(815301076,1909f56bfc062723c751e8b465ee728b)  -> (artifact id: '51019a3136eb03d6d8f866712d7d83f9') in 0.033222 seconds 
========================================================================
Received Import Request.
  Time since last request: 0.000038 seconds.
  path: Assets/BrokenVector/LowPolyDungeon/Models/Clutter/CrystalBall.fbx
  artifactKey: Guid(f57cc7a1624e76443b185852b327936b) Importer(815301076,1909f56bfc062723c751e8b465ee728b)
Start importing Assets/BrokenVector/LowPolyDungeon/Models/Clutter/CrystalBall.fbx using Guid(f57cc7a1624e76443b185852b327936b) Importer(815301076,1909f56bfc062723c751e8b465ee728b)  -> (artifact id: 'd8fd3236e8050ca65b63511b5af1aede') in 0.033856 seconds 
========================================================================
Received Import Request.
  Time since last request: 0.000081 seconds.
  path: Assets/BrokenVector/LowPolyDungeon/Models/Clutter/Bread_Half.fbx
  artifactKey: Guid(f3ce4e9067ea46d489a77bbba593436a) Importer(815301076,1909f56bfc062723c751e8b465ee728b)
Start importing Assets/BrokenVector/LowPolyDungeon/Models/Clutter/Bread_Half.fbx using Guid(f3ce4e9067ea46d489a77bbba593436a) Importer(815301076,1909f56bfc062723c751e8b465ee728b)  -> (artifact id: '354dce2fa6612c74f1c574be3b53ceac') in 0.038522 seconds 
========================================================================
Received Import Request.
  Time since last request: 0.000048 seconds.
  path: Assets/BrokenVector/LowPolyDungeon/Models/Clutter/Book_DeepRed.fbx
  artifactKey: Guid(8842cdd23cd83c14c9425c0ae07507c7) Importer(815301076,1909f56bfc062723c751e8b465ee728b)
Start importing Assets/BrokenVector/LowPolyDungeon/Models/Clutter/Book_DeepRed.fbx using Guid(8842cdd23cd83c14c9425c0ae07507c7) Importer(815301076,1909f56bfc062723c751e8b465ee728b)  -> (artifact id: '691543c1c66c93bed98144b778ee131c') in 0.040426 seconds 
========================================================================
Received Import Request.
  Time since last request: 0.000034 seconds.
  path: Assets/BrokenVector/LowPolyDungeon/Models/Clutter/Bucket.fbx
  artifactKey: Guid(c92f800f4ab0055479becfd4aa479194) Importer(815301076,1909f56bfc062723c751e8b465ee728b)
Start importing Assets/BrokenVector/LowPolyDungeon/Models/Clutter/Bucket.fbx using Guid(c92f800f4ab0055479becfd4aa479194) Importer(815301076,1909f56bfc062723c751e8b465ee728b)  -> (artifact id: '386e6df5b7ae53d82d7ebbf1f85843bf') in 0.031409 seconds 
========================================================================
Received Import Request.
  Time since last request: 0.000045 seconds.
  path: Assets/BrokenVector/LowPolyDungeon/Models/Clutter/Book_Small_Red.fbx
  artifactKey: Guid(a7c3956a09720fe49a2dc5e04a686b5a) Importer(815301076,1909f56bfc062723c751e8b465ee728b)
Start importing Assets/BrokenVector/LowPolyDungeon/Models/Clutter/Book_Small_Red.fbx using Guid(a7c3956a09720fe49a2dc5e04a686b5a) Importer(815301076,1909f56bfc062723c751e8b465ee728b)  -> (artifact id: 'e41f4d73ffdead3b5c08b4e4a7fef9f8') in 0.038902 seconds 
========================================================================
Received Import Request.
  Time since last request: 0.000029 seconds.
  path: Assets/BrokenVector/LowPolyDungeon/Models/Clutter/Potion_Red.fbx
  artifactKey: Guid(c6179e854b44e2541a9956947c806de0) Importer(815301076,1909f56bfc062723c751e8b465ee728b)
Start importing Assets/BrokenVector/LowPolyDungeon/Models/Clutter/Potion_Red.fbx using Guid(c6179e854b44e2541a9956947c806de0) Importer(815301076,1909f56bfc062723c751e8b465ee728b)  -> (artifact id: '522130ea775ebd1c71cba3ee73153615') in 0.034147 seconds 
========================================================================
Received Import Request.
  Time since last request: 0.000037 seconds.
  path: Assets/BrokenVector/LowPolyDungeon/Models/Clutter/Flask.fbx
  artifactKey: Guid(9ec750fc4cf747f4fbc15d8898b84ad7) Importer(815301076,1909f56bfc062723c751e8b465ee728b)
Start importing Assets/BrokenVector/LowPolyDungeon/Models/Clutter/Flask.fbx using Guid(9ec750fc4cf747f4fbc15d8898b84ad7) Importer(815301076,1909f56bfc062723c751e8b465ee728b)  -> (artifact id: '921d233d0842cd49e92a444e8d2414e7') in 0.035504 seconds 
========================================================================
Received Import Request.
  Time since last request: 0.000046 seconds.
  path: Assets/BrokenVector/LowPolyDungeon/Models/Clutter/Potato.fbx
  artifactKey: Guid(0f7a0546cdceb1f4d8df8c7fb52f2523) Importer(815301076,1909f56bfc062723c751e8b465ee728b)
Start importing Assets/BrokenVector/LowPolyDungeon/Models/Clutter/Potato.fbx using Guid(0f7a0546cdceb1f4d8df8c7fb52f2523) Importer(815301076,1909f56bfc062723c751e8b465ee728b)  -> (artifact id: '4025ce390c4b04a9d9ad9b6e75bf6579') in 0.034953 seconds 
========================================================================
Received Import Request.
  Time since last request: 0.000039 seconds.
  path: Assets/BrokenVector/LowPolyDungeon/Models/Clutter/Spear.fbx
  artifactKey: Guid(2924dc40f6141404a89f2e38832b88a3) Importer(815301076,1909f56bfc062723c751e8b465ee728b)
Start importing Assets/BrokenVector/LowPolyDungeon/Models/Clutter/Spear.fbx using Guid(2924dc40f6141404a89f2e38832b88a3) Importer(815301076,1909f56bfc062723c751e8b465ee728b)  -> (artifact id: '19ea431702d30990e670d6d05fb518fd') in 0.039757 seconds 
========================================================================
Received Import Request.
  Time since last request: 0.000027 seconds.
  path: Assets/BrokenVector/LowPolyDungeon/Models/Clutter/Book_Big_Green.fbx
  artifactKey: Guid(40d34602bace745418e82f25e6287075) Importer(815301076,1909f56bfc062723c751e8b465ee728b)
Start importing Assets/BrokenVector/LowPolyDungeon/Models/Clutter/Book_Big_Green.fbx using Guid(40d34602bace745418e82f25e6287075) Importer(815301076,1909f56bfc062723c751e8b465ee728b)  -> (artifact id: '1ee8ab971e4ca15a750ea21442aadd37') in 0.033048 seconds 
========================================================================
Received Import Request.
  Time since last request: 0.000043 seconds.
  path: Assets/BrokenVector/LowPolyDungeon/Models/Clutter/Quill.fbx
  artifactKey: Guid(2e41661bbaacdea4dbb88e6b20ca88d3) Importer(815301076,1909f56bfc062723c751e8b465ee728b)
Start importing Assets/BrokenVector/LowPolyDungeon/Models/Clutter/Quill.fbx using Guid(2e41661bbaacdea4dbb88e6b20ca88d3) Importer(815301076,1909f56bfc062723c751e8b465ee728b)  -> (artifact id: 'dbbed45c601f5b3e71c0ffcf9c303869') in 0.033060 seconds 
========================================================================
Received Import Request.
  Time since last request: 0.000043 seconds.
  path: Assets/BrokenVector/LowPolyDungeon/Models/Clutter/Skull.fbx
  artifactKey: Guid(34636936646bab64fb61023e7f3410ba) Importer(815301076,1909f56bfc062723c751e8b465ee728b)
Start importing Assets/BrokenVector/LowPolyDungeon/Models/Clutter/Skull.fbx using Guid(34636936646bab64fb61023e7f3410ba) Importer(815301076,1909f56bfc062723c751e8b465ee728b)  -> (artifact id: '767490bbf0c126249aa2ac30b907f649') in 0.043623 seconds 
========================================================================
Received Import Request.
  Time since last request: 0.000036 seconds.
  path: Assets/BrokenVector/LowPolyDungeon/Models/Clutter/Meat.fbx
  artifactKey: Guid(fd8f5bc11b0289948b50da67132110ce) Importer(815301076,1909f56bfc062723c751e8b465ee728b)
Start importing Assets/BrokenVector/LowPolyDungeon/Models/Clutter/Meat.fbx using Guid(fd8f5bc11b0289948b50da67132110ce) Importer(815301076,1909f56bfc062723c751e8b465ee728b)  -> (artifact id: '4314f0708c6c35b9692ac091c1f37e95') in 0.031033 seconds 
========================================================================
Received Import Request.
  Time since last request: 0.000048 seconds.
  path: Assets/BrokenVector/LowPolyDungeon/Models/Clutter/Lock.fbx
  artifactKey: Guid(c5ad9d55f3f826e44ad8d392fc6b9b89) Importer(815301076,1909f56bfc062723c751e8b465ee728b)
Start importing Assets/BrokenVector/LowPolyDungeon/Models/Clutter/Lock.fbx using Guid(c5ad9d55f3f826e44ad8d392fc6b9b89) Importer(815301076,1909f56bfc062723c751e8b465ee728b)  -> (artifact id: 'd9cf1fa93f9be4bb8878479cf3a0d219') in 0.028636 seconds 
========================================================================
Received Import Request.
  Time since last request: 0.000036 seconds.
  path: Assets/BrokenVector/LowPolyDungeon/Models/Clutter/Book_Small_Brown.fbx
  artifactKey: Guid(f379ef81d20eb3e4bb14c2695fa685d6) Importer(815301076,1909f56bfc062723c751e8b465ee728b)
Start importing Assets/BrokenVector/LowPolyDungeon/Models/Clutter/Book_Small_Brown.fbx using Guid(f379ef81d20eb3e4bb14c2695fa685d6) Importer(815301076,1909f56bfc062723c751e8b465ee728b)  -> (artifact id: 'db56619c011c1f3fc806c0191d4754fe') in 0.029357 seconds 
========================================================================
Received Import Request.
  Time since last request: 22.054928 seconds.
  path: Assets/BrokenVector/LowPolyDungeon/Models/Lamps/Candlestick_Small.fbx
  artifactKey: Guid(82c33bb50f891694a96df903cca9ea3f) Importer(815301076,1909f56bfc062723c751e8b465ee728b)
Start importing Assets/BrokenVector/LowPolyDungeon/Models/Lamps/Candlestick_Small.fbx using Guid(82c33bb50f891694a96df903cca9ea3f) Importer(815301076,1909f56bfc062723c751e8b465ee728b)  -> (artifact id: 'cd4c980ba3146a907513637e56782d67') in 0.026021 seconds 
========================================================================
Received Import Request.
  Time since last request: 0.000039 seconds.
  path: Assets/BrokenVector/LowPolyDungeon/Models/Lamps/Torch.fbx
  artifactKey: Guid(2c42ef5548f399348a850bc645e36b87) Importer(815301076,1909f56bfc062723c751e8b465ee728b)
Start importing Assets/BrokenVector/LowPolyDungeon/Models/Lamps/Torch.fbx using Guid(2c42ef5548f399348a850bc645e36b87) Importer(815301076,1909f56bfc062723c751e8b465ee728b)  -> (artifact id: 'a4c6c9dfa911807009a2ff9f16bd9cd8') in 0.032010 seconds 
========================================================================
Received Import Request.
  Time since last request: 1.799868 seconds.
  path: Assets/BrokenVector/LowPolyDungeon/Models/Tiles/Balcony_Post.fbx
  artifactKey: Guid(f5112dfda82958c409df9989d8ea074c) Importer(815301076,1909f56bfc062723c751e8b465ee728b)
Start importing Assets/BrokenVector/LowPolyDungeon/Models/Tiles/Balcony_Post.fbx using Guid(f5112dfda82958c409df9989d8ea074c) Importer(815301076,1909f56bfc062723c751e8b465ee728b)  -> (artifact id: '07c9950896d60f73af513a9310fd9e58') in 0.025562 seconds 
========================================================================
Received Import Request.
  Time since last request: 0.000035 seconds.
  path: Assets/BrokenVector/LowPolyDungeon/Models/Tiles/Dungeon_Passage.fbx
  artifactKey: Guid(357387220f229a64f8e35720e9d0d121) Importer(815301076,1909f56bfc062723c751e8b465ee728b)
Start importing Assets/BrokenVector/LowPolyDungeon/Models/Tiles/Dungeon_Passage.fbx using Guid(357387220f229a64f8e35720e9d0d121) Importer(815301076,1909f56bfc062723c751e8b465ee728b)  -> (artifact id: 'ed3040e9a780260642173c3a4632316f') in 0.028739 seconds 
========================================================================
Received Import Request.
  Time since last request: 0.000058 seconds.
  path: Assets/BrokenVector/LowPolyDungeon/Models/Tiles/Dungeon_Big_Window.fbx
  artifactKey: Guid(e2ebf10a17e53fe4d96634675da08f5f) Importer(815301076,1909f56bfc062723c751e8b465ee728b)
Start importing Assets/BrokenVector/LowPolyDungeon/Models/Tiles/Dungeon_Big_Window.fbx using Guid(e2ebf10a17e53fe4d96634675da08f5f) Importer(815301076,1909f56bfc062723c751e8b465ee728b)  -> (artifact id: 'e52e4d940c9c6b03a351aa4e9e9d57a4') in 0.034250 seconds 
========================================================================
Received Import Request.
  Time since last request: 0.000047 seconds.
  path: Assets/BrokenVector/LowPolyDungeon/Models/Tiles/Dungeon_Big.fbx
  artifactKey: Guid(65fac7cc44cc1cc4092bad889ea7cb6d) Importer(815301076,1909f56bfc062723c751e8b465ee728b)
Start importing Assets/BrokenVector/LowPolyDungeon/Models/Tiles/Dungeon_Big.fbx using Guid(65fac7cc44cc1cc4092bad889ea7cb6d) Importer(815301076,1909f56bfc062723c751e8b465ee728b)  -> (artifact id: '69ad600944fba3138815cd2da7d23d2d') in 0.033509 seconds 
========================================================================
Received Import Request.
  Time since last request: 0.000043 seconds.
  path: Assets/BrokenVector/LowPolyDungeon/Models/Tiles/Dungeon_Big_to_Custom.fbx
  artifactKey: Guid(c7961bee1368d7a4aae427cd7cdf26f8) Importer(815301076,1909f56bfc062723c751e8b465ee728b)
Start importing Assets/BrokenVector/LowPolyDungeon/Models/Tiles/Dungeon_Big_to_Custom.fbx using Guid(c7961bee1368d7a4aae427cd7cdf26f8) Importer(815301076,1909f56bfc062723c751e8b465ee728b)  -> (artifact id: '302477b043c3ccd35bf51a62f37c5d7d') in 0.029474 seconds 
========================================================================
Received Import Request.
  Time since last request: 0.000043 seconds.
  path: Assets/BrokenVector/LowPolyDungeon/Models/Tiles/Dungeon_Custom_Border_Flat.fbx
  artifactKey: Guid(6e198ba3384543040a57f4dc55928695) Importer(815301076,1909f56bfc062723c751e8b465ee728b)
Start importing Assets/BrokenVector/LowPolyDungeon/Models/Tiles/Dungeon_Custom_Border_Flat.fbx using Guid(6e198ba3384543040a57f4dc55928695) Importer(815301076,1909f56bfc062723c751e8b465ee728b)  -> (artifact id: 'ab40457b090be832289185bdee04ba63') in 0.033816 seconds 
========================================================================
Received Import Request.
  Time since last request: 0.000036 seconds.
  path: Assets/BrokenVector/LowPolyDungeon/Models/Tiles/Basement_Var4.fbx
  artifactKey: Guid(1e71deb4332d8834e8dccf626ce8d29b) Importer(815301076,1909f56bfc062723c751e8b465ee728b)
Start importing Assets/BrokenVector/LowPolyDungeon/Models/Tiles/Basement_Var4.fbx using Guid(1e71deb4332d8834e8dccf626ce8d29b) Importer(815301076,1909f56bfc062723c751e8b465ee728b)  -> (artifact id: '18ccef429eb4b0741d8ac257489cf954') in 0.179855 seconds 
========================================================================
Received Import Request.
  Time since last request: 0.000042 seconds.
  path: Assets/BrokenVector/LowPolyDungeon/Models/Tiles/Basement_Var3.fbx
  artifactKey: Guid(0c7dbb34fba6e4047ac74337acfb235d) Importer(815301076,1909f56bfc062723c751e8b465ee728b)
Start importing Assets/BrokenVector/LowPolyDungeon/Models/Tiles/Basement_Var3.fbx using Guid(0c7dbb34fba6e4047ac74337acfb235d) Importer(815301076,1909f56bfc062723c751e8b465ee728b)  -> (artifact id: 'b7efe001012b276b37ffa1b52149455c') in 0.031973 seconds 
========================================================================
Received Import Request.
  Time since last request: 0.000046 seconds.
  path: Assets/BrokenVector/LowPolyDungeon/Models/Tiles/Basement_Wall_Var3.fbx
  artifactKey: Guid(4c4fe4f8da5fdef4eb5aa36563046edc) Importer(815301076,1909f56bfc062723c751e8b465ee728b)
Start importing Assets/BrokenVector/LowPolyDungeon/Models/Tiles/Basement_Wall_Var3.fbx using Guid(4c4fe4f8da5fdef4eb5aa36563046edc) Importer(815301076,1909f56bfc062723c751e8b465ee728b)  -> (artifact id: 'b028720eee6550b8ae43a5fac89fa44e') in 0.029858 seconds 
========================================================================
Received Import Request.
  Time since last request: 0.000029 seconds.
  path: Assets/BrokenVector/LowPolyDungeon/Models/Tiles/Hallway_Quarter.fbx
  artifactKey: Guid(1b81800f0a37d564196769a09fb61d6a) Importer(815301076,1909f56bfc062723c751e8b465ee728b)
Start importing Assets/BrokenVector/LowPolyDungeon/Models/Tiles/Hallway_Quarter.fbx using Guid(1b81800f0a37d564196769a09fb61d6a) Importer(815301076,1909f56bfc062723c751e8b465ee728b)  -> (artifact id: 'e3cc4ba806adf96b9f38a874abcced00') in 0.029687 seconds 
========================================================================
Received Import Request.
  Time since last request: 0.000041 seconds.
  path: Assets/BrokenVector/LowPolyDungeon/Models/Tiles/Pillar.fbx
  artifactKey: Guid(7eb3c1e408f48cd4597148e13d3f14c8) Importer(815301076,1909f56bfc062723c751e8b465ee728b)
Start importing Assets/BrokenVector/LowPolyDungeon/Models/Tiles/Pillar.fbx using Guid(7eb3c1e408f48cd4597148e13d3f14c8) Importer(815301076,1909f56bfc062723c751e8b465ee728b)  -> (artifact id: 'a8ec2c42428acce4448c38e07271f99e') in 0.029006 seconds 
========================================================================
Received Import Request.
  Time since last request: 0.000039 seconds.
  path: Assets/BrokenVector/LowPolyDungeon/Models/Tiles/Hallway_Full.fbx
  artifactKey: Guid(181df0eb8277cec4caa4a9a66c7221de) Importer(815301076,1909f56bfc062723c751e8b465ee728b)
Start importing Assets/BrokenVector/LowPolyDungeon/Models/Tiles/Hallway_Full.fbx using Guid(181df0eb8277cec4caa4a9a66c7221de) Importer(815301076,1909f56bfc062723c751e8b465ee728b)  -> (artifact id: 'cb268a95c3d119afdbc19ea585efcff4') in 0.030357 seconds 
========================================================================
Received Import Request.
  Time since last request: 0.000039 seconds.
  path: Assets/BrokenVector/LowPolyDungeon/Models/Tiles/Dungeon_Custom_Center.fbx
  artifactKey: Guid(b0e19395b15281546a4cb33b391f3349) Importer(815301076,1909f56bfc062723c751e8b465ee728b)
Start importing Assets/BrokenVector/LowPolyDungeon/Models/Tiles/Dungeon_Custom_Center.fbx using Guid(b0e19395b15281546a4cb33b391f3349) Importer(815301076,1909f56bfc062723c751e8b465ee728b)  -> (artifact id: '0a5f2a129a68c3c5ae64a72db2aba3ad') in 0.034124 seconds 
========================================================================
Received Import Request.
  Time since last request: 0.000036 seconds.
  path: Assets/BrokenVector/LowPolyDungeon/Models/Tiles/HoleFix_Half.fbx
  artifactKey: Guid(732bac3878c7504449205c7bffbc0d7d) Importer(815301076,1909f56bfc062723c751e8b465ee728b)
Start importing Assets/BrokenVector/LowPolyDungeon/Models/Tiles/HoleFix_Half.fbx using Guid(732bac3878c7504449205c7bffbc0d7d) Importer(815301076,1909f56bfc062723c751e8b465ee728b)  -> (artifact id: '3bb9a32be98f7a013ca21cb02174ef6f') in 0.027910 seconds 
========================================================================
Received Import Request.
  Time since last request: 0.000055 seconds.
  path: Assets/BrokenVector/LowPolyDungeon/Models/Tiles/Door_Wooden_Left.fbx
  artifactKey: Guid(b89464e1cf5cd8a4290bc3cd9d1a25e2) Importer(815301076,1909f56bfc062723c751e8b465ee728b)
Start importing Assets/BrokenVector/LowPolyDungeon/Models/Tiles/Door_Wooden_Left.fbx using Guid(b89464e1cf5cd8a4290bc3cd9d1a25e2) Importer(815301076,1909f56bfc062723c751e8b465ee728b)  -> (artifact id: '8e7681daf274bdfd23cb8663af6cbdb9') in 0.031054 seconds 
========================================================================
Received Import Request.
  Time since last request: 0.000041 seconds.
  path: Assets/BrokenVector/LowPolyDungeon/Models/Tiles/Door_Wooden_Round_Left.fbx
  artifactKey: Guid(c2d7e7ca81bdbf442942799f88018308) Importer(815301076,1909f56bfc062723c751e8b465ee728b)
Start importing Assets/BrokenVector/LowPolyDungeon/Models/Tiles/Door_Wooden_Round_Left.fbx using Guid(c2d7e7ca81bdbf442942799f88018308) Importer(815301076,1909f56bfc062723c751e8b465ee728b)  -> (artifact id: 'cfa668e11da41fa7b8db398b964890ac') in 0.033700 seconds 
========================================================================
Received Import Request.
  Time since last request: 0.000043 seconds.
  path: Assets/BrokenVector/LowPolyDungeon/Models/Tiles/Stairs_Platform.fbx
  artifactKey: Guid(99e55592c6d88984cb6b00f2455032dc) Importer(815301076,1909f56bfc062723c751e8b465ee728b)
Start importing Assets/BrokenVector/LowPolyDungeon/Models/Tiles/Stairs_Platform.fbx using Guid(99e55592c6d88984cb6b00f2455032dc) Importer(815301076,1909f56bfc062723c751e8b465ee728b)  -> (artifact id: 'a3a583fc56080a97ed70d564eb4d4f39') in 0.032340 seconds 
========================================================================
Received Import Request.
  Time since last request: 0.000034 seconds.
  path: Assets/BrokenVector/LowPolyDungeon/Models/Tiles/Hallway_TCrossing.fbx
  artifactKey: Guid(d68104bcc3c497440a2cb8a67c7295ac) Importer(815301076,1909f56bfc062723c751e8b465ee728b)
Start importing Assets/BrokenVector/LowPolyDungeon/Models/Tiles/Hallway_TCrossing.fbx using Guid(d68104bcc3c497440a2cb8a67c7295ac) Importer(815301076,1909f56bfc062723c751e8b465ee728b)  -> (artifact id: 'aa9753c59aee5aed7b07a6aa6fd3908d') in 0.033002 seconds 
========================================================================
Received Import Request.
  Time since last request: 132.785603 seconds.
  path: Assets/AutoHand/Resources/Materials/AutoHandEmbelm 1.mat
  artifactKey: Guid(babff000d58dceb4689c66f6d73b081a) Importer(815301076,1909f56bfc062723c751e8b465ee728b)
Start importing Assets/AutoHand/Resources/Materials/AutoHandEmbelm 1.mat using Guid(babff000d58dceb4689c66f6d73b081a) Importer(815301076,1909f56bfc062723c751e8b465ee728b)  -> (artifact id: '9fccdca0a9874fc9136410df87e4b52a') in 0.043898 seconds 
========================================================================
Received Import Request.
  Time since last request: 0.000029 seconds.
  path: Assets/AutoHand/Resources/Materials/AutoHandLogo 1.mat
  artifactKey: Guid(0885ce68c568ba34fb931afa6305c07f) Importer(815301076,1909f56bfc062723c751e8b465ee728b)
Start importing Assets/AutoHand/Resources/Materials/AutoHandLogo 1.mat using Guid(0885ce68c568ba34fb931afa6305c07f) Importer(815301076,1909f56bfc062723c751e8b465ee728b)  -> (artifact id: 'ee8c150e06935778b968027f82c55486') in 0.157142 seconds 
========================================================================
Received Import Request.
  Time since last request: 25.533578 seconds.
  path: Assets/AutoHand/Examples/Materials/AH_Blue 4.mat
  artifactKey: Guid(d050b00a34936d94cb6ec93987e3815c) Importer(815301076,1909f56bfc062723c751e8b465ee728b)
Start importing Assets/AutoHand/Examples/Materials/AH_Blue 4.mat using Guid(d050b00a34936d94cb6ec93987e3815c) Importer(815301076,1909f56bfc062723c751e8b465ee728b)  -> (artifact id: '98f70ed955076d42d8889a3e5838b1f3') in 0.020462 seconds 
========================================================================
Received Import Request.
  Time since last request: 0.000025 seconds.
  path: Assets/AutoHand/Examples/Materials/AHRed.mat
  artifactKey: Guid(a4a5a51db1695524d8de609e7d18d15a) Importer(815301076,1909f56bfc062723c751e8b465ee728b)
Start importing Assets/AutoHand/Examples/Materials/AHRed.mat using Guid(a4a5a51db1695524d8de609e7d18d15a) Importer(815301076,1909f56bfc062723c751e8b465ee728b)  -> (artifact id: 'edb19390ef828459bc959e537e174a46') in 0.051416 seconds 
========================================================================
Received Import Request.
  Time since last request: 0.000051 seconds.
  path: Assets/AutoHand/Examples/Materials/Grey.mat
  artifactKey: Guid(786c7caa508d1f344a2b05806f53730c) Importer(815301076,1909f56bfc062723c751e8b465ee728b)
Start importing Assets/AutoHand/Examples/Materials/Grey.mat using Guid(786c7caa508d1f344a2b05806f53730c) Importer(815301076,1909f56bfc062723c751e8b465ee728b)  -> (artifact id: 'b36c75e3cc986efac219a2bc26f74a35') in 0.020293 seconds 
========================================================================
Received Import Request.
  Time since last request: 0.000030 seconds.
  path: Assets/AutoHand/Examples/Materials/Gold Metal.mat
  artifactKey: Guid(060a529cb79282740b2718083890d1b0) Importer(815301076,1909f56bfc062723c751e8b465ee728b)
Start importing Assets/AutoHand/Examples/Materials/Gold Metal.mat using Guid(060a529cb79282740b2718083890d1b0) Importer(815301076,1909f56bfc062723c751e8b465ee728b)  -> (artifact id: '5a75981faac37638da166a89ddb07e7e') in 0.160452 seconds 
========================================================================
Received Import Request.
  Time since last request: 0.000048 seconds.
  path: Assets/AutoHand/Examples/Materials/Hand.mat
  artifactKey: Guid(984c694004cb1774f9cac4c7c8b71ebb) Importer(815301076,1909f56bfc062723c751e8b465ee728b)
Start importing Assets/AutoHand/Examples/Materials/Hand.mat using Guid(984c694004cb1774f9cac4c7c8b71ebb) Importer(815301076,1909f56bfc062723c751e8b465ee728b)  -> (artifact id: 'b2d0897e10a6aa22c66d9a463c32b4ea') in 0.022056 seconds 
========================================================================
Received Import Request.
  Time since last request: 0.000029 seconds.
  path: Assets/AutoHand/Examples/Materials/Blue.mat
  artifactKey: Guid(4f7ac604eff3ce44c92d5c1ab400fa69) Importer(815301076,1909f56bfc062723c751e8b465ee728b)
Start importing Assets/AutoHand/Examples/Materials/Blue.mat using Guid(4f7ac604eff3ce44c92d5c1ab400fa69) Importer(815301076,1909f56bfc062723c751e8b465ee728b)  -> (artifact id: '10c73c6593f81b3054b06066feba1e3f') in 0.019789 seconds 
========================================================================
Received Import Request.
  Time since last request: 0.000033 seconds.
  path: Assets/AutoHand/Examples/Materials/robot_Roughness.mat
  artifactKey: Guid(93ad1d8ba4d32924d8350ad986f4c73a) Importer(815301076,1909f56bfc062723c751e8b465ee728b)
Start importing Assets/AutoHand/Examples/Materials/robot_Roughness.mat using Guid(93ad1d8ba4d32924d8350ad986f4c73a) Importer(815301076,1909f56bfc062723c751e8b465ee728b)  -> (artifact id: '3bbe4218f680ccef0d04505e01def82e') in 0.020487 seconds 
========================================================================
Received Import Request.
  Time since last request: 0.000044 seconds.
  path: Assets/AutoHand/Examples/Materials/GreyDevGrid_Diffuse.mat
  artifactKey: Guid(6d918f38df8a649468d5e740775c9377) Importer(815301076,1909f56bfc062723c751e8b465ee728b)
Start importing Assets/AutoHand/Examples/Materials/GreyDevGrid_Diffuse.mat using Guid(6d918f38df8a649468d5e740775c9377) Importer(815301076,1909f56bfc062723c751e8b465ee728b)  -> (artifact id: 'f682a6bbcbfaf3912b398e4c4ae400ac') in 0.019256 seconds 
========================================================================
Received Import Request.
  Time since last request: 0.000037 seconds.
  path: Assets/AutoHand/Examples/Materials/Red Plastic.mat
  artifactKey: Guid(c969267be26862c4eabf4a176d7c88ef) Importer(815301076,1909f56bfc062723c751e8b465ee728b)
Start importing Assets/AutoHand/Examples/Materials/Red Plastic.mat using Guid(c969267be26862c4eabf4a176d7c88ef) Importer(815301076,1909f56bfc062723c751e8b465ee728b)  -> (artifact id: '1b2e251c665217ddff1d39b97bc3b6f0') in 0.022855 seconds 
========================================================================
Received Import Request.
  Time since last request: 0.000038 seconds.
  path: Assets/AutoHand/Examples/Materials/Transparent2.mat
  artifactKey: Guid(5af1d6bebdcd72b4284e7458b1aa4e8d) Importer(815301076,1909f56bfc062723c751e8b465ee728b)
Start importing Assets/AutoHand/Examples/Materials/Transparent2.mat using Guid(5af1d6bebdcd72b4284e7458b1aa4e8d) Importer(815301076,1909f56bfc062723c751e8b465ee728b)  -> (artifact id: '36ba71bfee972fdb67bd89b4c112e005') in 0.023579 seconds 
========================================================================
Received Import Request.
  Time since last request: 0.000029 seconds.
  path: Assets/AutoHand/Examples/Materials/Sample.mat
  artifactKey: Guid(0a091f99cd36e9c4f8a2a4ad7e5c0201) Importer(815301076,1909f56bfc062723c751e8b465ee728b)
Start importing Assets/AutoHand/Examples/Materials/Sample.mat using Guid(0a091f99cd36e9c4f8a2a4ad7e5c0201) Importer(815301076,1909f56bfc062723c751e8b465ee728b)  -> (artifact id: 'cabff934207bee4421c51f648442ae34') in 0.371352 seconds 
========================================================================
Received Import Request.
  Time since last request: 0.000039 seconds.
  path: Assets/AutoHand/Examples/Materials/AH_Blue_1.mat
  artifactKey: Guid(5def92ede5ca99043a237e3a03ba1010) Importer(815301076,1909f56bfc062723c751e8b465ee728b)
Start importing Assets/AutoHand/Examples/Materials/AH_Blue_1.mat using Guid(5def92ede5ca99043a237e3a03ba1010) Importer(815301076,1909f56bfc062723c751e8b465ee728b)  -> (artifact id: 'f9d8d8eef4eeb918f6b793f5e62abe36') in 0.033501 seconds 
========================================================================
Received Import Request.
  Time since last request: 0.000055 seconds.
  path: Assets/AutoHand/Examples/Materials/AH_Blue_2.mat
  artifactKey: Guid(161cbd5e066bdb64884b5e918fa8dd19) Importer(815301076,1909f56bfc062723c751e8b465ee728b)
Start importing Assets/AutoHand/Examples/Materials/AH_Blue_2.mat using Guid(161cbd5e066bdb64884b5e918fa8dd19) Importer(815301076,1909f56bfc062723c751e8b465ee728b)  -> (artifact id: '8754d818f2b7101613f27f4620b1b6d8') in 0.024626 seconds 
========================================================================
Received Import Request.
  Time since last request: 0.000027 seconds.
  path: Assets/AutoHand/Examples/Materials/AH_Pink.mat
  artifactKey: Guid(21cced9b5af30e44a85a53c2594c9730) Importer(815301076,1909f56bfc062723c751e8b465ee728b)
Start importing Assets/AutoHand/Examples/Materials/AH_Pink.mat using Guid(21cced9b5af30e44a85a53c2594c9730) Importer(815301076,1909f56bfc062723c751e8b465ee728b)  -> (artifact id: '472c757c34947905f3b1a6156ae01333') in 0.021026 seconds 
========================================================================
Received Import Request.
  Time since last request: 0.000072 seconds.
  path: Assets/AutoHand/Examples/Materials/SemiTransparent 1.mat
  artifactKey: Guid(514554cea66ad224eb5aaa7398fb0efa) Importer(815301076,1909f56bfc062723c751e8b465ee728b)
Start importing Assets/AutoHand/Examples/Materials/SemiTransparent 1.mat using Guid(514554cea66ad224eb5aaa7398fb0efa) Importer(815301076,1909f56bfc062723c751e8b465ee728b)  -> (artifact id: 'f50f53265daa067f25412335c1ebcc1e') in 0.024642 seconds 
========================================================================
Received Import Request.
  Time since last request: 0.000030 seconds.
  path: Assets/AutoHand/Examples/Materials/Rubber.mat
  artifactKey: Guid(35c9de65447cf564d9e5c0d7781f6b1f) Importer(815301076,1909f56bfc062723c751e8b465ee728b)
Start importing Assets/AutoHand/Examples/Materials/Rubber.mat using Guid(35c9de65447cf564d9e5c0d7781f6b1f) Importer(815301076,1909f56bfc062723c751e8b465ee728b)  -> (artifact id: 'bfb1ccb5c924352ef5d9e590ccc569cc') in 0.022104 seconds 
========================================================================
Received Import Request.
  Time since last request: 0.000036 seconds.
  path: Assets/AutoHand/Examples/Materials/TransparentBlue.mat
  artifactKey: Guid(fe089319daeb30e4698111607469107b) Importer(815301076,1909f56bfc062723c751e8b465ee728b)
Start importing Assets/AutoHand/Examples/Materials/TransparentBlue.mat using Guid(fe089319daeb30e4698111607469107b) Importer(815301076,1909f56bfc062723c751e8b465ee728b)  -> (artifact id: 'ae3317a4b512063fe263f3ceaa43201a') in 0.021483 seconds 
========================================================================
Received Import Request.
  Time since last request: 0.000036 seconds.
  path: Assets/AutoHand/Examples/Materials/AH_Blue.mat
  artifactKey: Guid(70d9ea5beac71234c9644a73813348ab) Importer(815301076,1909f56bfc062723c751e8b465ee728b)
Start importing Assets/AutoHand/Examples/Materials/AH_Blue.mat using Guid(70d9ea5beac71234c9644a73813348ab) Importer(815301076,1909f56bfc062723c751e8b465ee728b)  -> (artifact id: '0a4b78ece5ec688c7fafef883b88a08d') in 0.021017 seconds 
========================================================================
Received Import Request.
  Time since last request: 0.000032 seconds.
  path: Assets/AutoHand/Examples/Materials/normal map.mat
  artifactKey: Guid(92ad111281af22045aa3c67ef0e610bf) Importer(815301076,1909f56bfc062723c751e8b465ee728b)
Start importing Assets/AutoHand/Examples/Materials/normal map.mat using Guid(92ad111281af22045aa3c67ef0e610bf) Importer(815301076,1909f56bfc062723c751e8b465ee728b)  -> (artifact id: '03a8cc0260f26df95cd3a7aca9b51c5e') in 0.029993 seconds 
========================================================================
Received Import Request.
  Time since last request: 0.000034 seconds.
  path: Assets/AutoHand/Examples/Materials/AH_Purple.mat
  artifactKey: Guid(ae4e565bf735705479dd105d4c75421a) Importer(815301076,1909f56bfc062723c751e8b465ee728b)
Start importing Assets/AutoHand/Examples/Materials/AH_Purple.mat using Guid(ae4e565bf735705479dd105d4c75421a) Importer(815301076,1909f56bfc062723c751e8b465ee728b)  -> (artifact id: 'a14d6cc6b988a1ff8eaace02213a385a') in 0.020470 seconds 
Editor requested this worker to shutdown with reason: Scaling down because of idle timeout
AssetImportWorker is now disconnected from the server
Process exiting
Exiting without the bug reporter. Application will terminate with return code 0