Using pre-set license
Built from '2021.3/staging' branch; Version is '2021.3.13f1 (9e7d58001ecf) revision 10386776'; Using compiler version '192829333'; Build Type 'Release'
OS: 'Windows 10  (10.0.19044) 64bit Education' Language: 'en' Physical Memory: 16331 MB
BatchMode: 1, IsHumanControllingUs: 0, StartBugReporterOnCrash: 0, Is64bit: 1, IsPro: 1

COMMAND LINE ARGUMENTS:
D:\Unity\2021.3.13f1\Editor\Unity.exe
-adb2
-batchMode
-noUpm
-name
AssetImportWorker4
-projectPath
C:/Users/Ken Kobayashi/Desktop/Unity/VRInstrument
-logFile
Logs/AssetImportWorker4.log
-srvPort
49499
Successfully changed project path to: C:/Users/Ken Kobayashi/Desktop/Unity/VRInstrument
C:/Users/Ken Kobayashi/Desktop/Unity/VRInstrument
[UnityMemory] Configuration Parameters - Can be set up in boot.config
    "memorysetup-bucket-allocator-granularity=16"
    "memorysetup-bucket-allocator-bucket-count=8"
    "memorysetup-bucket-allocator-block-size=33554432"
    "memorysetup-bucket-allocator-block-count=8"
    "memorysetup-main-allocator-block-size=16777216"
    "memorysetup-thread-allocator-block-size=16777216"
    "memorysetup-gfx-main-allocator-block-size=16777216"
    "memorysetup-gfx-thread-allocator-block-size=16777216"
    "memorysetup-cache-allocator-block-size=4194304"
    "memorysetup-typetree-allocator-block-size=2097152"
    "memorysetup-profiler-bucket-allocator-granularity=16"
    "memorysetup-profiler-bucket-allocator-bucket-count=8"
    "memorysetup-profiler-bucket-allocator-block-size=33554432"
    "memorysetup-profiler-bucket-allocator-block-count=8"
    "memorysetup-profiler-allocator-block-size=16777216"
    "memorysetup-profiler-editor-allocator-block-size=1048576"
    "memorysetup-temp-allocator-size-main=16777216"
    "memorysetup-job-temp-allocator-block-size=2097152"
    "memorysetup-job-temp-allocator-block-size-background=1048576"
    "memorysetup-job-temp-allocator-reduction-small-platforms=262144"
    "memorysetup-temp-allocator-size-background-worker=32768"
    "memorysetup-temp-allocator-size-job-worker=262144"
    "memorysetup-temp-allocator-size-preload-manager=33554432"
    "memorysetup-temp-allocator-size-nav-mesh-worker=65536"
    "memorysetup-temp-allocator-size-audio-worker=65536"
    "memorysetup-temp-allocator-size-cloud-worker=32768"
    "memorysetup-temp-allocator-size-gi-baking-worker=262144"
    "memorysetup-temp-allocator-size-gfx=262144"
Refreshing native plugins compatible for Editor in 140.19 ms, found 12 plugins.
Preloading 1 native plugins for Editor in 0.77 ms.
Initialize engine version: 2021.3.13f1 (9e7d58001ecf)
[Subsystems] Discovering subsystems at path D:/Unity/2021.3.13f1/Editor/Data/Resources/UnitySubsystems
[Subsystems] Discovering subsystems at path C:/Users/Ken Kobayashi/Desktop/Unity/VRInstrument/Assets
GfxDevice: creating device client; threaded=0; jobified=0
Direct3D:
    Version:  Direct3D 11.0 [level 11.1]
    Renderer: NVIDIA GeForce RTX 2060 (ID=0x1f08)
    Vendor:   NVIDIA
    VRAM:     5968 MB
    Driver:   31.0.15.2824
Initialize mono
Mono path[0] = 'D:/Unity/2021.3.13f1/Editor/Data/Managed'
Mono path[1] = 'D:/Unity/2021.3.13f1/Editor/Data/MonoBleedingEdge/lib/mono/unityjit-win32'
Mono config path = 'D:/Unity/2021.3.13f1/Editor/Data/MonoBleedingEdge/etc'
Using monoOptions --debugger-agent=transport=dt_socket,embedding=1,server=y,suspend=n,address=127.0.0.1:56680
Begin MonoManager ReloadAssembly
Registering precompiled unity dll's ...
Register platform support module: D:/Unity/2021.3.13f1/Editor/Data/PlaybackEngines/AndroidPlayer/UnityEditor.Android.Extensions.dll
Register platform support module: D:/Unity/2021.3.13f1/Editor/Data/PlaybackEngines/WindowsStandaloneSupport/UnityEditor.WindowsStandalone.Extensions.dll
Registered in 0.004488 seconds.
Native extension for WindowsStandalone target not found
Native extension for Android target not found
Refreshing native plugins compatible for Editor in 126.46 ms, found 12 plugins.
Preloading 1 native plugins for Editor in 0.21 ms.
Mono: successfully reloaded assembly
- Completed reload, in  0.840 seconds
Domain Reload Profiling:
	ReloadAssembly (841ms)
		BeginReloadAssembly (87ms)
			ExecutionOrderSort (0ms)
			DisableScriptedObjects (0ms)
			BackupInstance (0ms)
			ReleaseScriptingObjects (0ms)
			CreateAndSetChildDomain (1ms)
		EndReloadAssembly (624ms)
			LoadAssemblies (86ms)
			RebuildTransferFunctionScriptingTraits (0ms)
			SetupTypeCache (132ms)
			ReleaseScriptCaches (0ms)
			RebuildScriptCaches (35ms)
			SetupLoadedEditorAssemblies (391ms)
				LogAssemblyErrors (0ms)
				InitializePlatformSupportModulesInManaged (73ms)
				SetLoadedEditorAssemblies (0ms)
				RefreshPlugins (127ms)
				BeforeProcessingInitializeOnLoad (2ms)
				ProcessInitializeOnLoadAttributes (130ms)
				ProcessInitializeOnLoadMethodAttributes (60ms)
				AfterProcessingInitializeOnLoad (0ms)
				EditorAssembliesLoaded (0ms)
			ExecutionOrderSort2 (0ms)
			AwakeInstancesAfterBackupRestoration (0ms)
Platform modules already initialized, skipping
Registering precompiled user dll's ...
Registered in 0.018126 seconds.
Begin MonoManager ReloadAssembly
Native extension for WindowsStandalone target not found
Native extension for Android target not found
Refreshing native plugins compatible for Editor in 125.57 ms, found 12 plugins.
Preloading 1 native plugins for Editor in 0.13 ms.
Package Manager log level set to [2]
System.Reflection.TargetInvocationException: Exception has been thrown by the target of an invocation. ---> System.NullReferenceException: Object reference not set to an instance of an object
  at Unity.XR.Oculus.OculusLoader.AssetPathToAbsolutePath (System.String assetPath) [0x0003d] in C:\Users\Ken Kobayashi\Desktop\Unity\VRInstrument\Library\PackageCache\com.unity.xr.oculus@3.2.3\Runtime\OculusLoader.cs:296 
  at Unity.XR.Oculus.OculusLoader.EditorLoadOVRPlugin () [0x0007b] in C:\Users\Ken Kobayashi\Desktop\Unity\VRInstrument\Library\PackageCache\com.unity.xr.oculus@3.2.3\Runtime\OculusLoader.cs:281 
  at (wrapper managed-to-native) System.Reflection.RuntimeMethodInfo.InternalInvoke(System.Reflection.RuntimeMethodInfo,object,object[],System.Exception&)
  at System.Reflection.RuntimeMethodInfo.Invoke (System.Object obj, System.Reflection.BindingFlags invokeAttr, System.Reflection.Binder binder, System.Object[] parameters, System.Globalization.CultureInfo culture) [0x0006a] in <c9d3ffd4b98649ee9989e1908eaca019>:0 
   --- End of inner exception stack trace ---
  at System.Reflection.RuntimeMethodInfo.Invoke (System.Object obj, System.Reflection.BindingFlags invokeAttr, System.Reflection.Binder binder, System.Object[] parameters, System.Globalization.CultureInfo culture) [0x00083] in <c9d3ffd4b98649ee9989e1908eaca019>:0 
  at System.Reflection.MethodBase.Invoke (System.Object obj, System.Object[] parameters) [0x00000] in <c9d3ffd4b98649ee9989e1908eaca019>:0 
  at UnityEditor.EditorAssemblies.ProcessInitializeOnLoadMethodAttributes () [0x000a5] in <dc1a47a5816e4be7bc6817ee4d339e75>:0 
UnityEngine.StackTraceUtility:ExtractStackTrace ()
UnityEngine.DebugLogHandler:LogFormat (UnityEngine.LogType,UnityEngine.Object,string,object[])
UnityEngine.Logger:Log (UnityEngine.LogType,object)
UnityEngine.Debug:LogError (object)
UnityEditor.EditorAssemblies:ProcessInitializeOnLoadMethodAttributes ()

Mono: successfully reloaded assembly
- Completed reload, in  1.723 seconds
Domain Reload Profiling:
	ReloadAssembly (1724ms)
		BeginReloadAssembly (230ms)
			ExecutionOrderSort (0ms)
			DisableScriptedObjects (8ms)
			BackupInstance (0ms)
			ReleaseScriptingObjects (0ms)
			CreateAndSetChildDomain (122ms)
		EndReloadAssembly (1347ms)
			LoadAssemblies (112ms)
			RebuildTransferFunctionScriptingTraits (0ms)
			SetupTypeCache (357ms)
			ReleaseScriptCaches (1ms)
			RebuildScriptCaches (77ms)
			SetupLoadedEditorAssemblies (727ms)
				LogAssemblyErrors (0ms)
				InitializePlatformSupportModulesInManaged (15ms)
				SetLoadedEditorAssemblies (0ms)
				RefreshPlugins (126ms)
				BeforeProcessingInitializeOnLoad (126ms)
				ProcessInitializeOnLoadAttributes (405ms)
				ProcessInitializeOnLoadMethodAttributes (50ms)
				AfterProcessingInitializeOnLoad (5ms)
				EditorAssembliesLoaded (0ms)
			ExecutionOrderSort2 (0ms)
			AwakeInstancesAfterBackupRestoration (8ms)
Platform modules already initialized, skipping
========================================================================
Worker process is ready to serve import requests
Launched and connected shader compiler UnityShaderCompiler.exe after 0.07 seconds
Refreshing native plugins compatible for Editor in 1.13 ms, found 12 plugins.
Preloading 1 native plugins for Editor in 0.13 ms.
Unloading 4176 Unused Serialized files (Serialized files now loaded: 0)
Unloading 61 unused Assets / (450.1 KB). Loaded Objects now: 4615.
Memory consumption went from 148.4 MB to 147.9 MB.
Total: 4.785000 ms (FindLiveObjects: 0.377900 ms CreateObjectMapping: 0.124100 ms MarkObjects: 3.952100 ms  DeleteObjects: 0.329500 ms)

AssetImportParameters requested are different than current active one (requested -> active):
  custom:video-decoder-ogg-theora: a1e56fd34408186e4bbccfd4996cb3dc -> 
  custom:container-muxer-webm: aa71ff27fc2769a1b78a27578f13a17b -> 
  custom:container-demuxer-webm: 4f35f7cbe854078d1ac9338744f61a02 -> 
  custom:video-encoder-webm-vp8: eb34c28f22e8b96e1ab97ce403110664 -> 
  custom:audio-encoder-webm-vorbis: bf7c407c2cedff20999df2af8eb42d56 -> 
  custom:framework-win-MediaFoundation: 216162199b28c13a410421893ffa2e32 -> 
  custom:container-demuxer-ogg: 62fdf1f143b41e24485cea50d1cbac27 -> 
  custom:video-decoder-webm-vp8: 9c59270c3fd7afecdb556c50c9e8de78 -> 
  custom:audio-decoder-ogg-vorbis: bf7c407c2cedff20999df2af8eb42d56 -> 
========================================================================
Received Import Request.
  Time since last request: 426846.408727 seconds.
  path: Assets/AutoHand/Documents/CREDITS.txt
  artifactKey: Guid(f94434b84fff7e648a8e5729e6ecc64c) Importer(815301076,1909f56bfc062723c751e8b465ee728b)
Start importing Assets/AutoHand/Documents/CREDITS.txt using Guid(f94434b84fff7e648a8e5729e6ecc64c) Importer(815301076,1909f56bfc062723c751e8b465ee728b)  -> (artifact id: '330f57a906d3a0d48e90927102c523fc') in 0.041192 seconds 
========================================================================
Received Import Request.
  Time since last request: 1.023002 seconds.
  path: Assets/AutoHand/Documents/DOCUMENTATION.pdf
  artifactKey: Guid(a9e591fe203beeb46a25287828cea4f0) Importer(815301076,1909f56bfc062723c751e8b465ee728b)
Start importing Assets/AutoHand/Documents/DOCUMENTATION.pdf using Guid(a9e591fe203beeb46a25287828cea4f0) Importer(815301076,1909f56bfc062723c751e8b465ee728b)  -> (artifact id: '7df8d6a3a27735388831db4a29887bd1') in 0.019898 seconds 
========================================================================
Received Import Request.
  Time since last request: 11.784234 seconds.
  path: Assets/AutoHand/Documents/LICENSE.txt
  artifactKey: Guid(85335b73bbecef342b02baca8b016836) Importer(815301076,1909f56bfc062723c751e8b465ee728b)
Start importing Assets/AutoHand/Documents/LICENSE.txt using Guid(85335b73bbecef342b02baca8b016836) Importer(815301076,1909f56bfc062723c751e8b465ee728b)  -> (artifact id: '1df11c68a5b3b80da739be28b88c905b') in 0.010729 seconds 
========================================================================
Received Import Request.
  Time since last request: 5.000613 seconds.
  path: Assets/AutoHand/Examples/Materials
  artifactKey: Guid(c2e292710f23d364982ce10de7ff9206) Importer(815301076,1909f56bfc062723c751e8b465ee728b)
Start importing Assets/AutoHand/Examples/Materials using Guid(c2e292710f23d364982ce10de7ff9206) Importer(815301076,1909f56bfc062723c751e8b465ee728b)  -> (artifact id: '878ee6e45ec9775922455ff92bf8714c') in 0.009071 seconds 
========================================================================
Received Import Request.
  Time since last request: 0.033363 seconds.
  path: Assets/AutoHand/Examples/Materials/AH_Blue 3.mat
  artifactKey: Guid(1a58ba2a05f23c64a974352c07eca07e) Importer(815301076,1909f56bfc062723c751e8b465ee728b)
Start importing Assets/AutoHand/Examples/Materials/AH_Blue 3.mat using Guid(1a58ba2a05f23c64a974352c07eca07e) Importer(815301076,1909f56bfc062723c751e8b465ee728b)  -> (artifact id: '0263f98b69ce901bdc9acd3a9a6d7a1f') in 0.153121 seconds 
========================================================================
Received Import Request.
  Time since last request: 0.000029 seconds.
  path: Assets/AutoHand/Examples/Materials/Grid Metal 2.mat
  artifactKey: Guid(866c139920bfd07469ab89476b44825c) Importer(815301076,1909f56bfc062723c751e8b465ee728b)
Start importing Assets/AutoHand/Examples/Materials/Grid Metal 2.mat using Guid(866c139920bfd07469ab89476b44825c) Importer(815301076,1909f56bfc062723c751e8b465ee728b)  -> (artifact id: '0c9e1c37be0501a8c384762da1b682c2') in 0.024987 seconds 
========================================================================
Received Import Request.
  Time since last request: 0.000041 seconds.
  path: Assets/AutoHand/Examples/Materials/Gun.mat
  artifactKey: Guid(051c6b6417014a84394ef816bd2b6a1a) Importer(815301076,1909f56bfc062723c751e8b465ee728b)
Start importing Assets/AutoHand/Examples/Materials/Gun.mat using Guid(051c6b6417014a84394ef816bd2b6a1a) Importer(815301076,1909f56bfc062723c751e8b465ee728b)  -> (artifact id: 'ac8ed22fb2e67db4938978e555082d20') in 0.018699 seconds 
========================================================================
Received Import Request.
  Time since last request: 0.000034 seconds.
  path: Assets/AutoHand/Examples/Materials/pasted__pasted__lambert6 2.mat
  artifactKey: Guid(a49bd77abba9a374dba791119c2c1569) Importer(815301076,1909f56bfc062723c751e8b465ee728b)
Start importing Assets/AutoHand/Examples/Materials/pasted__pasted__lambert6 2.mat using Guid(a49bd77abba9a374dba791119c2c1569) Importer(815301076,1909f56bfc062723c751e8b465ee728b)  -> (artifact id: 'c048bd56c70cdb4272bf71117262ac86') in 0.020002 seconds 
========================================================================
Received Import Request.
  Time since last request: 0.000032 seconds.
  path: Assets/AutoHand/Examples/Materials/pasted__pasted__lambert6.mat
  artifactKey: Guid(df93ac558721d2741b769ecb2d79a129) Importer(815301076,1909f56bfc062723c751e8b465ee728b)
Start importing Assets/AutoHand/Examples/Materials/pasted__pasted__lambert6.mat using Guid(df93ac558721d2741b769ecb2d79a129) Importer(815301076,1909f56bfc062723c751e8b465ee728b)  -> (artifact id: 'e3c6fbf05632d21e185bd1d7789c00d7') in 0.020351 seconds 
========================================================================
Received Import Request.
  Time since last request: 0.000041 seconds.
  path: Assets/AutoHand/Examples/Materials/Black Rubber.mat
  artifactKey: Guid(60158c1f5a888be49b0e486812385af4) Importer(815301076,1909f56bfc062723c751e8b465ee728b)
Start importing Assets/AutoHand/Examples/Materials/Black Rubber.mat using Guid(60158c1f5a888be49b0e486812385af4) Importer(815301076,1909f56bfc062723c751e8b465ee728b)  -> (artifact id: '6007328f9530f3da8e343fb161cc501f') in 0.020992 seconds 
========================================================================
Received Import Request.
  Time since last request: 0.000032 seconds.
  path: Assets/AutoHand/Examples/Materials/SmashTaco.mat
  artifactKey: Guid(d4f2bf4aecfff924895a37c921883db5) Importer(815301076,1909f56bfc062723c751e8b465ee728b)
Start importing Assets/AutoHand/Examples/Materials/SmashTaco.mat using Guid(d4f2bf4aecfff924895a37c921883db5) Importer(815301076,1909f56bfc062723c751e8b465ee728b)  -> (artifact id: '7d10d1dec121ebe579bd32becf0cfcbd') in 0.153837 seconds 
========================================================================
Received Import Request.
  Time since last request: 0.000031 seconds.
  path: Assets/AutoHand/Examples/Materials/TransparentRed.mat
  artifactKey: Guid(5132d99bd6d5f1149879370eaf1b058c) Importer(815301076,1909f56bfc062723c751e8b465ee728b)
Start importing Assets/AutoHand/Examples/Materials/TransparentRed.mat using Guid(5132d99bd6d5f1149879370eaf1b058c) Importer(815301076,1909f56bfc062723c751e8b465ee728b)  -> (artifact id: '959a4637ccb11ad185da11d0e58f57e9') in 0.046314 seconds 
========================================================================
Received Import Request.
  Time since last request: 0.000053 seconds.
  path: Assets/AutoHand/Examples/Materials/AmmoText.asset
  artifactKey: Guid(8f586378b4e144a9851e7b34d9b748ee) Importer(815301076,1909f56bfc062723c751e8b465ee728b)
Start importing Assets/AutoHand/Examples/Materials/AmmoText.asset using Guid(8f586378b4e144a9851e7b34d9b748ee) Importer(815301076,1909f56bfc062723c751e8b465ee728b)  -> (artifact id: 'cf8190ee452ace5898eab9b642954446') in 0.097926 seconds 
========================================================================
Received Import Request.
  Time since last request: 0.000029 seconds.
  path: Assets/AutoHand/Examples/Materials/Shiny Metal 1.mat
  artifactKey: Guid(1a3aed2986c7f2e479eb03474650fde2) Importer(815301076,1909f56bfc062723c751e8b465ee728b)
Start importing Assets/AutoHand/Examples/Materials/Shiny Metal 1.mat using Guid(1a3aed2986c7f2e479eb03474650fde2) Importer(815301076,1909f56bfc062723c751e8b465ee728b)  -> (artifact id: 'ccc7c879315cca3007721c76207d3937') in 0.019733 seconds 
========================================================================
Received Import Request.
  Time since last request: 0.000038 seconds.
  path: Assets/AutoHand/Examples/Materials/AH_Red.mat
  artifactKey: Guid(a0a3b9b8be4b3c64ea3b5be751ccf7ab) Importer(815301076,1909f56bfc062723c751e8b465ee728b)
Start importing Assets/AutoHand/Examples/Materials/AH_Red.mat using Guid(a0a3b9b8be4b3c64ea3b5be751ccf7ab) Importer(815301076,1909f56bfc062723c751e8b465ee728b)  -> (artifact id: '0a0b9f9a76ba8d2550b7a5ff90bb3e62') in 0.033015 seconds 
========================================================================
Received Import Request.
  Time since last request: 0.000032 seconds.
  path: Assets/AutoHand/Examples/Materials/SemiTransparent.mat
  artifactKey: Guid(60b1f1efaf4d1cf4c886e0eca222236e) Importer(815301076,1909f56bfc062723c751e8b465ee728b)
Start importing Assets/AutoHand/Examples/Materials/SemiTransparent.mat using Guid(60b1f1efaf4d1cf4c886e0eca222236e) Importer(815301076,1909f56bfc062723c751e8b465ee728b)  -> (artifact id: '89d7453303fa9c662a7f0d0c886be773') in 0.023550 seconds 
========================================================================
Received Import Request.
  Time since last request: 0.000040 seconds.
  path: Assets/AutoHand/Examples/Materials/Glass.mat
  artifactKey: Guid(35a711cb34eace54bbba5fd1d8be9494) Importer(815301076,1909f56bfc062723c751e8b465ee728b)
Start importing Assets/AutoHand/Examples/Materials/Glass.mat using Guid(35a711cb34eace54bbba5fd1d8be9494) Importer(815301076,1909f56bfc062723c751e8b465ee728b)  -> (artifact id: 'dd66f746ee553858559bb3c62238c983') in 0.022784 seconds 
========================================================================
Received Import Request.
  Time since last request: 0.000049 seconds.
  path: Assets/AutoHand/Examples/Materials/Green Plastic.mat
  artifactKey: Guid(17aca4257f7004143ab9519401bb0c13) Importer(815301076,1909f56bfc062723c751e8b465ee728b)
Start importing Assets/AutoHand/Examples/Materials/Green Plastic.mat using Guid(17aca4257f7004143ab9519401bb0c13) Importer(815301076,1909f56bfc062723c751e8b465ee728b)  -> (artifact id: 'd4b03e2dad1d237fe1e625b9a5578235') in 0.022849 seconds 
========================================================================
Received Import Request.
  Time since last request: 0.000024 seconds.
  path: Assets/AutoHand/Examples/Materials/White.mat
  artifactKey: Guid(7ddcdf368990e454ca3a6f892b1c0ce9) Importer(815301076,1909f56bfc062723c751e8b465ee728b)
Start importing Assets/AutoHand/Examples/Materials/White.mat using Guid(7ddcdf368990e454ca3a6f892b1c0ce9) Importer(815301076,1909f56bfc062723c751e8b465ee728b)  -> (artifact id: '8d582dec45674af6176b8b675d8add14') in 0.024101 seconds 
========================================================================
Received Import Request.
  Time since last request: 0.000051 seconds.
  path: Assets/AutoHand/Examples/Materials/greynormaldiffuse.100.mat
  artifactKey: Guid(9841db134a9f34845babaa6996226534) Importer(815301076,1909f56bfc062723c751e8b465ee728b)
Start importing Assets/AutoHand/Examples/Materials/greynormaldiffuse.100.mat using Guid(9841db134a9f34845babaa6996226534) Importer(815301076,1909f56bfc062723c751e8b465ee728b)  -> (artifact id: '2ac2d9711783e85cdb9f7bb79ff78a38') in 0.026677 seconds 
========================================================================
Received Import Request.
  Time since last request: 0.000046 seconds.
  path: Assets/AutoHand/Examples/Materials/AH_Bright_Green.mat
  artifactKey: Guid(4f90fb2688849c54588be9a3d89d6f46) Importer(815301076,1909f56bfc062723c751e8b465ee728b)
Start importing Assets/AutoHand/Examples/Materials/AH_Bright_Green.mat using Guid(4f90fb2688849c54588be9a3d89d6f46) Importer(815301076,1909f56bfc062723c751e8b465ee728b)  -> (artifact id: '6e6aaae2be697a57cfe5d853446b6ed1') in 0.023121 seconds 
========================================================================
Received Import Request.
  Time since last request: 0.000031 seconds.
  path: Assets/AutoHand/Examples/Materials/Particle.mat
  artifactKey: Guid(27689c074f0479347a04bb3c3170e09d) Importer(815301076,1909f56bfc062723c751e8b465ee728b)
Start importing Assets/AutoHand/Examples/Materials/Particle.mat using Guid(27689c074f0479347a04bb3c3170e09d) Importer(815301076,1909f56bfc062723c751e8b465ee728b)  -> (artifact id: '2386b3c11471a896ad0a25581c64c170') in 0.023192 seconds 
========================================================================
Received Import Request.
  Time since last request: 0.000029 seconds.
  path: Assets/AutoHand/Examples/Materials/SemiTransparent 2.mat
  artifactKey: Guid(9d94b81de4a33734d93e490033348a51) Importer(815301076,1909f56bfc062723c751e8b465ee728b)
Start importing Assets/AutoHand/Examples/Materials/SemiTransparent 2.mat using Guid(9d94b81de4a33734d93e490033348a51) Importer(815301076,1909f56bfc062723c751e8b465ee728b)  -> (artifact id: '2047cd994960f4f18648c7e7f47e8d78') in 0.021790 seconds 
========================================================================
Received Import Request.
  Time since last request: 0.000041 seconds.
  path: Assets/AutoHand/Examples/Materials/Green.mat
  artifactKey: Guid(bf5d78f36b91ec04d8cd688d31179399) Importer(815301076,1909f56bfc062723c751e8b465ee728b)
Start importing Assets/AutoHand/Examples/Materials/Green.mat using Guid(bf5d78f36b91ec04d8cd688d31179399) Importer(815301076,1909f56bfc062723c751e8b465ee728b)  -> (artifact id: 'a8f6c8041130605631c61376c648af8c') in 0.022815 seconds 
========================================================================
Received Import Request.
  Time since last request: 0.000052 seconds.
  path: Assets/AutoHand/Examples/Materials/AHGreen.mat
  artifactKey: Guid(a35fc97a3d0989144af378e5d6c39c28) Importer(815301076,1909f56bfc062723c751e8b465ee728b)
Start importing Assets/AutoHand/Examples/Materials/AHGreen.mat using Guid(a35fc97a3d0989144af378e5d6c39c28) Importer(815301076,1909f56bfc062723c751e8b465ee728b)  -> (artifact id: '87d85a0891cbaaee6e45c06a59ea93a5') in 0.020831 seconds 
========================================================================
Received Import Request.
  Time since last request: 0.000041 seconds.
  path: Assets/AutoHand/Examples/Materials/Brown.mat
  artifactKey: Guid(328e372aefdc3fd40a1c29d939ad65f1) Importer(815301076,1909f56bfc062723c751e8b465ee728b)
Start importing Assets/AutoHand/Examples/Materials/Brown.mat using Guid(328e372aefdc3fd40a1c29d939ad65f1) Importer(815301076,1909f56bfc062723c751e8b465ee728b)  -> (artifact id: 'f994f8b04b44ba5571f74f19cba6a368') in 0.020189 seconds 
========================================================================
Received Import Request.
  Time since last request: 0.000037 seconds.
  path: Assets/AutoHand/Examples/Materials/base color .mat
  artifactKey: Guid(5bfc87f62ef0a994cbd2ead3e31e4bd0) Importer(815301076,1909f56bfc062723c751e8b465ee728b)
Start importing Assets/AutoHand/Examples/Materials/base color .mat using Guid(5bfc87f62ef0a994cbd2ead3e31e4bd0) Importer(815301076,1909f56bfc062723c751e8b465ee728b)  -> (artifact id: 'b3e88a70ee113137114b0175cf160dda') in 0.173063 seconds 
========================================================================
Received Import Request.
  Time since last request: 13.251715 seconds.
  path: Assets/AutoHand/Scripts/Grabbable/DispenserPoint.cs
  artifactKey: Guid(8e06fa0b8c2a3b047ab22fa2c4dcbaa4) Importer(815301076,1909f56bfc062723c751e8b465ee728b)
Start importing Assets/AutoHand/Scripts/Grabbable/DispenserPoint.cs using Guid(8e06fa0b8c2a3b047ab22fa2c4dcbaa4) Importer(815301076,1909f56bfc062723c751e8b465ee728b)  -> (artifact id: '89b5b5bd18534fe24a9c1d101f580199') in 0.025291 seconds 
========================================================================
Received Import Request.
  Time since last request: 2.801570 seconds.
  path: Assets/AutoHand/Scripts/Grabbable/DistanceGrabbable.cs
  artifactKey: Guid(935aaf7da50abf94697c8d70a7a71efe) Importer(815301076,1909f56bfc062723c751e8b465ee728b)
Start importing Assets/AutoHand/Scripts/Grabbable/DistanceGrabbable.cs using Guid(935aaf7da50abf94697c8d70a7a71efe) Importer(815301076,1909f56bfc062723c751e8b465ee728b)  -> (artifact id: '1f0ede792d1eaf0461ee949fee66514f') in 0.008910 seconds 
========================================================================
Received Import Request.
  Time since last request: 3.331525 seconds.
  path: Assets/AutoHand/Scripts/Grabbable/GrabbableChild.cs
  artifactKey: Guid(88c6f05faa8c57b4c83638f7f36c7c8f) Importer(815301076,1909f56bfc062723c751e8b465ee728b)
Start importing Assets/AutoHand/Scripts/Grabbable/GrabbableChild.cs using Guid(88c6f05faa8c57b4c83638f7f36c7c8f) Importer(815301076,1909f56bfc062723c751e8b465ee728b)  -> (artifact id: '2847cd08b5789cc23de082cc539332f8') in 0.009435 seconds 
========================================================================
Received Import Request.
  Time since last request: 0.337408 seconds.
  path: Assets/AutoHand/Scripts/Grabbable/Grabbable.cs
  artifactKey: Guid(822bc9090447b9c40833509c4a32e597) Importer(815301076,1909f56bfc062723c751e8b465ee728b)
Start importing Assets/AutoHand/Scripts/Grabbable/Grabbable.cs using Guid(822bc9090447b9c40833509c4a32e597) Importer(815301076,1909f56bfc062723c751e8b465ee728b)  -> (artifact id: '622a3cd5885df9676b717efc38d3509f') in 0.008741 seconds 
========================================================================
Received Import Request.
  Time since last request: 17.244549 seconds.
  path: Assets/AutoHand/Scripts/Grabbable/PlacePoint.cs
  artifactKey: Guid(7d9c288aa20513c4aafa0228d4cfd80e) Importer(815301076,1909f56bfc062723c751e8b465ee728b)
Start importing Assets/AutoHand/Scripts/Grabbable/PlacePoint.cs using Guid(7d9c288aa20513c4aafa0228d4cfd80e) Importer(815301076,1909f56bfc062723c751e8b465ee728b)  -> (artifact id: '2ef707dd8a73fdbf8db1be1c68c2fabb') in 0.010703 seconds 
========================================================================
Received Import Request.
  Time since last request: 1.216583 seconds.
  path: Assets/AutoHand/Scripts/Grabbable/WeightlessFollower.cs
  artifactKey: Guid(faa064f2c7293d94294547ec24301cf2) Importer(815301076,1909f56bfc062723c751e8b465ee728b)
Start importing Assets/AutoHand/Scripts/Grabbable/WeightlessFollower.cs using Guid(faa064f2c7293d94294547ec24301cf2) Importer(815301076,1909f56bfc062723c751e8b465ee728b)  -> (artifact id: '582ed6e66832d1e8c804d31460dfdcfa') in 0.010875 seconds 
========================================================================
Received Import Request.
  Time since last request: 1.964731 seconds.
  path: Assets/AutoHand/Scripts/Grabbable/GrabLock.cs
  artifactKey: Guid(72ddecfd57951984cb3fe8b722d3f68b) Importer(815301076,1909f56bfc062723c751e8b465ee728b)
Start importing Assets/AutoHand/Scripts/Grabbable/GrabLock.cs using Guid(72ddecfd57951984cb3fe8b722d3f68b) Importer(815301076,1909f56bfc062723c751e8b465ee728b)  -> (artifact id: 'ae4bf2b5ff0851eacd0f3ebf39a63861') in 0.008781 seconds 
========================================================================
Received Import Request.
  Time since last request: 16.237173 seconds.
  path: Assets/AutoHand/Scripts/Grabbable/GrabbableThrowEvent.cs
  artifactKey: Guid(94010c3364a7d0a43a5e49e48d078a08) Importer(815301076,1909f56bfc062723c751e8b465ee728b)
Start importing Assets/AutoHand/Scripts/Grabbable/GrabbableThrowEvent.cs using Guid(94010c3364a7d0a43a5e49e48d078a08) Importer(815301076,1909f56bfc062723c751e8b465ee728b)  -> (artifact id: '330f907f8607e4bc36850e571caafee7') in 0.009388 seconds 
========================================================================
Received Import Request.
  Time since last request: 55.770671 seconds.
  path: Assets/AutoHand/Scripts/Grabbable/GrabbablePoseCombiner.cs
  artifactKey: Guid(ac82bc3766612f34da61b06da6008fa9) Importer(815301076,1909f56bfc062723c751e8b465ee728b)
Start importing Assets/AutoHand/Scripts/Grabbable/GrabbablePoseCombiner.cs using Guid(ac82bc3766612f34da61b06da6008fa9) Importer(815301076,1909f56bfc062723c751e8b465ee728b)  -> (artifact id: 'f5f21fc1d6ae4bed2f962ddf4456fe60') in 0.012206 seconds 
========================================================================
Received Import Request.
  Time since last request: 38.135707 seconds.
  path: Assets/AutoHand/Scripts/Grabbable/GrabbableExtensions.cs
  artifactKey: Guid(b87d93cca04293d4cb59fd2373cfa5d4) Importer(815301076,1909f56bfc062723c751e8b465ee728b)
Start importing Assets/AutoHand/Scripts/Grabbable/GrabbableExtensions.cs using Guid(b87d93cca04293d4cb59fd2373cfa5d4) Importer(815301076,1909f56bfc062723c751e8b465ee728b)  -> (artifact id: '552c9b2ce8b73a36bea264baa7540835') in 0.011010 seconds 
========================================================================
Received Import Request.
  Time since last request: 0.521468 seconds.
  path: Assets/AutoHand/Scripts/Grabbable/GrabbableExtraEvents.cs
  artifactKey: Guid(35d8771252739254ea3bf5819ffad032) Importer(815301076,1909f56bfc062723c751e8b465ee728b)
Start importing Assets/AutoHand/Scripts/Grabbable/GrabbableExtraEvents.cs using Guid(35d8771252739254ea3bf5819ffad032) Importer(815301076,1909f56bfc062723c751e8b465ee728b)  -> (artifact id: 'b36044132aefbfd3052ffda2f3639de7') in 0.010172 seconds 
========================================================================
Received Import Request.
  Time since last request: 0.873553 seconds.
  path: Assets/AutoHand/Scripts/Grabbable/GrabbableOnlyJoint.cs
  artifactKey: Guid(87627214e167368439a3b48bdbc35bce) Importer(815301076,1909f56bfc062723c751e8b465ee728b)
Start importing Assets/AutoHand/Scripts/Grabbable/GrabbableOnlyJoint.cs using Guid(87627214e167368439a3b48bdbc35bce) Importer(815301076,1909f56bfc062723c751e8b465ee728b)  -> (artifact id: '8333114a99caa96e7f9f77d318e94ee2') in 0.009333 seconds 
========================================================================
Received Import Request.
  Time since last request: 4.561390 seconds.
  path: Assets/AutoHand/Scripts/Grabbable/GrabbablePose.cs
  artifactKey: Guid(5143e42808965614a9bb64f4880aaf33) Importer(815301076,1909f56bfc062723c751e8b465ee728b)
Start importing Assets/AutoHand/Scripts/Grabbable/GrabbablePose.cs using Guid(5143e42808965614a9bb64f4880aaf33) Importer(815301076,1909f56bfc062723c751e8b465ee728b)  -> (artifact id: '7547104d7661f4582d5c965ca2f7d8bb') in 0.008474 seconds 
========================================================================
Received Import Request.
  Time since last request: 0.973561 seconds.
  path: Assets/AutoHand/Scripts/Grabbable/GrabbablePoseAdvanced.cs
  artifactKey: Guid(c49b27d5a0e0d4dd8ab20e2bed42e835) Importer(815301076,1909f56bfc062723c751e8b465ee728b)
Start importing Assets/AutoHand/Scripts/Grabbable/GrabbablePoseAdvanced.cs using Guid(c49b27d5a0e0d4dd8ab20e2bed42e835) Importer(815301076,1909f56bfc062723c751e8b465ee728b)  -> (artifact id: '4836fc149931e9dd038e74e2e437c63f') in 0.009983 seconds 
========================================================================
Received Import Request.
  Time since last request: 18.210990 seconds.
  path: Assets/AutoHand/Examples/Mesh/meatTenderizer.fbx
  artifactKey: Guid(5dee120cea365a7429acdc6ad517fcea) Importer(815301076,1909f56bfc062723c751e8b465ee728b)
Start importing Assets/AutoHand/Examples/Mesh/meatTenderizer.fbx using Guid(5dee120cea365a7429acdc6ad517fcea) Importer(815301076,1909f56bfc062723c751e8b465ee728b)  -> (artifact id: '4b6238a7bcff0b7cf2d608e552254da2') in 0.074838 seconds 
========================================================================
Received Import Request.
  Time since last request: 2.769102 seconds.
  path: Assets/AutoHand/Examples/Mesh/Arrow.fbx
  artifactKey: Guid(414c4e2edc575024991a119f2fe341dd) Importer(815301076,1909f56bfc062723c751e8b465ee728b)
Start importing Assets/AutoHand/Examples/Mesh/Arrow.fbx using Guid(414c4e2edc575024991a119f2fe341dd) Importer(815301076,1909f56bfc062723c751e8b465ee728b)  -> (artifact id: 'db7cab9dd272a1a38eecde1f5bc3781b') in 0.037657 seconds 
========================================================================
Received Import Request.
  Time since last request: 159.484858 seconds.
  path: Assets/AutoHand/Examples/Shaders
  artifactKey: Guid(f87a9c0b3d718554d9d173a73f100a2d) Importer(815301076,1909f56bfc062723c751e8b465ee728b)
Start importing Assets/AutoHand/Examples/Shaders using Guid(f87a9c0b3d718554d9d173a73f100a2d) Importer(815301076,1909f56bfc062723c751e8b465ee728b)  -> (artifact id: '85f710ee0b5c8bc8b355e92086f2eff3') in 0.009441 seconds 
========================================================================
Received Import Request.
  Time since last request: 134.201757 seconds.
  path: Assets/AutoHand/Examples/Mesh/barrel.fbx
  artifactKey: Guid(ff8fd017c5db29946945ad5da13a5a30) Importer(815301076,1909f56bfc062723c751e8b465ee728b)
Start importing Assets/AutoHand/Examples/Mesh/barrel.fbx using Guid(ff8fd017c5db29946945ad5da13a5a30) Importer(815301076,1909f56bfc062723c751e8b465ee728b)  -> (artifact id: '218c89978c30168a8be51ca54ccd6752') in 0.043177 seconds 
========================================================================
Received Import Request.
  Time since last request: 0.032212 seconds.
  path: Assets/AutoHand/Examples/Mesh/CartoonHand.fbx
  artifactKey: Guid(9791c604bb6cc014585db360c1825c85) Importer(815301076,1909f56bfc062723c751e8b465ee728b)
Start importing Assets/AutoHand/Examples/Mesh/CartoonHand.fbx using Guid(9791c604bb6cc014585db360c1825c85) Importer(815301076,1909f56bfc062723c751e8b465ee728b)  -> (artifact id: '6b51c3d6d095dca9a83d64e2c8649015') in 0.081476 seconds 
========================================================================
Received Import Request.
  Time since last request: 0.000057 seconds.
  path: Assets/AutoHand/Examples/Mesh/SemiSphere.fbx
  artifactKey: Guid(f889576779dd2aa419b90e29465c310b) Importer(815301076,1909f56bfc062723c751e8b465ee728b)
Start importing Assets/AutoHand/Examples/Mesh/SemiSphere.fbx using Guid(f889576779dd2aa419b90e29465c310b) Importer(815301076,1909f56bfc062723c751e8b465ee728b)  -> (artifact id: '73f882232b195004445e929cd6e06b4f') in 0.033091 seconds 
========================================================================
Received Import Request.
  Time since last request: 0.000050 seconds.
  path: Assets/AutoHand/Examples/Mesh/Scar_EmptyShell.fbx
  artifactKey: Guid(a15bbe48c0103ad43b999d64b88b2e20) Importer(815301076,1909f56bfc062723c751e8b465ee728b)
Start importing Assets/AutoHand/Examples/Mesh/Scar_EmptyShell.fbx using Guid(a15bbe48c0103ad43b999d64b88b2e20) Importer(815301076,1909f56bfc062723c751e8b465ee728b)  -> (artifact id: '2ce31d3dc15ba2879b6f9f87190f6c2a') in 0.028642 seconds 
========================================================================
Received Import Request.
  Time since last request: 0.000028 seconds.
  path: Assets/AutoHand/Examples/Mesh/Table.fbx
  artifactKey: Guid(63090860fea52df4aafeda97244a962d) Importer(815301076,1909f56bfc062723c751e8b465ee728b)
Start importing Assets/AutoHand/Examples/Mesh/Table.fbx using Guid(63090860fea52df4aafeda97244a962d) Importer(815301076,1909f56bfc062723c751e8b465ee728b)  -> (artifact id: 'a58bcd0d6d3327c50ad7aca05551da80') in 0.041432 seconds 
========================================================================
Received Import Request.
  Time since last request: 0.000032 seconds.
  path: Assets/AutoHand/Examples/Mesh/sub.fbx
  artifactKey: Guid(46f7390b8a973f14db1682dc6a3600b1) Importer(815301076,1909f56bfc062723c751e8b465ee728b)
Start importing Assets/AutoHand/Examples/Mesh/sub.fbx using Guid(46f7390b8a973f14db1682dc6a3600b1) Importer(815301076,1909f56bfc062723c751e8b465ee728b)  -> (artifact id: '3f3d70536594536055e544481ffd40a4') in 0.101353 seconds 
========================================================================
Received Import Request.
  Time since last request: 0.000024 seconds.
  path: Assets/AutoHand/Examples/Mesh/CompoundBow.fbx
  artifactKey: Guid(745ee93c9bc39eb4cbfd6a6f05a60336) Importer(815301076,1909f56bfc062723c751e8b465ee728b)
Start importing Assets/AutoHand/Examples/Mesh/CompoundBow.fbx using Guid(745ee93c9bc39eb4cbfd6a6f05a60336) Importer(815301076,1909f56bfc062723c751e8b465ee728b)  -> (artifact id: '569c88c0c87ddc1e3db4869cce738f83') in 0.042679 seconds 
========================================================================
Received Import Request.
  Time since last request: 0.000040 seconds.
  path: Assets/AutoHand/Examples/Mesh/Scar.fbx
  artifactKey: Guid(9f9ca350dcbd38949828f288ff342386) Importer(815301076,1909f56bfc062723c751e8b465ee728b)
Start importing Assets/AutoHand/Examples/Mesh/Scar.fbx using Guid(9f9ca350dcbd38949828f288ff342386) Importer(815301076,1909f56bfc062723c751e8b465ee728b)  -> (artifact id: '6c80d2fce4cf4c3cece37a1999a0bd95') in 0.097673 seconds 
========================================================================
Received Import Request.
  Time since last request: 0.000054 seconds.
  path: Assets/AutoHand/Examples/Mesh/pistol.fbx
  artifactKey: Guid(152c449fcbb079049a38e5953ab3376b) Importer(815301076,1909f56bfc062723c751e8b465ee728b)
Start importing Assets/AutoHand/Examples/Mesh/pistol.fbx using Guid(152c449fcbb079049a38e5953ab3376b) Importer(815301076,1909f56bfc062723c751e8b465ee728b)  -> (artifact id: '055345a316664f6c73be96fe7a732397') in 0.202801 seconds 
========================================================================
Received Import Request.
  Time since last request: 0.000032 seconds.
  path: Assets/AutoHand/Examples/Mesh/cone.fbx
  artifactKey: Guid(b44fb07dbeb78e44bbb89d4f49341945) Importer(815301076,1909f56bfc062723c751e8b465ee728b)
Start importing Assets/AutoHand/Examples/Mesh/cone.fbx using Guid(b44fb07dbeb78e44bbb89d4f49341945) Importer(815301076,1909f56bfc062723c751e8b465ee728b)  -> (artifact id: '0544137b19352157700346f4f921e4ef') in 0.030668 seconds 
========================================================================
Received Import Request.
  Time since last request: 0.000066 seconds.
  path: Assets/AutoHand/Examples/Mesh/sodaBottle.fbx
  artifactKey: Guid(5f083abc966aace48ab9995e86e428f7) Importer(815301076,1909f56bfc062723c751e8b465ee728b)
Start importing Assets/AutoHand/Examples/Mesh/sodaBottle.fbx using Guid(5f083abc966aace48ab9995e86e428f7) Importer(815301076,1909f56bfc062723c751e8b465ee728b)  -> (artifact id: '2ef9cd149d3bfe9ae4dbd7a4af8a93d2') in 0.036631 seconds 
========================================================================
Received Import Request.
  Time since last request: 0.000035 seconds.
  path: Assets/AutoHand/Examples/Mesh/icosphere.fbx
  artifactKey: Guid(8ee7e7a8152ddfd4a86980aac591181c) Importer(815301076,1909f56bfc062723c751e8b465ee728b)
Start importing Assets/AutoHand/Examples/Mesh/icosphere.fbx using Guid(8ee7e7a8152ddfd4a86980aac591181c) Importer(815301076,1909f56bfc062723c751e8b465ee728b)  -> (artifact id: 'dd0d1afaf3bf158de0b02f15f86812c1') in 0.026944 seconds 
========================================================================
Received Import Request.
  Time since last request: 0.000035 seconds.
  path: Assets/AutoHand/Examples/Mesh/Wedge.fbx
  artifactKey: Guid(e37176e5d20046542adf1872d284029c) Importer(815301076,1909f56bfc062723c751e8b465ee728b)
Start importing Assets/AutoHand/Examples/Mesh/Wedge.fbx using Guid(e37176e5d20046542adf1872d284029c) Importer(815301076,1909f56bfc062723c751e8b465ee728b)  -> (artifact id: '15025269d970f33ef0b16ba2f32da243') in 0.026020 seconds 
========================================================================
Received Import Request.
  Time since last request: 0.000032 seconds.
  path: Assets/AutoHand/Examples/Mesh/SteeringWheel.fbx
  artifactKey: Guid(9c73c56e677cdf9479510b3476d32033) Importer(815301076,1909f56bfc062723c751e8b465ee728b)
Start importing Assets/AutoHand/Examples/Mesh/SteeringWheel.fbx using Guid(9c73c56e677cdf9479510b3476d32033) Importer(815301076,1909f56bfc062723c751e8b465ee728b)  -> (artifact id: 'f4f6a4580d95ed839ef5ed3ac30fbd3a') in 0.039946 seconds 
========================================================================
Received Import Request.
  Time since last request: 0.000029 seconds.
  path: Assets/AutoHand/Examples/Mesh/Button.fbx
  artifactKey: Guid(17685b6ae54411040bbb7cd3b294409c) Importer(815301076,1909f56bfc062723c751e8b465ee728b)
Start importing Assets/AutoHand/Examples/Mesh/Button.fbx using Guid(17685b6ae54411040bbb7cd3b294409c) Importer(815301076,1909f56bfc062723c751e8b465ee728b)  -> (artifact id: 'f93d41004e5a6683128e274776159600') in 0.038050 seconds 
========================================================================
Received Import Request.
  Time since last request: 0.000032 seconds.
  path: Assets/AutoHand/Examples/Mesh/tomatoMesh.fbx
  artifactKey: Guid(56443c43b74715f4d97286c46d4c7fd6) Importer(815301076,1909f56bfc062723c751e8b465ee728b)
Start importing Assets/AutoHand/Examples/Mesh/tomatoMesh.fbx using Guid(56443c43b74715f4d97286c46d4c7fd6) Importer(815301076,1909f56bfc062723c751e8b465ee728b)  -> (artifact id: '0ed9665b676dd6623938afc6800695b4') in 0.034812 seconds 
========================================================================
Received Import Request.
  Time since last request: 0.000043 seconds.
  path: Assets/AutoHand/Examples/Mesh/TableA.fbx
  artifactKey: Guid(9a7f977555dbfc647bcee33a2a64264b) Importer(815301076,1909f56bfc062723c751e8b465ee728b)
Start importing Assets/AutoHand/Examples/Mesh/TableA.fbx using Guid(9a7f977555dbfc647bcee33a2a64264b) Importer(815301076,1909f56bfc062723c751e8b465ee728b)  -> (artifact id: '6e6544193e6e224ce00b55a3846ac864') in 0.029827 seconds 
========================================================================
Received Import Request.
  Time since last request: 0.000030 seconds.
  path: Assets/AutoHand/Examples/Mesh/torus.fbx
  artifactKey: Guid(a23819d74902c124390dda7537af03ff) Importer(815301076,1909f56bfc062723c751e8b465ee728b)
Start importing Assets/AutoHand/Examples/Mesh/torus.fbx using Guid(a23819d74902c124390dda7537af03ff) Importer(815301076,1909f56bfc062723c751e8b465ee728b)  -> (artifact id: '0f39bd00f4994104d9e6566876159165') in 0.025521 seconds 
========================================================================
Received Import Request.
  Time since last request: 0.000034 seconds.
  path: Assets/AutoHand/Examples/Mesh/Dial.fbx
  artifactKey: Guid(e670e4720e64cf44bbcd26e145d479b6) Importer(815301076,1909f56bfc062723c751e8b465ee728b)
Start importing Assets/AutoHand/Examples/Mesh/Dial.fbx using Guid(e670e4720e64cf44bbcd26e145d479b6) Importer(815301076,1909f56bfc062723c751e8b465ee728b)  -> (artifact id: '2ef68689368dad0f131785ce2836f93f') in 0.039782 seconds 
========================================================================
Received Import Request.
  Time since last request: 0.000043 seconds.
  path: Assets/AutoHand/Examples/Mesh/NormalCar1.fbx
  artifactKey: Guid(1ce937b39ea5e614eac6cc1e3a29a564) Importer(815301076,1909f56bfc062723c751e8b465ee728b)
Start importing Assets/AutoHand/Examples/Mesh/NormalCar1.fbx using Guid(1ce937b39ea5e614eac6cc1e3a29a564) Importer(815301076,1909f56bfc062723c751e8b465ee728b)  -> (artifact id: 'ca9d65aa6f53d4d2fb2449a5476f8fb3') in 0.091894 seconds 
========================================================================
Received Import Request.
  Time since last request: 0.000031 seconds.
  path: Assets/AutoHand/Examples/Mesh/ScarBullet.fbx
  artifactKey: Guid(f046f6c4fb5ec604a8d5b62318b2957c) Importer(815301076,1909f56bfc062723c751e8b465ee728b)
Start importing Assets/AutoHand/Examples/Mesh/ScarBullet.fbx using Guid(f046f6c4fb5ec604a8d5b62318b2957c) Importer(815301076,1909f56bfc062723c751e8b465ee728b)  -> (artifact id: '164e0536497b214a4f765ea440047ebc') in 0.050849 seconds 
========================================================================
Received Import Request.
  Time since last request: 0.000044 seconds.
  path: Assets/AutoHand/Examples/Mesh/Scar_Ammo.fbx
  artifactKey: Guid(62a2133bd055b9842b34e64b2d7431a7) Importer(815301076,1909f56bfc062723c751e8b465ee728b)
Start importing Assets/AutoHand/Examples/Mesh/Scar_Ammo.fbx using Guid(62a2133bd055b9842b34e64b2d7431a7) Importer(815301076,1909f56bfc062723c751e8b465ee728b)  -> (artifact id: 'f5f6da3d1c829a23da2968f86de0f59f') in 0.049726 seconds 
========================================================================
Received Import Request.
  Time since last request: 0.000046 seconds.
  path: Assets/AutoHand/Examples/Mesh/Slide2.fbx
  artifactKey: Guid(d329a28839b5b1f4db8396608fdd6c37) Importer(815301076,1909f56bfc062723c751e8b465ee728b)
Start importing Assets/AutoHand/Examples/Mesh/Slide2.fbx using Guid(d329a28839b5b1f4db8396608fdd6c37) Importer(815301076,1909f56bfc062723c751e8b465ee728b)  -> (artifact id: '63ba847c225a0c638bdc02950ac5c754') in 0.049765 seconds 
========================================================================
Received Import Request.
  Time since last request: 0.000034 seconds.
  path: Assets/AutoHand/Examples/Mesh/Drawer Shelf.fbx
  artifactKey: Guid(642ab7a768dab8c41bd6e7e74136d44d) Importer(815301076,1909f56bfc062723c751e8b465ee728b)
Start importing Assets/AutoHand/Examples/Mesh/Drawer Shelf.fbx using Guid(642ab7a768dab8c41bd6e7e74136d44d) Importer(815301076,1909f56bfc062723c751e8b465ee728b)  -> (artifact id: '6aa1da9be0e1f6c7460cb3522dee8da5') in 0.213321 seconds 
========================================================================
Received Import Request.
  Time since last request: 5.528663 seconds.
  path: Assets/BrokenVector/LowPolyDungeon/Demo Scenes/Dungeon_Demo.unity
  artifactKey: Guid(b94ee59f12f411f488e6df197429e012) Importer(815301076,1909f56bfc062723c751e8b465ee728b)
Start importing Assets/BrokenVector/LowPolyDungeon/Demo Scenes/Dungeon_Demo.unity using Guid(b94ee59f12f411f488e6df197429e012) Importer(815301076,1909f56bfc062723c751e8b465ee728b)  -> (artifact id: 'a70b555029dd58ccf3877d8bfa630bb2') in 0.003079 seconds 
========================================================================
Received Prepare
Registering precompiled user dll's ...
Registered in 0.026935 seconds.
Begin MonoManager ReloadAssembly
Native extension for WindowsStandalone target not found
Native extension for Android target not found
Refreshing native plugins compatible for Editor in 2.21 ms, found 12 plugins.
Preloading 1 native plugins for Editor in 0.20 ms.
System.Reflection.TargetInvocationException: Exception has been thrown by the target of an invocation. ---> System.NullReferenceException: Object reference not set to an instance of an object
  at Unity.XR.Oculus.OculusLoader.AssetPathToAbsolutePath (System.String assetPath) [0x0003d] in C:\Users\Ken Kobayashi\Desktop\Unity\VRInstrument\Library\PackageCache\com.unity.xr.oculus@3.2.3\Runtime\OculusLoader.cs:296 
  at Unity.XR.Oculus.OculusLoader.EditorLoadOVRPlugin () [0x0007b] in C:\Users\Ken Kobayashi\Desktop\Unity\VRInstrument\Library\PackageCache\com.unity.xr.oculus@3.2.3\Runtime\OculusLoader.cs:281 
  at (wrapper managed-to-native) System.Reflection.RuntimeMethodInfo.InternalInvoke(System.Reflection.RuntimeMethodInfo,object,object[],System.Exception&)
  at System.Reflection.RuntimeMethodInfo.Invoke (System.Object obj, System.Reflection.BindingFlags invokeAttr, System.Reflection.Binder binder, System.Object[] parameters, System.Globalization.CultureInfo culture) [0x0006a] in <c9d3ffd4b98649ee9989e1908eaca019>:0 
   --- End of inner exception stack trace ---
  at System.Reflection.RuntimeMethodInfo.Invoke (System.Object obj, System.Reflection.BindingFlags invokeAttr, System.Reflection.Binder binder, System.Object[] parameters, System.Globalization.CultureInfo culture) [0x00083] in <c9d3ffd4b98649ee9989e1908eaca019>:0 
  at System.Reflection.MethodBase.Invoke (System.Object obj, System.Object[] parameters) [0x00000] in <c9d3ffd4b98649ee9989e1908eaca019>:0 
  at UnityEditor.EditorAssemblies.ProcessInitializeOnLoadMethodAttributes () [0x000a5] in <dc1a47a5816e4be7bc6817ee4d339e75>:0 
UnityEngine.StackTraceUtility:ExtractStackTrace ()
UnityEngine.DebugLogHandler:LogFormat (UnityEngine.LogType,UnityEngine.Object,string,object[])
UnityEngine.Logger:Log (UnityEngine.LogType,object)
UnityEngine.Debug:LogError (object)
UnityEditor.EditorAssemblies:ProcessInitializeOnLoadMethodAttributes ()

Mono: successfully reloaded assembly
- Completed reload, in  1.809 seconds
Domain Reload Profiling:
	ReloadAssembly (1810ms)
		BeginReloadAssembly (221ms)
			ExecutionOrderSort (0ms)
			DisableScriptedObjects (6ms)
			BackupInstance (0ms)
			ReleaseScriptingObjects (0ms)
			CreateAndSetChildDomain (65ms)
		EndReloadAssembly (1422ms)
			LoadAssemblies (181ms)
			RebuildTransferFunctionScriptingTraits (0ms)
			SetupTypeCache (451ms)
			ReleaseScriptCaches (2ms)
			RebuildScriptCaches (59ms)
			SetupLoadedEditorAssemblies (663ms)
				LogAssemblyErrors (0ms)
				InitializePlatformSupportModulesInManaged (30ms)
				SetLoadedEditorAssemblies (1ms)
				RefreshPlugins (3ms)
				BeforeProcessingInitializeOnLoad (118ms)
				ProcessInitializeOnLoadAttributes (438ms)
				ProcessInitializeOnLoadMethodAttributes (67ms)
				AfterProcessingInitializeOnLoad (7ms)
				EditorAssembliesLoaded (0ms)
			ExecutionOrderSort2 (0ms)
			AwakeInstancesAfterBackupRestoration (10ms)
Platform modules already initialized, skipping
Refreshing native plugins compatible for Editor in 12.04 ms, found 12 plugins.
Preloading 1 native plugins for Editor in 0.12 ms.
Unloading 4146 Unused Serialized files (Serialized files now loaded: 0)
Unloading 51 unused Assets / (417.1 KB). Loaded Objects now: 4668.
Memory consumption went from 164.8 MB to 164.4 MB.
Total: 7.123400 ms (FindLiveObjects: 0.576900 ms CreateObjectMapping: 0.369800 ms MarkObjects: 5.692800 ms  DeleteObjects: 0.482100 ms)

AssetImportParameters requested are different than current active one (requested -> active):
  custom:video-decoder-ogg-theora: a1e56fd34408186e4bbccfd4996cb3dc -> 
  custom:container-muxer-webm: aa71ff27fc2769a1b78a27578f13a17b -> 
  custom:container-demuxer-webm: 4f35f7cbe854078d1ac9338744f61a02 -> 
  custom:video-encoder-webm-vp8: eb34c28f22e8b96e1ab97ce403110664 -> 
  custom:audio-encoder-webm-vorbis: bf7c407c2cedff20999df2af8eb42d56 -> 
  custom:framework-win-MediaFoundation: 216162199b28c13a410421893ffa2e32 -> 
  custom:container-demuxer-ogg: 62fdf1f143b41e24485cea50d1cbac27 -> 
  custom:video-decoder-webm-vp8: 9c59270c3fd7afecdb556c50c9e8de78 -> 
  custom:audio-decoder-ogg-vorbis: bf7c407c2cedff20999df2af8eb42d56 -> 
========================================================================
Received Prepare
Registering precompiled user dll's ...
Registered in 0.017256 seconds.
Begin MonoManager ReloadAssembly
Native extension for WindowsStandalone target not found
Native extension for Android target not found
Refreshing native plugins compatible for Editor in 1.34 ms, found 12 plugins.
Preloading 1 native plugins for Editor in 0.16 ms.
System.Reflection.TargetInvocationException: Exception has been thrown by the target of an invocation. ---> System.NullReferenceException: Object reference not set to an instance of an object
  at Unity.XR.Oculus.OculusLoader.AssetPathToAbsolutePath (System.String assetPath) [0x0003d] in C:\Users\Ken Kobayashi\Desktop\Unity\VRInstrument\Library\PackageCache\com.unity.xr.oculus@3.2.3\Runtime\OculusLoader.cs:296 
  at Unity.XR.Oculus.OculusLoader.EditorLoadOVRPlugin () [0x0007b] in C:\Users\Ken Kobayashi\Desktop\Unity\VRInstrument\Library\PackageCache\com.unity.xr.oculus@3.2.3\Runtime\OculusLoader.cs:281 
  at (wrapper managed-to-native) System.Reflection.RuntimeMethodInfo.InternalInvoke(System.Reflection.RuntimeMethodInfo,object,object[],System.Exception&)
  at System.Reflection.RuntimeMethodInfo.Invoke (System.Object obj, System.Reflection.BindingFlags invokeAttr, System.Reflection.Binder binder, System.Object[] parameters, System.Globalization.CultureInfo culture) [0x0006a] in <c9d3ffd4b98649ee9989e1908eaca019>:0 
   --- End of inner exception stack trace ---
  at System.Reflection.RuntimeMethodInfo.Invoke (System.Object obj, System.Reflection.BindingFlags invokeAttr, System.Reflection.Binder binder, System.Object[] parameters, System.Globalization.CultureInfo culture) [0x00083] in <c9d3ffd4b98649ee9989e1908eaca019>:0 
  at System.Reflection.MethodBase.Invoke (System.Object obj, System.Object[] parameters) [0x00000] in <c9d3ffd4b98649ee9989e1908eaca019>:0 
  at UnityEditor.EditorAssemblies.ProcessInitializeOnLoadMethodAttributes () [0x000a5] in <dc1a47a5816e4be7bc6817ee4d339e75>:0 
UnityEngine.StackTraceUtility:ExtractStackTrace ()
UnityEngine.DebugLogHandler:LogFormat (UnityEngine.LogType,UnityEngine.Object,string,object[])
UnityEngine.Logger:Log (UnityEngine.LogType,object)
UnityEngine.Debug:LogError (object)
UnityEditor.EditorAssemblies:ProcessInitializeOnLoadMethodAttributes ()

Mono: successfully reloaded assembly
- Completed reload, in  1.600 seconds
Domain Reload Profiling:
	ReloadAssembly (1601ms)
		BeginReloadAssembly (191ms)
			ExecutionOrderSort (0ms)
			DisableScriptedObjects (7ms)
			BackupInstance (0ms)
			ReleaseScriptingObjects (0ms)
			CreateAndSetChildDomain (56ms)
		EndReloadAssembly (1250ms)
			LoadAssemblies (142ms)
			RebuildTransferFunctionScriptingTraits (0ms)
			SetupTypeCache (422ms)
			ReleaseScriptCaches (2ms)
			RebuildScriptCaches (68ms)
			SetupLoadedEditorAssemblies (534ms)
				LogAssemblyErrors (0ms)
				InitializePlatformSupportModulesInManaged (27ms)
				SetLoadedEditorAssemblies (1ms)
				RefreshPlugins (2ms)
				BeforeProcessingInitializeOnLoad (101ms)
				ProcessInitializeOnLoadAttributes (344ms)
				ProcessInitializeOnLoadMethodAttributes (55ms)
				AfterProcessingInitializeOnLoad (4ms)
				EditorAssembliesLoaded (0ms)
			ExecutionOrderSort2 (0ms)
			AwakeInstancesAfterBackupRestoration (7ms)
Platform modules already initialized, skipping
Refreshing native plugins compatible for Editor in 8.58 ms, found 12 plugins.
Preloading 1 native plugins for Editor in 0.12 ms.
Unloading 4146 Unused Serialized files (Serialized files now loaded: 0)
Unloading 51 unused Assets / (417.3 KB). Loaded Objects now: 4672.
Memory consumption went from 164.9 MB to 164.5 MB.
Total: 4.791300 ms (FindLiveObjects: 0.405400 ms CreateObjectMapping: 0.130800 ms MarkObjects: 3.963700 ms  DeleteObjects: 0.290100 ms)

AssetImportParameters requested are different than current active one (requested -> active):
  custom:video-decoder-ogg-theora: a1e56fd34408186e4bbccfd4996cb3dc -> 
  custom:container-muxer-webm: aa71ff27fc2769a1b78a27578f13a17b -> 
  custom:container-demuxer-webm: 4f35f7cbe854078d1ac9338744f61a02 -> 
  custom:video-encoder-webm-vp8: eb34c28f22e8b96e1ab97ce403110664 -> 
  custom:audio-encoder-webm-vorbis: bf7c407c2cedff20999df2af8eb42d56 -> 
  custom:framework-win-MediaFoundation: 216162199b28c13a410421893ffa2e32 -> 
  custom:container-demuxer-ogg: 62fdf1f143b41e24485cea50d1cbac27 -> 
  custom:video-decoder-webm-vp8: 9c59270c3fd7afecdb556c50c9e8de78 -> 
  custom:audio-decoder-ogg-vorbis: bf7c407c2cedff20999df2af8eb42d56 -> 
========================================================================
Received Prepare
Registering precompiled user dll's ...
Registered in 0.021478 seconds.
Begin MonoManager ReloadAssembly
Native extension for WindowsStandalone target not found
Native extension for Android target not found
Refreshing native plugins compatible for Editor in 1.29 ms, found 12 plugins.
Preloading 1 native plugins for Editor in 0.13 ms.
System.Reflection.TargetInvocationException: Exception has been thrown by the target of an invocation. ---> System.NullReferenceException: Object reference not set to an instance of an object
  at Unity.XR.Oculus.OculusLoader.AssetPathToAbsolutePath (System.String assetPath) [0x0003d] in C:\Users\Ken Kobayashi\Desktop\Unity\VRInstrument\Library\PackageCache\com.unity.xr.oculus@3.2.3\Runtime\OculusLoader.cs:296 
  at Unity.XR.Oculus.OculusLoader.EditorLoadOVRPlugin () [0x0007b] in C:\Users\Ken Kobayashi\Desktop\Unity\VRInstrument\Library\PackageCache\com.unity.xr.oculus@3.2.3\Runtime\OculusLoader.cs:281 
  at (wrapper managed-to-native) System.Reflection.RuntimeMethodInfo.InternalInvoke(System.Reflection.RuntimeMethodInfo,object,object[],System.Exception&)
  at System.Reflection.RuntimeMethodInfo.Invoke (System.Object obj, System.Reflection.BindingFlags invokeAttr, System.Reflection.Binder binder, System.Object[] parameters, System.Globalization.CultureInfo culture) [0x0006a] in <c9d3ffd4b98649ee9989e1908eaca019>:0 
   --- End of inner exception stack trace ---
  at System.Reflection.RuntimeMethodInfo.Invoke (System.Object obj, System.Reflection.BindingFlags invokeAttr, System.Reflection.Binder binder, System.Object[] parameters, System.Globalization.CultureInfo culture) [0x00083] in <c9d3ffd4b98649ee9989e1908eaca019>:0 
  at System.Reflection.MethodBase.Invoke (System.Object obj, System.Object[] parameters) [0x00000] in <c9d3ffd4b98649ee9989e1908eaca019>:0 
  at UnityEditor.EditorAssemblies.ProcessInitializeOnLoadMethodAttributes () [0x000a5] in <dc1a47a5816e4be7bc6817ee4d339e75>:0 
UnityEngine.StackTraceUtility:ExtractStackTrace ()
UnityEngine.DebugLogHandler:LogFormat (UnityEngine.LogType,UnityEngine.Object,string,object[])
UnityEngine.Logger:Log (UnityEngine.LogType,object)
UnityEngine.Debug:LogError (object)
UnityEditor.EditorAssemblies:ProcessInitializeOnLoadMethodAttributes ()

Mono: successfully reloaded assembly
- Completed reload, in  1.550 seconds
Domain Reload Profiling:
	ReloadAssembly (1551ms)
		BeginReloadAssembly (183ms)
			ExecutionOrderSort (0ms)
			DisableScriptedObjects (6ms)
			BackupInstance (0ms)
			ReleaseScriptingObjects (0ms)
			CreateAndSetChildDomain (54ms)
		EndReloadAssembly (1216ms)
			LoadAssemblies (130ms)
			RebuildTransferFunctionScriptingTraits (0ms)
			SetupTypeCache (413ms)
			ReleaseScriptCaches (2ms)
			RebuildScriptCaches (54ms)
			SetupLoadedEditorAssemblies (549ms)
				LogAssemblyErrors (0ms)
				InitializePlatformSupportModulesInManaged (27ms)
				SetLoadedEditorAssemblies (1ms)
				RefreshPlugins (2ms)
				BeforeProcessingInitializeOnLoad (93ms)
				ProcessInitializeOnLoadAttributes (359ms)
				ProcessInitializeOnLoadMethodAttributes (62ms)
				AfterProcessingInitializeOnLoad (4ms)
				EditorAssembliesLoaded (0ms)
			ExecutionOrderSort2 (0ms)
			AwakeInstancesAfterBackupRestoration (7ms)
Platform modules already initialized, skipping
Refreshing native plugins compatible for Editor in 10.78 ms, found 12 plugins.
Preloading 1 native plugins for Editor in 0.11 ms.
Unloading 4146 Unused Serialized files (Serialized files now loaded: 0)
Unloading 51 unused Assets / (416.9 KB). Loaded Objects now: 4676.
Memory consumption went from 164.9 MB to 164.5 MB.
Total: 5.526000 ms (FindLiveObjects: 0.589000 ms CreateObjectMapping: 0.238300 ms MarkObjects: 4.336500 ms  DeleteObjects: 0.360500 ms)

AssetImportParameters requested are different than current active one (requested -> active):
  custom:video-decoder-ogg-theora: a1e56fd34408186e4bbccfd4996cb3dc -> 
  custom:container-muxer-webm: aa71ff27fc2769a1b78a27578f13a17b -> 
  custom:container-demuxer-webm: 4f35f7cbe854078d1ac9338744f61a02 -> 
  custom:video-encoder-webm-vp8: eb34c28f22e8b96e1ab97ce403110664 -> 
  custom:audio-encoder-webm-vorbis: bf7c407c2cedff20999df2af8eb42d56 -> 
  custom:framework-win-MediaFoundation: 216162199b28c13a410421893ffa2e32 -> 
  custom:container-demuxer-ogg: 62fdf1f143b41e24485cea50d1cbac27 -> 
  custom:video-decoder-webm-vp8: 9c59270c3fd7afecdb556c50c9e8de78 -> 
  custom:audio-decoder-ogg-vorbis: bf7c407c2cedff20999df2af8eb42d56 -> 
========================================================================
Received Prepare
Registering precompiled user dll's ...
Registered in 0.018516 seconds.
Begin MonoManager ReloadAssembly
Native extension for WindowsStandalone target not found
Native extension for Android target not found
Refreshing native plugins compatible for Editor in 1.64 ms, found 12 plugins.
Preloading 1 native plugins for Editor in 0.18 ms.
System.Reflection.TargetInvocationException: Exception has been thrown by the target of an invocation. ---> System.NullReferenceException: Object reference not set to an instance of an object
  at Unity.XR.Oculus.OculusLoader.AssetPathToAbsolutePath (System.String assetPath) [0x0003d] in C:\Users\Ken Kobayashi\Desktop\Unity\VRInstrument\Library\PackageCache\com.unity.xr.oculus@3.2.3\Runtime\OculusLoader.cs:296 
  at Unity.XR.Oculus.OculusLoader.EditorLoadOVRPlugin () [0x0007b] in C:\Users\Ken Kobayashi\Desktop\Unity\VRInstrument\Library\PackageCache\com.unity.xr.oculus@3.2.3\Runtime\OculusLoader.cs:281 
  at (wrapper managed-to-native) System.Reflection.RuntimeMethodInfo.InternalInvoke(System.Reflection.RuntimeMethodInfo,object,object[],System.Exception&)
  at System.Reflection.RuntimeMethodInfo.Invoke (System.Object obj, System.Reflection.BindingFlags invokeAttr, System.Reflection.Binder binder, System.Object[] parameters, System.Globalization.CultureInfo culture) [0x0006a] in <c9d3ffd4b98649ee9989e1908eaca019>:0 
   --- End of inner exception stack trace ---
  at System.Reflection.RuntimeMethodInfo.Invoke (System.Object obj, System.Reflection.BindingFlags invokeAttr, System.Reflection.Binder binder, System.Object[] parameters, System.Globalization.CultureInfo culture) [0x00083] in <c9d3ffd4b98649ee9989e1908eaca019>:0 
  at System.Reflection.MethodBase.Invoke (System.Object obj, System.Object[] parameters) [0x00000] in <c9d3ffd4b98649ee9989e1908eaca019>:0 
  at UnityEditor.EditorAssemblies.ProcessInitializeOnLoadMethodAttributes () [0x000a5] in <dc1a47a5816e4be7bc6817ee4d339e75>:0 
UnityEngine.StackTraceUtility:ExtractStackTrace ()
UnityEngine.DebugLogHandler:LogFormat (UnityEngine.LogType,UnityEngine.Object,string,object[])
UnityEngine.Logger:Log (UnityEngine.LogType,object)
UnityEngine.Debug:LogError (object)
UnityEditor.EditorAssemblies:ProcessInitializeOnLoadMethodAttributes ()

Mono: successfully reloaded assembly
- Completed reload, in  1.590 seconds
Domain Reload Profiling:
	ReloadAssembly (1591ms)
		BeginReloadAssembly (207ms)
			ExecutionOrderSort (0ms)
			DisableScriptedObjects (6ms)
			BackupInstance (0ms)
			ReleaseScriptingObjects (0ms)
			CreateAndSetChildDomain (65ms)
		EndReloadAssembly (1221ms)
			LoadAssemblies (158ms)
			RebuildTransferFunctionScriptingTraits (0ms)
			SetupTypeCache (396ms)
			ReleaseScriptCaches (2ms)
			RebuildScriptCaches (70ms)
			SetupLoadedEditorAssemblies (533ms)
				LogAssemblyErrors (0ms)
				InitializePlatformSupportModulesInManaged (29ms)
				SetLoadedEditorAssemblies (1ms)
				RefreshPlugins (2ms)
				BeforeProcessingInitializeOnLoad (95ms)
				ProcessInitializeOnLoadAttributes (345ms)
				ProcessInitializeOnLoadMethodAttributes (57ms)
				AfterProcessingInitializeOnLoad (5ms)
				EditorAssembliesLoaded (0ms)
			ExecutionOrderSort2 (0ms)
			AwakeInstancesAfterBackupRestoration (7ms)
Platform modules already initialized, skipping
Refreshing native plugins compatible for Editor in 10.47 ms, found 12 plugins.
Preloading 1 native plugins for Editor in 0.13 ms.
Unloading 4146 Unused Serialized files (Serialized files now loaded: 0)
Unloading 51 unused Assets / (417.1 KB). Loaded Objects now: 4680.
Memory consumption went from 164.9 MB to 164.5 MB.
Total: 4.533100 ms (FindLiveObjects: 0.392800 ms CreateObjectMapping: 0.116200 ms MarkObjects: 3.678600 ms  DeleteObjects: 0.344100 ms)

AssetImportParameters requested are different than current active one (requested -> active):
  custom:video-decoder-ogg-theora: a1e56fd34408186e4bbccfd4996cb3dc -> 
  custom:container-muxer-webm: aa71ff27fc2769a1b78a27578f13a17b -> 
  custom:container-demuxer-webm: 4f35f7cbe854078d1ac9338744f61a02 -> 
  custom:video-encoder-webm-vp8: eb34c28f22e8b96e1ab97ce403110664 -> 
  custom:audio-encoder-webm-vorbis: bf7c407c2cedff20999df2af8eb42d56 -> 
  custom:framework-win-MediaFoundation: 216162199b28c13a410421893ffa2e32 -> 
  custom:container-demuxer-ogg: 62fdf1f143b41e24485cea50d1cbac27 -> 
  custom:video-decoder-webm-vp8: 9c59270c3fd7afecdb556c50c9e8de78 -> 
  custom:audio-decoder-ogg-vorbis: bf7c407c2cedff20999df2af8eb42d56 -> 
========================================================================
Received Import Request.
  Time since last request: 448.416938 seconds.
  path: Assets/AutoHand/Scripts/Tools/AutoHandSettings.cs
  artifactKey: Guid(0bda962a91c41024b9c86bcb7cb57d2f) Importer(815301076,1909f56bfc062723c751e8b465ee728b)
Start importing Assets/AutoHand/Scripts/Tools/AutoHandSettings.cs using Guid(0bda962a91c41024b9c86bcb7cb57d2f) Importer(815301076,1909f56bfc062723c751e8b465ee728b)  -> (artifact id: 'c826f05758390fbbc27ef77cc22a649e') in 0.029344 seconds 
========================================================================
Received Import Request.
  Time since last request: 0.629974 seconds.
  path: Assets/AutoHand/Scripts/Tools/AutoInputModule.cs
  artifactKey: Guid(f3db25e7af68fae448be32ac1f37480f) Importer(815301076,1909f56bfc062723c751e8b465ee728b)
Start importing Assets/AutoHand/Scripts/Tools/AutoInputModule.cs using Guid(f3db25e7af68fae448be32ac1f37480f) Importer(815301076,1909f56bfc062723c751e8b465ee728b)  -> (artifact id: '2670b18cbb2e23eb332184965cd97aae') in 0.009079 seconds 
========================================================================
Received Import Request.
  Time since last request: 0.529456 seconds.
  path: Assets/AutoHand/Scripts/Tools/CollisionIgnores.cs
  artifactKey: Guid(fe6db899177c9e348ba7b46314349499) Importer(815301076,1909f56bfc062723c751e8b465ee728b)
Start importing Assets/AutoHand/Scripts/Tools/CollisionIgnores.cs using Guid(fe6db899177c9e348ba7b46314349499) Importer(815301076,1909f56bfc062723c751e8b465ee728b)  -> (artifact id: 'f11a33ef086f02b580f78a12fbbc0440') in 0.009392 seconds 
========================================================================
Received Import Request.
  Time since last request: 0.732781 seconds.
  path: Assets/AutoHand/Scripts/Tools/CollisionSound.cs
  artifactKey: Guid(1c498b8ff53f43d43bb5f3b6001c2364) Importer(815301076,1909f56bfc062723c751e8b465ee728b)
Start importing Assets/AutoHand/Scripts/Tools/CollisionSound.cs using Guid(1c498b8ff53f43d43bb5f3b6001c2364) Importer(815301076,1909f56bfc062723c751e8b465ee728b)  -> (artifact id: 'fe0099a21932b43cc56549f951b9c075') in 0.008860 seconds 
========================================================================
Received Import Request.
  Time since last request: 2.075836 seconds.
  path: Assets/AutoHand/Scripts/Tools/CollisionTracker.cs
  artifactKey: Guid(21360bf2f4ba84149856028de8de2c89) Importer(815301076,1909f56bfc062723c751e8b465ee728b)
Start importing Assets/AutoHand/Scripts/Tools/CollisionTracker.cs using Guid(21360bf2f4ba84149856028de8de2c89) Importer(815301076,1909f56bfc062723c751e8b465ee728b)  -> (artifact id: '7b367353ee2117b91781f1e9a69a0edd') in 0.009039 seconds 
========================================================================
Received Prepare
Registering precompiled user dll's ...
Registered in 0.020318 seconds.
Begin MonoManager ReloadAssembly
Native extension for WindowsStandalone target not found
Native extension for Android target not found
Refreshing native plugins compatible for Editor in 1.29 ms, found 12 plugins.
Preloading 1 native plugins for Editor in 0.20 ms.
System.Reflection.TargetInvocationException: Exception has been thrown by the target of an invocation. ---> System.NullReferenceException: Object reference not set to an instance of an object
  at Unity.XR.Oculus.OculusLoader.AssetPathToAbsolutePath (System.String assetPath) [0x0003d] in C:\Users\Ken Kobayashi\Desktop\Unity\VRInstrument\Library\PackageCache\com.unity.xr.oculus@3.2.3\Runtime\OculusLoader.cs:296 
  at Unity.XR.Oculus.OculusLoader.EditorLoadOVRPlugin () [0x0007b] in C:\Users\Ken Kobayashi\Desktop\Unity\VRInstrument\Library\PackageCache\com.unity.xr.oculus@3.2.3\Runtime\OculusLoader.cs:281 
  at (wrapper managed-to-native) System.Reflection.RuntimeMethodInfo.InternalInvoke(System.Reflection.RuntimeMethodInfo,object,object[],System.Exception&)
  at System.Reflection.RuntimeMethodInfo.Invoke (System.Object obj, System.Reflection.BindingFlags invokeAttr, System.Reflection.Binder binder, System.Object[] parameters, System.Globalization.CultureInfo culture) [0x0006a] in <c9d3ffd4b98649ee9989e1908eaca019>:0 
   --- End of inner exception stack trace ---
  at System.Reflection.RuntimeMethodInfo.Invoke (System.Object obj, System.Reflection.BindingFlags invokeAttr, System.Reflection.Binder binder, System.Object[] parameters, System.Globalization.CultureInfo culture) [0x00083] in <c9d3ffd4b98649ee9989e1908eaca019>:0 
  at System.Reflection.MethodBase.Invoke (System.Object obj, System.Object[] parameters) [0x00000] in <c9d3ffd4b98649ee9989e1908eaca019>:0 
  at UnityEditor.EditorAssemblies.ProcessInitializeOnLoadMethodAttributes () [0x000a5] in <dc1a47a5816e4be7bc6817ee4d339e75>:0 
UnityEngine.StackTraceUtility:ExtractStackTrace ()
UnityEngine.DebugLogHandler:LogFormat (UnityEngine.LogType,UnityEngine.Object,string,object[])
UnityEngine.Logger:Log (UnityEngine.LogType,object)
UnityEngine.Debug:LogError (object)
UnityEditor.EditorAssemblies:ProcessInitializeOnLoadMethodAttributes ()

Mono: successfully reloaded assembly
- Completed reload, in  1.499 seconds
Domain Reload Profiling:
	ReloadAssembly (1500ms)
		BeginReloadAssembly (166ms)
			ExecutionOrderSort (0ms)
			DisableScriptedObjects (7ms)
			BackupInstance (0ms)
			ReleaseScriptingObjects (0ms)
			CreateAndSetChildDomain (44ms)
		EndReloadAssembly (1201ms)
			LoadAssemblies (135ms)
			RebuildTransferFunctionScriptingTraits (0ms)
			SetupTypeCache (362ms)
			ReleaseScriptCaches (1ms)
			RebuildScriptCaches (53ms)
			SetupLoadedEditorAssemblies (572ms)
				LogAssemblyErrors (0ms)
				InitializePlatformSupportModulesInManaged (26ms)
				SetLoadedEditorAssemblies (1ms)
				RefreshPlugins (2ms)
				BeforeProcessingInitializeOnLoad (101ms)
				ProcessInitializeOnLoadAttributes (373ms)
				ProcessInitializeOnLoadMethodAttributes (65ms)
				AfterProcessingInitializeOnLoad (5ms)
				EditorAssembliesLoaded (0ms)
			ExecutionOrderSort2 (0ms)
			AwakeInstancesAfterBackupRestoration (7ms)
Platform modules already initialized, skipping
Refreshing native plugins compatible for Editor in 9.81 ms, found 12 plugins.
Preloading 1 native plugins for Editor in 0.12 ms.
Unloading 4146 Unused Serialized files (Serialized files now loaded: 0)
Unloading 51 unused Assets / (417.4 KB). Loaded Objects now: 4684.
Memory consumption went from 164.9 MB to 164.5 MB.
Total: 4.973700 ms (FindLiveObjects: 0.645900 ms CreateObjectMapping: 0.259500 ms MarkObjects: 3.750500 ms  DeleteObjects: 0.315800 ms)

AssetImportParameters requested are different than current active one (requested -> active):
  custom:video-decoder-ogg-theora: a1e56fd34408186e4bbccfd4996cb3dc -> 
  custom:container-muxer-webm: aa71ff27fc2769a1b78a27578f13a17b -> 
  custom:container-demuxer-webm: 4f35f7cbe854078d1ac9338744f61a02 -> 
  custom:video-encoder-webm-vp8: eb34c28f22e8b96e1ab97ce403110664 -> 
  custom:audio-encoder-webm-vorbis: bf7c407c2cedff20999df2af8eb42d56 -> 
  custom:framework-win-MediaFoundation: 216162199b28c13a410421893ffa2e32 -> 
  custom:container-demuxer-ogg: 62fdf1f143b41e24485cea50d1cbac27 -> 
  custom:video-decoder-webm-vp8: 9c59270c3fd7afecdb556c50c9e8de78 -> 
  custom:audio-decoder-ogg-vorbis: bf7c407c2cedff20999df2af8eb42d56 -> 
========================================================================
Received Prepare
Registering precompiled user dll's ...
Registered in 0.017652 seconds.
Begin MonoManager ReloadAssembly
Native extension for WindowsStandalone target not found
Native extension for Android target not found
Refreshing native plugins compatible for Editor in 1.19 ms, found 12 plugins.
Preloading 1 native plugins for Editor in 0.18 ms.
System.Reflection.TargetInvocationException: Exception has been thrown by the target of an invocation. ---> System.NullReferenceException: Object reference not set to an instance of an object
  at Unity.XR.Oculus.OculusLoader.AssetPathToAbsolutePath (System.String assetPath) [0x0003d] in C:\Users\Ken Kobayashi\Desktop\Unity\VRInstrument\Library\PackageCache\com.unity.xr.oculus@3.2.3\Runtime\OculusLoader.cs:296 
  at Unity.XR.Oculus.OculusLoader.EditorLoadOVRPlugin () [0x0007b] in C:\Users\Ken Kobayashi\Desktop\Unity\VRInstrument\Library\PackageCache\com.unity.xr.oculus@3.2.3\Runtime\OculusLoader.cs:281 
  at (wrapper managed-to-native) System.Reflection.RuntimeMethodInfo.InternalInvoke(System.Reflection.RuntimeMethodInfo,object,object[],System.Exception&)
  at System.Reflection.RuntimeMethodInfo.Invoke (System.Object obj, System.Reflection.BindingFlags invokeAttr, System.Reflection.Binder binder, System.Object[] parameters, System.Globalization.CultureInfo culture) [0x0006a] in <c9d3ffd4b98649ee9989e1908eaca019>:0 
   --- End of inner exception stack trace ---
  at System.Reflection.RuntimeMethodInfo.Invoke (System.Object obj, System.Reflection.BindingFlags invokeAttr, System.Reflection.Binder binder, System.Object[] parameters, System.Globalization.CultureInfo culture) [0x00083] in <c9d3ffd4b98649ee9989e1908eaca019>:0 
  at System.Reflection.MethodBase.Invoke (System.Object obj, System.Object[] parameters) [0x00000] in <c9d3ffd4b98649ee9989e1908eaca019>:0 
  at UnityEditor.EditorAssemblies.ProcessInitializeOnLoadMethodAttributes () [0x000a5] in <dc1a47a5816e4be7bc6817ee4d339e75>:0 
UnityEngine.StackTraceUtility:ExtractStackTrace ()
UnityEngine.DebugLogHandler:LogFormat (UnityEngine.LogType,UnityEngine.Object,string,object[])
UnityEngine.Logger:Log (UnityEngine.LogType,object)
UnityEngine.Debug:LogError (object)
UnityEditor.EditorAssemblies:ProcessInitializeOnLoadMethodAttributes ()

Mono: successfully reloaded assembly
- Completed reload, in  1.542 seconds
Domain Reload Profiling:
	ReloadAssembly (1543ms)
		BeginReloadAssembly (186ms)
			ExecutionOrderSort (0ms)
			DisableScriptedObjects (8ms)
			BackupInstance (0ms)
			ReleaseScriptingObjects (0ms)
			CreateAndSetChildDomain (42ms)
		EndReloadAssembly (1201ms)
			LoadAssemblies (154ms)
			RebuildTransferFunctionScriptingTraits (0ms)
			SetupTypeCache (397ms)
			ReleaseScriptCaches (2ms)
			RebuildScriptCaches (59ms)
			SetupLoadedEditorAssemblies (531ms)
				LogAssemblyErrors (0ms)
				InitializePlatformSupportModulesInManaged (25ms)
				SetLoadedEditorAssemblies (1ms)
				RefreshPlugins (1ms)
				BeforeProcessingInitializeOnLoad (98ms)
				ProcessInitializeOnLoadAttributes (342ms)
				ProcessInitializeOnLoadMethodAttributes (59ms)
				AfterProcessingInitializeOnLoad (4ms)
				EditorAssembliesLoaded (0ms)
			ExecutionOrderSort2 (0ms)
			AwakeInstancesAfterBackupRestoration (7ms)
Platform modules already initialized, skipping
Refreshing native plugins compatible for Editor in 9.05 ms, found 12 plugins.
Preloading 1 native plugins for Editor in 0.11 ms.
Unloading 4146 Unused Serialized files (Serialized files now loaded: 0)
Unloading 51 unused Assets / (417.4 KB). Loaded Objects now: 4688.
Memory consumption went from 164.9 MB to 164.5 MB.
Total: 4.682800 ms (FindLiveObjects: 0.339400 ms CreateObjectMapping: 0.118700 ms MarkObjects: 3.846800 ms  DeleteObjects: 0.376500 ms)

AssetImportParameters requested are different than current active one (requested -> active):
  custom:video-decoder-ogg-theora: a1e56fd34408186e4bbccfd4996cb3dc -> 
  custom:container-muxer-webm: aa71ff27fc2769a1b78a27578f13a17b -> 
  custom:container-demuxer-webm: 4f35f7cbe854078d1ac9338744f61a02 -> 
  custom:video-encoder-webm-vp8: eb34c28f22e8b96e1ab97ce403110664 -> 
  custom:audio-encoder-webm-vorbis: bf7c407c2cedff20999df2af8eb42d56 -> 
  custom:framework-win-MediaFoundation: 216162199b28c13a410421893ffa2e32 -> 
  custom:container-demuxer-ogg: 62fdf1f143b41e24485cea50d1cbac27 -> 
  custom:video-decoder-webm-vp8: 9c59270c3fd7afecdb556c50c9e8de78 -> 
  custom:audio-decoder-ogg-vorbis: bf7c407c2cedff20999df2af8eb42d56 -> 
========================================================================
Received Prepare
Registering precompiled user dll's ...
Registered in 0.021421 seconds.
Begin MonoManager ReloadAssembly
Native extension for WindowsStandalone target not found
Native extension for Android target not found
Refreshing native plugins compatible for Editor in 1.91 ms, found 12 plugins.
Preloading 1 native plugins for Editor in 0.21 ms.
System.Reflection.TargetInvocationException: Exception has been thrown by the target of an invocation. ---> System.NullReferenceException: Object reference not set to an instance of an object
  at Unity.XR.Oculus.OculusLoader.AssetPathToAbsolutePath (System.String assetPath) [0x0003d] in C:\Users\Ken Kobayashi\Desktop\Unity\VRInstrument\Library\PackageCache\com.unity.xr.oculus@3.2.3\Runtime\OculusLoader.cs:296 
  at Unity.XR.Oculus.OculusLoader.EditorLoadOVRPlugin () [0x0007b] in C:\Users\Ken Kobayashi\Desktop\Unity\VRInstrument\Library\PackageCache\com.unity.xr.oculus@3.2.3\Runtime\OculusLoader.cs:281 
  at (wrapper managed-to-native) System.Reflection.RuntimeMethodInfo.InternalInvoke(System.Reflection.RuntimeMethodInfo,object,object[],System.Exception&)
  at System.Reflection.RuntimeMethodInfo.Invoke (System.Object obj, System.Reflection.BindingFlags invokeAttr, System.Reflection.Binder binder, System.Object[] parameters, System.Globalization.CultureInfo culture) [0x0006a] in <c9d3ffd4b98649ee9989e1908eaca019>:0 
   --- End of inner exception stack trace ---
  at System.Reflection.RuntimeMethodInfo.Invoke (System.Object obj, System.Reflection.BindingFlags invokeAttr, System.Reflection.Binder binder, System.Object[] parameters, System.Globalization.CultureInfo culture) [0x00083] in <c9d3ffd4b98649ee9989e1908eaca019>:0 
  at System.Reflection.MethodBase.Invoke (System.Object obj, System.Object[] parameters) [0x00000] in <c9d3ffd4b98649ee9989e1908eaca019>:0 
  at UnityEditor.EditorAssemblies.ProcessInitializeOnLoadMethodAttributes () [0x000a5] in <dc1a47a5816e4be7bc6817ee4d339e75>:0 
UnityEngine.StackTraceUtility:ExtractStackTrace ()
UnityEngine.DebugLogHandler:LogFormat (UnityEngine.LogType,UnityEngine.Object,string,object[])
UnityEngine.Logger:Log (UnityEngine.LogType,object)
UnityEngine.Debug:LogError (object)
UnityEditor.EditorAssemblies:ProcessInitializeOnLoadMethodAttributes ()

Mono: successfully reloaded assembly
- Completed reload, in  1.529 seconds
Domain Reload Profiling:
	ReloadAssembly (1530ms)
		BeginReloadAssembly (197ms)
			ExecutionOrderSort (0ms)
			DisableScriptedObjects (8ms)
			BackupInstance (0ms)
			ReleaseScriptingObjects (0ms)
			CreateAndSetChildDomain (47ms)
		EndReloadAssembly (1184ms)
			LoadAssemblies (147ms)
			RebuildTransferFunctionScriptingTraits (0ms)
			SetupTypeCache (371ms)
			ReleaseScriptCaches (2ms)
			RebuildScriptCaches (54ms)
			SetupLoadedEditorAssemblies (558ms)
				LogAssemblyErrors (0ms)
				InitializePlatformSupportModulesInManaged (28ms)
				SetLoadedEditorAssemblies (1ms)
				RefreshPlugins (2ms)
				BeforeProcessingInitializeOnLoad (102ms)
				ProcessInitializeOnLoadAttributes (359ms)
				ProcessInitializeOnLoadMethodAttributes (60ms)
				AfterProcessingInitializeOnLoad (5ms)
				EditorAssembliesLoaded (0ms)
			ExecutionOrderSort2 (0ms)
			AwakeInstancesAfterBackupRestoration (7ms)
Platform modules already initialized, skipping
Refreshing native plugins compatible for Editor in 9.74 ms, found 12 plugins.
Preloading 1 native plugins for Editor in 0.10 ms.
Unloading 4146 Unused Serialized files (Serialized files now loaded: 0)
Unloading 51 unused Assets / (417.5 KB). Loaded Objects now: 4692.
Memory consumption went from 165.0 MB to 164.5 MB.
Total: 5.113900 ms (FindLiveObjects: 0.411500 ms CreateObjectMapping: 0.122000 ms MarkObjects: 4.270500 ms  DeleteObjects: 0.308800 ms)

AssetImportParameters requested are different than current active one (requested -> active):
  custom:video-decoder-ogg-theora: a1e56fd34408186e4bbccfd4996cb3dc -> 
  custom:container-muxer-webm: aa71ff27fc2769a1b78a27578f13a17b -> 
  custom:container-demuxer-webm: 4f35f7cbe854078d1ac9338744f61a02 -> 
  custom:video-encoder-webm-vp8: eb34c28f22e8b96e1ab97ce403110664 -> 
  custom:audio-encoder-webm-vorbis: bf7c407c2cedff20999df2af8eb42d56 -> 
  custom:framework-win-MediaFoundation: 216162199b28c13a410421893ffa2e32 -> 
  custom:container-demuxer-ogg: 62fdf1f143b41e24485cea50d1cbac27 -> 
  custom:video-decoder-webm-vp8: 9c59270c3fd7afecdb556c50c9e8de78 -> 
  custom:audio-decoder-ogg-vorbis: bf7c407c2cedff20999df2af8eb42d56 -> 
========================================================================
Received Prepare
Registering precompiled user dll's ...
Registered in 0.017841 seconds.
Begin MonoManager ReloadAssembly
Native extension for WindowsStandalone target not found
Native extension for Android target not found
Refreshing native plugins compatible for Editor in 2.07 ms, found 12 plugins.
Preloading 1 native plugins for Editor in 0.18 ms.
System.Reflection.TargetInvocationException: Exception has been thrown by the target of an invocation. ---> System.NullReferenceException: Object reference not set to an instance of an object
  at Unity.XR.Oculus.OculusLoader.AssetPathToAbsolutePath (System.String assetPath) [0x0003d] in C:\Users\Ken Kobayashi\Desktop\Unity\VRInstrument\Library\PackageCache\com.unity.xr.oculus@3.2.3\Runtime\OculusLoader.cs:296 
  at Unity.XR.Oculus.OculusLoader.EditorLoadOVRPlugin () [0x0007b] in C:\Users\Ken Kobayashi\Desktop\Unity\VRInstrument\Library\PackageCache\com.unity.xr.oculus@3.2.3\Runtime\OculusLoader.cs:281 
  at (wrapper managed-to-native) System.Reflection.RuntimeMethodInfo.InternalInvoke(System.Reflection.RuntimeMethodInfo,object,object[],System.Exception&)
  at System.Reflection.RuntimeMethodInfo.Invoke (System.Object obj, System.Reflection.BindingFlags invokeAttr, System.Reflection.Binder binder, System.Object[] parameters, System.Globalization.CultureInfo culture) [0x0006a] in <c9d3ffd4b98649ee9989e1908eaca019>:0 
   --- End of inner exception stack trace ---
  at System.Reflection.RuntimeMethodInfo.Invoke (System.Object obj, System.Reflection.BindingFlags invokeAttr, System.Reflection.Binder binder, System.Object[] parameters, System.Globalization.CultureInfo culture) [0x00083] in <c9d3ffd4b98649ee9989e1908eaca019>:0 
  at System.Reflection.MethodBase.Invoke (System.Object obj, System.Object[] parameters) [0x00000] in <c9d3ffd4b98649ee9989e1908eaca019>:0 
  at UnityEditor.EditorAssemblies.ProcessInitializeOnLoadMethodAttributes () [0x000a5] in <dc1a47a5816e4be7bc6817ee4d339e75>:0 
UnityEngine.StackTraceUtility:ExtractStackTrace ()
UnityEngine.DebugLogHandler:LogFormat (UnityEngine.LogType,UnityEngine.Object,string,object[])
UnityEngine.Logger:Log (UnityEngine.LogType,object)
UnityEngine.Debug:LogError (object)
UnityEditor.EditorAssemblies:ProcessInitializeOnLoadMethodAttributes ()

Mono: successfully reloaded assembly
- Completed reload, in  1.640 seconds
Domain Reload Profiling:
	ReloadAssembly (1641ms)
		BeginReloadAssembly (204ms)
			ExecutionOrderSort (0ms)
			DisableScriptedObjects (7ms)
			BackupInstance (0ms)
			ReleaseScriptingObjects (0ms)
			CreateAndSetChildDomain (59ms)
		EndReloadAssembly (1255ms)
			LoadAssemblies (174ms)
			RebuildTransferFunctionScriptingTraits (0ms)
			SetupTypeCache (391ms)
			ReleaseScriptCaches (2ms)
			RebuildScriptCaches (57ms)
			SetupLoadedEditorAssemblies (564ms)
				LogAssemblyErrors (0ms)
				InitializePlatformSupportModulesInManaged (30ms)
				SetLoadedEditorAssemblies (1ms)
				RefreshPlugins (2ms)
				BeforeProcessingInitializeOnLoad (112ms)
				ProcessInitializeOnLoadAttributes (353ms)
				ProcessInitializeOnLoadMethodAttributes (57ms)
				AfterProcessingInitializeOnLoad (7ms)
				EditorAssembliesLoaded (0ms)
			ExecutionOrderSort2 (0ms)
			AwakeInstancesAfterBackupRestoration (8ms)
Platform modules already initialized, skipping
Refreshing native plugins compatible for Editor in 10.40 ms, found 12 plugins.
Preloading 1 native plugins for Editor in 0.12 ms.
Unloading 4146 Unused Serialized files (Serialized files now loaded: 0)
Unloading 51 unused Assets / (417.1 KB). Loaded Objects now: 4696.
Memory consumption went from 165.0 MB to 164.6 MB.
Total: 4.934100 ms (FindLiveObjects: 0.455000 ms CreateObjectMapping: 0.150200 ms MarkObjects: 3.954100 ms  DeleteObjects: 0.373400 ms)

AssetImportParameters requested are different than current active one (requested -> active):
  custom:video-decoder-ogg-theora: a1e56fd34408186e4bbccfd4996cb3dc -> 
  custom:container-muxer-webm: aa71ff27fc2769a1b78a27578f13a17b -> 
  custom:container-demuxer-webm: 4f35f7cbe854078d1ac9338744f61a02 -> 
  custom:video-encoder-webm-vp8: eb34c28f22e8b96e1ab97ce403110664 -> 
  custom:audio-encoder-webm-vorbis: bf7c407c2cedff20999df2af8eb42d56 -> 
  custom:framework-win-MediaFoundation: 216162199b28c13a410421893ffa2e32 -> 
  custom:container-demuxer-ogg: 62fdf1f143b41e24485cea50d1cbac27 -> 
  custom:video-decoder-webm-vp8: 9c59270c3fd7afecdb556c50c9e8de78 -> 
  custom:audio-decoder-ogg-vorbis: bf7c407c2cedff20999df2af8eb42d56 -> 
========================================================================
Received Import Request.
  Time since last request: 741.035607 seconds.
  path: Assets
  artifactKey: Guid(00000000000000001000000000000000) Importer(815301076,1909f56bfc062723c751e8b465ee728b)
Start importing Assets using Guid(00000000000000001000000000000000) Importer(815301076,1909f56bfc062723c751e8b465ee728b)  -> (artifact id: '79842766b460edbeab6a34051e857a80') in 0.023524 seconds 
========================================================================
Received Import Request.
  Time since last request: 4.712367 seconds.
  path: Assets/Audio
  artifactKey: Guid(e47123d0717341a4b90ced9c8c652661) Importer(815301076,1909f56bfc062723c751e8b465ee728b)
Start importing Assets/Audio using Guid(e47123d0717341a4b90ced9c8c652661) Importer(815301076,1909f56bfc062723c751e8b465ee728b)  -> (artifact id: '7b5a590b4aa993c378624b3603fdb04c') in 0.011833 seconds 
========================================================================
Received Import Request.
  Time since last request: 13.600919 seconds.
  path: Assets/Audio/metal_pot_07.wav
  artifactKey: Guid(c984ce458395e7c4686ecde33610136c) Importer(815301076,1909f56bfc062723c751e8b465ee728b)
Start importing Assets/Audio/metal_pot_07.wav using Guid(c984ce458395e7c4686ecde33610136c) Importer(815301076,1909f56bfc062723c751e8b465ee728b)  -> (artifact id: 'd71dbcaac4acd42730447605263d03fb') in 0.163055 seconds 
========================================================================
Received Prepare
Registering precompiled user dll's ...
Registered in 0.025399 seconds.
Begin MonoManager ReloadAssembly
Native extension for WindowsStandalone target not found
Native extension for Android target not found
Refreshing native plugins compatible for Editor in 1.71 ms, found 12 plugins.
Preloading 1 native plugins for Editor in 0.21 ms.
System.Reflection.TargetInvocationException: Exception has been thrown by the target of an invocation. ---> System.NullReferenceException: Object reference not set to an instance of an object
  at Unity.XR.Oculus.OculusLoader.AssetPathToAbsolutePath (System.String assetPath) [0x0003d] in C:\Users\Ken Kobayashi\Desktop\Unity\VRInstrument\Library\PackageCache\com.unity.xr.oculus@3.2.3\Runtime\OculusLoader.cs:296 
  at Unity.XR.Oculus.OculusLoader.EditorLoadOVRPlugin () [0x0007b] in C:\Users\Ken Kobayashi\Desktop\Unity\VRInstrument\Library\PackageCache\com.unity.xr.oculus@3.2.3\Runtime\OculusLoader.cs:281 
  at (wrapper managed-to-native) System.Reflection.RuntimeMethodInfo.InternalInvoke(System.Reflection.RuntimeMethodInfo,object,object[],System.Exception&)
  at System.Reflection.RuntimeMethodInfo.Invoke (System.Object obj, System.Reflection.BindingFlags invokeAttr, System.Reflection.Binder binder, System.Object[] parameters, System.Globalization.CultureInfo culture) [0x0006a] in <c9d3ffd4b98649ee9989e1908eaca019>:0 
   --- End of inner exception stack trace ---
  at System.Reflection.RuntimeMethodInfo.Invoke (System.Object obj, System.Reflection.BindingFlags invokeAttr, System.Reflection.Binder binder, System.Object[] parameters, System.Globalization.CultureInfo culture) [0x00083] in <c9d3ffd4b98649ee9989e1908eaca019>:0 
  at System.Reflection.MethodBase.Invoke (System.Object obj, System.Object[] parameters) [0x00000] in <c9d3ffd4b98649ee9989e1908eaca019>:0 
  at UnityEditor.EditorAssemblies.ProcessInitializeOnLoadMethodAttributes () [0x000a5] in <dc1a47a5816e4be7bc6817ee4d339e75>:0 
UnityEngine.StackTraceUtility:ExtractStackTrace ()
UnityEngine.DebugLogHandler:LogFormat (UnityEngine.LogType,UnityEngine.Object,string,object[])
UnityEngine.Logger:Log (UnityEngine.LogType,object)
UnityEngine.Debug:LogError (object)
UnityEditor.EditorAssemblies:ProcessInitializeOnLoadMethodAttributes ()

Mono: successfully reloaded assembly
- Completed reload, in  1.728 seconds
Domain Reload Profiling:
	ReloadAssembly (1729ms)
		BeginReloadAssembly (232ms)
			ExecutionOrderSort (0ms)
			DisableScriptedObjects (8ms)
			BackupInstance (0ms)
			ReleaseScriptingObjects (0ms)
			CreateAndSetChildDomain (65ms)
		EndReloadAssembly (1320ms)
			LoadAssemblies (171ms)
			RebuildTransferFunctionScriptingTraits (0ms)
			SetupTypeCache (433ms)
			ReleaseScriptCaches (2ms)
			RebuildScriptCaches (56ms)
			SetupLoadedEditorAssemblies (601ms)
				LogAssemblyErrors (0ms)
				InitializePlatformSupportModulesInManaged (28ms)
				SetLoadedEditorAssemblies (1ms)
				RefreshPlugins (2ms)
				BeforeProcessingInitializeOnLoad (106ms)
				ProcessInitializeOnLoadAttributes (392ms)
				ProcessInitializeOnLoadMethodAttributes (68ms)
				AfterProcessingInitializeOnLoad (5ms)
				EditorAssembliesLoaded (0ms)
			ExecutionOrderSort2 (0ms)
			AwakeInstancesAfterBackupRestoration (10ms)
Platform modules already initialized, skipping
Refreshing native plugins compatible for Editor in 10.55 ms, found 12 plugins.
Preloading 1 native plugins for Editor in 0.14 ms.
Unloading 4146 Unused Serialized files (Serialized files now loaded: 0)
Unloading 51 unused Assets / (417.2 KB). Loaded Objects now: 4702.
Memory consumption went from 165.0 MB to 164.6 MB.
Total: 7.058400 ms (FindLiveObjects: 0.538800 ms CreateObjectMapping: 0.195200 ms MarkObjects: 5.932100 ms  DeleteObjects: 0.390800 ms)

AssetImportParameters requested are different than current active one (requested -> active):
  custom:video-decoder-ogg-theora: a1e56fd34408186e4bbccfd4996cb3dc -> 
  custom:container-muxer-webm: aa71ff27fc2769a1b78a27578f13a17b -> 
  custom:container-demuxer-webm: 4f35f7cbe854078d1ac9338744f61a02 -> 
  custom:video-encoder-webm-vp8: eb34c28f22e8b96e1ab97ce403110664 -> 
  custom:audio-encoder-webm-vorbis: bf7c407c2cedff20999df2af8eb42d56 -> 
  custom:framework-win-MediaFoundation: 216162199b28c13a410421893ffa2e32 -> 
  custom:container-demuxer-ogg: 62fdf1f143b41e24485cea50d1cbac27 -> 
  custom:video-decoder-webm-vp8: 9c59270c3fd7afecdb556c50c9e8de78 -> 
  custom:audio-decoder-ogg-vorbis: bf7c407c2cedff20999df2af8eb42d56 -> 
========================================================================
Received Import Request.
  Time since last request: 440.810580 seconds.
  path: Assets/Audio/MetalPot.wav
  artifactKey: Guid(7273e4a26a32ddc48a78e319220d7e70) Importer(815301076,1909f56bfc062723c751e8b465ee728b)
Start importing Assets/Audio/MetalPot.wav using Guid(7273e4a26a32ddc48a78e319220d7e70) Importer(815301076,1909f56bfc062723c751e8b465ee728b)  -> (artifact id: 'b7b38003f272c5827521f33d7735c3cd') in 0.099147 seconds 
========================================================================
Received Import Request.
  Time since last request: 13.818439 seconds.
  path: ProjectSettings/TagManager.asset
  artifactKey: Guid(00000000000000003000000000000000) Importer(815301076,1909f56bfc062723c751e8b465ee728b)
Start importing ProjectSettings/TagManager.asset using Guid(00000000000000003000000000000000) Importer(815301076,1909f56bfc062723c751e8b465ee728b)  -> (artifact id: 'ae9d4b85b504a36d8e9306757917d0e3') in 0.010196 seconds 
========================================================================
Received Prepare
Registering precompiled user dll's ...
Registered in 0.019343 seconds.
Begin MonoManager ReloadAssembly
Native extension for WindowsStandalone target not found
Native extension for Android target not found
Refreshing native plugins compatible for Editor in 1.72 ms, found 12 plugins.
Preloading 1 native plugins for Editor in 0.18 ms.
System.Reflection.TargetInvocationException: Exception has been thrown by the target of an invocation. ---> System.NullReferenceException: Object reference not set to an instance of an object
  at Unity.XR.Oculus.OculusLoader.AssetPathToAbsolutePath (System.String assetPath) [0x0003d] in C:\Users\Ken Kobayashi\Desktop\Unity\VRInstrument\Library\PackageCache\com.unity.xr.oculus@3.2.3\Runtime\OculusLoader.cs:296 
  at Unity.XR.Oculus.OculusLoader.EditorLoadOVRPlugin () [0x0007b] in C:\Users\Ken Kobayashi\Desktop\Unity\VRInstrument\Library\PackageCache\com.unity.xr.oculus@3.2.3\Runtime\OculusLoader.cs:281 
  at (wrapper managed-to-native) System.Reflection.RuntimeMethodInfo.InternalInvoke(System.Reflection.RuntimeMethodInfo,object,object[],System.Exception&)
  at System.Reflection.RuntimeMethodInfo.Invoke (System.Object obj, System.Reflection.BindingFlags invokeAttr, System.Reflection.Binder binder, System.Object[] parameters, System.Globalization.CultureInfo culture) [0x0006a] in <c9d3ffd4b98649ee9989e1908eaca019>:0 
   --- End of inner exception stack trace ---
  at System.Reflection.RuntimeMethodInfo.Invoke (System.Object obj, System.Reflection.BindingFlags invokeAttr, System.Reflection.Binder binder, System.Object[] parameters, System.Globalization.CultureInfo culture) [0x00083] in <c9d3ffd4b98649ee9989e1908eaca019>:0 
  at System.Reflection.MethodBase.Invoke (System.Object obj, System.Object[] parameters) [0x00000] in <c9d3ffd4b98649ee9989e1908eaca019>:0 
  at UnityEditor.EditorAssemblies.ProcessInitializeOnLoadMethodAttributes () [0x000a5] in <dc1a47a5816e4be7bc6817ee4d339e75>:0 
UnityEngine.StackTraceUtility:ExtractStackTrace ()
UnityEngine.DebugLogHandler:LogFormat (UnityEngine.LogType,UnityEngine.Object,string,object[])
UnityEngine.Logger:Log (UnityEngine.LogType,object)
UnityEngine.Debug:LogError (object)
UnityEditor.EditorAssemblies:ProcessInitializeOnLoadMethodAttributes ()

Mono: successfully reloaded assembly
- Completed reload, in  1.604 seconds
Domain Reload Profiling:
	ReloadAssembly (1606ms)
		BeginReloadAssembly (210ms)
			ExecutionOrderSort (0ms)
			DisableScriptedObjects (6ms)
			BackupInstance (0ms)
			ReleaseScriptingObjects (0ms)
			CreateAndSetChildDomain (59ms)
		EndReloadAssembly (1236ms)
			LoadAssemblies (160ms)
			RebuildTransferFunctionScriptingTraits (0ms)
			SetupTypeCache (383ms)
			ReleaseScriptCaches (1ms)
			RebuildScriptCaches (53ms)
			SetupLoadedEditorAssemblies (571ms)
				LogAssemblyErrors (0ms)
				InitializePlatformSupportModulesInManaged (32ms)
				SetLoadedEditorAssemblies (1ms)
				RefreshPlugins (2ms)
				BeforeProcessingInitializeOnLoad (105ms)
				ProcessInitializeOnLoadAttributes (360ms)
				ProcessInitializeOnLoadMethodAttributes (65ms)
				AfterProcessingInitializeOnLoad (6ms)
				EditorAssembliesLoaded (0ms)
			ExecutionOrderSort2 (0ms)
			AwakeInstancesAfterBackupRestoration (9ms)
Platform modules already initialized, skipping
Refreshing native plugins compatible for Editor in 12.77 ms, found 12 plugins.
Preloading 1 native plugins for Editor in 0.15 ms.
Unloading 4146 Unused Serialized files (Serialized files now loaded: 0)
Unloading 52 unused Assets / (417.3 KB). Loaded Objects now: 4706.
Memory consumption went from 165.1 MB to 164.6 MB.
Total: 5.568700 ms (FindLiveObjects: 0.500400 ms CreateObjectMapping: 0.150000 ms MarkObjects: 4.530300 ms  DeleteObjects: 0.386200 ms)

AssetImportParameters requested are different than current active one (requested -> active):
  custom:video-decoder-ogg-theora: a1e56fd34408186e4bbccfd4996cb3dc -> 
  custom:container-muxer-webm: aa71ff27fc2769a1b78a27578f13a17b -> 
  custom:container-demuxer-webm: 4f35f7cbe854078d1ac9338744f61a02 -> 
  custom:video-encoder-webm-vp8: eb34c28f22e8b96e1ab97ce403110664 -> 
  custom:audio-encoder-webm-vorbis: bf7c407c2cedff20999df2af8eb42d56 -> 
  custom:framework-win-MediaFoundation: 216162199b28c13a410421893ffa2e32 -> 
  custom:container-demuxer-ogg: 62fdf1f143b41e24485cea50d1cbac27 -> 
  custom:video-decoder-webm-vp8: 9c59270c3fd7afecdb556c50c9e8de78 -> 
  custom:audio-decoder-ogg-vorbis: bf7c407c2cedff20999df2af8eb42d56 -> 
