Using pre-set license
Built from '2021.3/staging' branch; Version is '2021.3.13f1 (9e7d58001ecf) revision 10386776'; Using compiler version '192829333'; Build Type 'Release'
OS: 'Windows 10  (10.0.19044) 64bit Education' Language: 'en' Physical Memory: 16331 MB
BatchMode: 1, IsHumanControllingUs: 0, StartBugReporterOnCrash: 0, Is64bit: 1, IsPro: 1

COMMAND LINE ARGUMENTS:
D:\Unity\2021.3.13f1\Editor\Unity.exe
-adb2
-batchMode
-noUpm
-name
AssetImportWorker5
-projectPath
C:/Users/Ken Kobayashi/Desktop/Unity/VRInstrument
-logFile
Logs/AssetImportWorker5.log
-srvPort
49499
Successfully changed project path to: C:/Users/Ken Kobayashi/Desktop/Unity/VRInstrument
C:/Users/Ken Kobayashi/Desktop/Unity/VRInstrument
[UnityMemory] Configuration Parameters - Can be set up in boot.config
    "memorysetup-bucket-allocator-granularity=16"
    "memorysetup-bucket-allocator-bucket-count=8"
    "memorysetup-bucket-allocator-block-size=33554432"
    "memorysetup-bucket-allocator-block-count=8"
    "memorysetup-main-allocator-block-size=16777216"
    "memorysetup-thread-allocator-block-size=16777216"
    "memorysetup-gfx-main-allocator-block-size=16777216"
    "memorysetup-gfx-thread-allocator-block-size=16777216"
    "memorysetup-cache-allocator-block-size=4194304"
    "memorysetup-typetree-allocator-block-size=2097152"
    "memorysetup-profiler-bucket-allocator-granularity=16"
    "memorysetup-profiler-bucket-allocator-bucket-count=8"
    "memorysetup-profiler-bucket-allocator-block-size=33554432"
    "memorysetup-profiler-bucket-allocator-block-count=8"
    "memorysetup-profiler-allocator-block-size=16777216"
    "memorysetup-profiler-editor-allocator-block-size=1048576"
    "memorysetup-temp-allocator-size-main=16777216"
    "memorysetup-job-temp-allocator-block-size=2097152"
    "memorysetup-job-temp-allocator-block-size-background=1048576"
    "memorysetup-job-temp-allocator-reduction-small-platforms=262144"
    "memorysetup-temp-allocator-size-background-worker=32768"
    "memorysetup-temp-allocator-size-job-worker=262144"
    "memorysetup-temp-allocator-size-preload-manager=33554432"
    "memorysetup-temp-allocator-size-nav-mesh-worker=65536"
    "memorysetup-temp-allocator-size-audio-worker=65536"
    "memorysetup-temp-allocator-size-cloud-worker=32768"
    "memorysetup-temp-allocator-size-gi-baking-worker=262144"
    "memorysetup-temp-allocator-size-gfx=262144"
Refreshing native plugins compatible for Editor in 208.18 ms, found 12 plugins.
Preloading 1 native plugins for Editor in 1.23 ms.
Initialize engine version: 2021.3.13f1 (9e7d58001ecf)
[Subsystems] Discovering subsystems at path D:/Unity/2021.3.13f1/Editor/Data/Resources/UnitySubsystems
[Subsystems] Discovering subsystems at path C:/Users/Ken Kobayashi/Desktop/Unity/VRInstrument/Assets
GfxDevice: creating device client; threaded=0; jobified=0
Direct3D:
    Version:  Direct3D 11.0 [level 11.1]
    Renderer: NVIDIA GeForce RTX 2060 (ID=0x1f08)
    Vendor:   NVIDIA
    VRAM:     5968 MB
    Driver:   31.0.15.2824
Initialize mono
Mono path[0] = 'D:/Unity/2021.3.13f1/Editor/Data/Managed'
Mono path[1] = 'D:/Unity/2021.3.13f1/Editor/Data/MonoBleedingEdge/lib/mono/unityjit-win32'
Mono config path = 'D:/Unity/2021.3.13f1/Editor/Data/MonoBleedingEdge/etc'
Using monoOptions --debugger-agent=transport=dt_socket,embedding=1,server=y,suspend=n,address=127.0.0.1:56060
Begin MonoManager ReloadAssembly
Registering precompiled unity dll's ...
Register platform support module: D:/Unity/2021.3.13f1/Editor/Data/PlaybackEngines/AndroidPlayer/UnityEditor.Android.Extensions.dll
Register platform support module: D:/Unity/2021.3.13f1/Editor/Data/PlaybackEngines/WindowsStandaloneSupport/UnityEditor.WindowsStandalone.Extensions.dll
Registered in 0.005716 seconds.
Native extension for WindowsStandalone target not found
Native extension for Android target not found
Refreshing native plugins compatible for Editor in 121.61 ms, found 12 plugins.
Preloading 1 native plugins for Editor in 0.19 ms.
Mono: successfully reloaded assembly
- Completed reload, in  0.954 seconds
Domain Reload Profiling:
	ReloadAssembly (955ms)
		BeginReloadAssembly (137ms)
			ExecutionOrderSort (0ms)
			DisableScriptedObjects (0ms)
			BackupInstance (0ms)
			ReleaseScriptingObjects (0ms)
			CreateAndSetChildDomain (2ms)
		EndReloadAssembly (640ms)
			LoadAssemblies (135ms)
			RebuildTransferFunctionScriptingTraits (0ms)
			SetupTypeCache (145ms)
			ReleaseScriptCaches (0ms)
			RebuildScriptCaches (37ms)
			SetupLoadedEditorAssemblies (390ms)
				LogAssemblyErrors (0ms)
				InitializePlatformSupportModulesInManaged (70ms)
				SetLoadedEditorAssemblies (0ms)
				RefreshPlugins (122ms)
				BeforeProcessingInitializeOnLoad (2ms)
				ProcessInitializeOnLoadAttributes (133ms)
				ProcessInitializeOnLoadMethodAttributes (62ms)
				AfterProcessingInitializeOnLoad (0ms)
				EditorAssembliesLoaded (0ms)
			ExecutionOrderSort2 (0ms)
			AwakeInstancesAfterBackupRestoration (0ms)
Platform modules already initialized, skipping
Registering precompiled user dll's ...
Registered in 0.018131 seconds.
Begin MonoManager ReloadAssembly
Native extension for WindowsStandalone target not found
Native extension for Android target not found
Refreshing native plugins compatible for Editor in 121.01 ms, found 12 plugins.
Preloading 1 native plugins for Editor in 0.11 ms.
Package Manager log level set to [2]
System.Reflection.TargetInvocationException: Exception has been thrown by the target of an invocation. ---> System.NullReferenceException: Object reference not set to an instance of an object
  at Unity.XR.Oculus.OculusLoader.AssetPathToAbsolutePath (System.String assetPath) [0x0003d] in C:\Users\Ken Kobayashi\Desktop\Unity\VRInstrument\Library\PackageCache\com.unity.xr.oculus@3.2.3\Runtime\OculusLoader.cs:296 
  at Unity.XR.Oculus.OculusLoader.EditorLoadOVRPlugin () [0x0007b] in C:\Users\Ken Kobayashi\Desktop\Unity\VRInstrument\Library\PackageCache\com.unity.xr.oculus@3.2.3\Runtime\OculusLoader.cs:281 
  at (wrapper managed-to-native) System.Reflection.RuntimeMethodInfo.InternalInvoke(System.Reflection.RuntimeMethodInfo,object,object[],System.Exception&)
  at System.Reflection.RuntimeMethodInfo.Invoke (System.Object obj, System.Reflection.BindingFlags invokeAttr, System.Reflection.Binder binder, System.Object[] parameters, System.Globalization.CultureInfo culture) [0x0006a] in <c9d3ffd4b98649ee9989e1908eaca019>:0 
   --- End of inner exception stack trace ---
  at System.Reflection.RuntimeMethodInfo.Invoke (System.Object obj, System.Reflection.BindingFlags invokeAttr, System.Reflection.Binder binder, System.Object[] parameters, System.Globalization.CultureInfo culture) [0x00083] in <c9d3ffd4b98649ee9989e1908eaca019>:0 
  at System.Reflection.MethodBase.Invoke (System.Object obj, System.Object[] parameters) [0x00000] in <c9d3ffd4b98649ee9989e1908eaca019>:0 
  at UnityEditor.EditorAssemblies.ProcessInitializeOnLoadMethodAttributes () [0x000a5] in <dc1a47a5816e4be7bc6817ee4d339e75>:0 
UnityEngine.StackTraceUtility:ExtractStackTrace ()
UnityEngine.DebugLogHandler:LogFormat (UnityEngine.LogType,UnityEngine.Object,string,object[])
UnityEngine.Logger:Log (UnityEngine.LogType,object)
UnityEngine.Debug:LogError (object)
UnityEditor.EditorAssemblies:ProcessInitializeOnLoadMethodAttributes ()

Mono: successfully reloaded assembly
- Completed reload, in  1.841 seconds
Domain Reload Profiling:
	ReloadAssembly (1842ms)
		BeginReloadAssembly (233ms)
			ExecutionOrderSort (0ms)
			DisableScriptedObjects (8ms)
			BackupInstance (0ms)
			ReleaseScriptingObjects (0ms)
			CreateAndSetChildDomain (122ms)
		EndReloadAssembly (1456ms)
			LoadAssemblies (119ms)
			RebuildTransferFunctionScriptingTraits (0ms)
			SetupTypeCache (471ms)
			ReleaseScriptCaches (1ms)
			RebuildScriptCaches (79ms)
			SetupLoadedEditorAssemblies (711ms)
				LogAssemblyErrors (0ms)
				InitializePlatformSupportModulesInManaged (15ms)
				SetLoadedEditorAssemblies (0ms)
				RefreshPlugins (121ms)
				BeforeProcessingInitializeOnLoad (128ms)
				ProcessInitializeOnLoadAttributes (394ms)
				ProcessInitializeOnLoadMethodAttributes (48ms)
				AfterProcessingInitializeOnLoad (4ms)
				EditorAssembliesLoaded (0ms)
			ExecutionOrderSort2 (0ms)
			AwakeInstancesAfterBackupRestoration (7ms)
Platform modules already initialized, skipping
========================================================================
Worker process is ready to serve import requests
Launched and connected shader compiler UnityShaderCompiler.exe after 0.07 seconds
Refreshing native plugins compatible for Editor in 1.09 ms, found 12 plugins.
Preloading 1 native plugins for Editor in 0.13 ms.
Unloading 4176 Unused Serialized files (Serialized files now loaded: 0)
Unloading 61 unused Assets / (450.1 KB). Loaded Objects now: 4615.
Memory consumption went from 148.4 MB to 147.9 MB.
Total: 4.562000 ms (FindLiveObjects: 0.422600 ms CreateObjectMapping: 0.117400 ms MarkObjects: 3.701100 ms  DeleteObjects: 0.319400 ms)

AssetImportParameters requested are different than current active one (requested -> active):
  custom:video-decoder-ogg-theora: a1e56fd34408186e4bbccfd4996cb3dc -> 
  custom:container-muxer-webm: aa71ff27fc2769a1b78a27578f13a17b -> 
  custom:container-demuxer-webm: 4f35f7cbe854078d1ac9338744f61a02 -> 
  custom:video-encoder-webm-vp8: eb34c28f22e8b96e1ab97ce403110664 -> 
  custom:audio-encoder-webm-vorbis: bf7c407c2cedff20999df2af8eb42d56 -> 
  custom:framework-win-MediaFoundation: 216162199b28c13a410421893ffa2e32 -> 
  custom:container-demuxer-ogg: 62fdf1f143b41e24485cea50d1cbac27 -> 
  custom:video-decoder-webm-vp8: 9c59270c3fd7afecdb556c50c9e8de78 -> 
  custom:audio-decoder-ogg-vorbis: bf7c407c2cedff20999df2af8eb42d56 -> 
========================================================================
Received Import Request.
  Time since last request: 427337.874660 seconds.
  path: Assets/AutoHand/Examples/Mesh/BrightBlue.mat
  artifactKey: Guid(7b0bae8ba89587e40ab8d8412f9cb724) Importer(815301076,1909f56bfc062723c751e8b465ee728b)
Start importing Assets/AutoHand/Examples/Mesh/BrightBlue.mat using Guid(7b0bae8ba89587e40ab8d8412f9cb724) Importer(815301076,1909f56bfc062723c751e8b465ee728b)  -> (artifact id: 'c8ba4812ae2a378b0aa5f7fb31dce9bb') in 0.258661 seconds 
========================================================================
Received Import Request.
  Time since last request: 0.000042 seconds.
  path: Assets/AutoHand/Examples/Mesh/Robohand.fbx
  artifactKey: Guid(17a48d918cf75e74aa527c89697f3d15) Importer(815301076,1909f56bfc062723c751e8b465ee728b)
Start importing Assets/AutoHand/Examples/Mesh/Robohand.fbx using Guid(17a48d918cf75e74aa527c89697f3d15) Importer(815301076,1909f56bfc062723c751e8b465ee728b)  -> (artifact id: 'a1df1fcfb63aab1756bd2227d6b6441c') in 0.176497 seconds 
========================================================================
Received Import Request.
  Time since last request: 0.000051 seconds.
  path: Assets/AutoHand/Examples/Mesh/SportsCar.fbx
  artifactKey: Guid(94e4b94c638bc6b43a940894a03b3364) Importer(815301076,1909f56bfc062723c751e8b465ee728b)
Start importing Assets/AutoHand/Examples/Mesh/SportsCar.fbx using Guid(94e4b94c638bc6b43a940894a03b3364) Importer(815301076,1909f56bfc062723c751e8b465ee728b)  -> (artifact id: '0c689893a22b28705f06e8651380d779') in 0.095067 seconds 
========================================================================
Received Import Request.
  Time since last request: 0.000026 seconds.
  path: Assets/AutoHand/Examples/Mesh/taco.fbx
  artifactKey: Guid(3cc40bba46667ff4f99585487337013c) Importer(815301076,1909f56bfc062723c751e8b465ee728b)
Start importing Assets/AutoHand/Examples/Mesh/taco.fbx using Guid(3cc40bba46667ff4f99585487337013c) Importer(815301076,1909f56bfc062723c751e8b465ee728b)  -> (artifact id: '8f45fc46b1602f332bc811b23fbaecbb') in 0.054733 seconds 
========================================================================
Received Import Request.
  Time since last request: 0.000029 seconds.
  path: Assets/AutoHand/Examples/Mesh/rollingPin.fbx
  artifactKey: Guid(e08c537a5297d5a41a6df0fb383a3d81) Importer(815301076,1909f56bfc062723c751e8b465ee728b)
Start importing Assets/AutoHand/Examples/Mesh/rollingPin.fbx using Guid(e08c537a5297d5a41a6df0fb383a3d81) Importer(815301076,1909f56bfc062723c751e8b465ee728b)  -> (artifact id: '96d0bb3af7bbd90265008718f10dd3a3') in 0.040445 seconds 
========================================================================
Received Import Request.
  Time since last request: 0.000040 seconds.
  path: Assets/AutoHand/Examples/Mesh/Lever1.fbx
  artifactKey: Guid(ce4ee5ad8d0414948927c67349bafdd4) Importer(815301076,1909f56bfc062723c751e8b465ee728b)
Start importing Assets/AutoHand/Examples/Mesh/Lever1.fbx using Guid(ce4ee5ad8d0414948927c67349bafdd4) Importer(815301076,1909f56bfc062723c751e8b465ee728b)  -> (artifact id: '81c5782f4c2f2a65f0e06487630e0782') in 0.053455 seconds 
========================================================================
Received Import Request.
  Time since last request: 0.000048 seconds.
  path: Assets/AutoHand/Examples/Mesh/BrightRed.mat
  artifactKey: Guid(0347dbc9b384a714283434a3ba5b571a) Importer(815301076,1909f56bfc062723c751e8b465ee728b)
Start importing Assets/AutoHand/Examples/Mesh/BrightRed.mat using Guid(0347dbc9b384a714283434a3ba5b571a) Importer(815301076,1909f56bfc062723c751e8b465ee728b)  -> (artifact id: '0346c5e3ad79ca3dc4598233d9a7cc31') in 0.021562 seconds 
========================================================================
Received Import Request.
  Time since last request: 0.000025 seconds.
  path: Assets/AutoHand/Examples/Mesh/WoodCubes.fbx
  artifactKey: Guid(8c2d1c53b49e9f443b512b467180a771) Importer(815301076,1909f56bfc062723c751e8b465ee728b)
Start importing Assets/AutoHand/Examples/Mesh/WoodCubes.fbx using Guid(8c2d1c53b49e9f443b512b467180a771) Importer(815301076,1909f56bfc062723c751e8b465ee728b)  -> (artifact id: '48e25160bada373e0a5b1fa349be820f') in 0.090285 seconds 
========================================================================
Received Import Request.
  Time since last request: 0.000033 seconds.
  path: Assets/AutoHand/Examples/Mesh/BrightGreen.mat
  artifactKey: Guid(5f32952d4931adc4dab6c7297d108118) Importer(815301076,1909f56bfc062723c751e8b465ee728b)
Start importing Assets/AutoHand/Examples/Mesh/BrightGreen.mat using Guid(5f32952d4931adc4dab6c7297d108118) Importer(815301076,1909f56bfc062723c751e8b465ee728b)  -> (artifact id: '713205cf034bdd3e7d7f88f88c023215') in 0.024518 seconds 
========================================================================
Received Import Request.
  Time since last request: 0.000031 seconds.
  path: Assets/AutoHand/Examples/Mesh/diamond.fbx
  artifactKey: Guid(515b5a09ff6953244bec74667502ecac) Importer(815301076,1909f56bfc062723c751e8b465ee728b)
Start importing Assets/AutoHand/Examples/Mesh/diamond.fbx using Guid(515b5a09ff6953244bec74667502ecac) Importer(815301076,1909f56bfc062723c751e8b465ee728b)  -> (artifact id: 'ff059ef49173dae928663da901b25123') in 0.026200 seconds 
========================================================================
Received Import Request.
  Time since last request: 0.000035 seconds.
  path: Assets/AutoHand/Examples/Mesh/Sword.fbx
  artifactKey: Guid(51132dfa42ee2ff4d8fb168209fda636) Importer(815301076,1909f56bfc062723c751e8b465ee728b)
Start importing Assets/AutoHand/Examples/Mesh/Sword.fbx using Guid(51132dfa42ee2ff4d8fb168209fda636) Importer(815301076,1909f56bfc062723c751e8b465ee728b)  -> (artifact id: 'cd8c03afcc7764e01d980c638f81a553') in 0.025374 seconds 
========================================================================
Received Import Request.
  Time since last request: 0.000034 seconds.
  path: Assets/AutoHand/Examples/Mesh/Table 1.fbx
  artifactKey: Guid(0efbd4c9f25507f4eba14d4e92a2ab29) Importer(815301076,1909f56bfc062723c751e8b465ee728b)
Start importing Assets/AutoHand/Examples/Mesh/Table 1.fbx using Guid(0efbd4c9f25507f4eba14d4e92a2ab29) Importer(815301076,1909f56bfc062723c751e8b465ee728b)  -> (artifact id: '66cfe76c11db7b8c0cc889c3bb97ca26') in 0.049193 seconds 
========================================================================
Received Import Request.
  Time since last request: 0.000041 seconds.
  path: Assets/AutoHand/Examples/Mesh/Table2.fbx
  artifactKey: Guid(55d3e30edd5e12446b458f0c16ff3615) Importer(815301076,1909f56bfc062723c751e8b465ee728b)
Start importing Assets/AutoHand/Examples/Mesh/Table2.fbx using Guid(55d3e30edd5e12446b458f0c16ff3615) Importer(815301076,1909f56bfc062723c751e8b465ee728b)  -> (artifact id: '02f2c0613660dd42233224f9c7f566fb') in 0.047458 seconds 
========================================================================
Received Import Request.
  Time since last request: 0.000038 seconds.
  path: Assets/AutoHand/Examples/Mesh/hoop.dae
  artifactKey: Guid(b136c4d56a5e9c544bae56a43f78640e) Importer(815301076,1909f56bfc062723c751e8b465ee728b)
Start importing Assets/AutoHand/Examples/Mesh/hoop.dae using Guid(b136c4d56a5e9c544bae56a43f78640e) Importer(815301076,1909f56bfc062723c751e8b465ee728b)  -> (artifact id: '7ad7f855b88a16108941b4b85aeec718') in 0.033225 seconds 
========================================================================
Received Import Request.
  Time since last request: 0.000041 seconds.
  path: Assets/AutoHand/Examples/Mesh/Lever2.fbx
  artifactKey: Guid(233f4b2ba2af7a54a9d9eba4ee1054ab) Importer(815301076,1909f56bfc062723c751e8b465ee728b)
Start importing Assets/AutoHand/Examples/Mesh/Lever2.fbx using Guid(233f4b2ba2af7a54a9d9eba4ee1054ab) Importer(815301076,1909f56bfc062723c751e8b465ee728b)  -> (artifact id: '3adf2258bbb59b8de8bce200c263b192') in 0.069831 seconds 
========================================================================
Received Import Request.
  Time since last request: 0.000031 seconds.
  path: Assets/AutoHand/Examples/Mesh/Hand.fbx
  artifactKey: Guid(bd20bf05dfaa93745b0371d65b9a254f) Importer(815301076,1909f56bfc062723c751e8b465ee728b)
Start importing Assets/AutoHand/Examples/Mesh/Hand.fbx using Guid(bd20bf05dfaa93745b0371d65b9a254f) Importer(815301076,1909f56bfc062723c751e8b465ee728b)  -> (artifact id: 'dc0d7dab22df605f10739a363d95554c') in 0.058601 seconds 
========================================================================
Received Import Request.
  Time since last request: 0.000032 seconds.
  path: Assets/AutoHand/Examples/Mesh/Slide3.fbx
  artifactKey: Guid(1db2bca27ad6b29408e7fa2e2829815e) Importer(815301076,1909f56bfc062723c751e8b465ee728b)
Start importing Assets/AutoHand/Examples/Mesh/Slide3.fbx using Guid(1db2bca27ad6b29408e7fa2e2829815e) Importer(815301076,1909f56bfc062723c751e8b465ee728b)  -> (artifact id: 'f78febe4e48ed779c2379ae66effa7ed') in 0.069165 seconds 
========================================================================
Received Import Request.
  Time since last request: 0.000045 seconds.
  path: Assets/AutoHand/Examples/Mesh/mushroom.fbx
  artifactKey: Guid(06d5824a27d833741ad3a6bae6c6f345) Importer(815301076,1909f56bfc062723c751e8b465ee728b)
Start importing Assets/AutoHand/Examples/Mesh/mushroom.fbx using Guid(06d5824a27d833741ad3a6bae6c6f345) Importer(815301076,1909f56bfc062723c751e8b465ee728b)  -> (artifact id: '5be4fb1b4446387c04237d19d00ace85') in 0.038437 seconds 
========================================================================
Received Import Request.
  Time since last request: 0.000032 seconds.
  path: Assets/AutoHand/Examples/Mesh/key.fbx
  artifactKey: Guid(b2509f136cb9dfd4bbdea400c2017bf4) Importer(815301076,1909f56bfc062723c751e8b465ee728b)
Start importing Assets/AutoHand/Examples/Mesh/key.fbx using Guid(b2509f136cb9dfd4bbdea400c2017bf4) Importer(815301076,1909f56bfc062723c751e8b465ee728b)  -> (artifact id: 'c5e930206fe6bb8b0625cf9dbc96f2c4') in 0.031585 seconds 
========================================================================
Received Import Request.
  Time since last request: 0.000032 seconds.
  path: Assets/AutoHand/Examples/Mesh/Controller.fbx
  artifactKey: Guid(01bda0fe6eb1bee47b0bb7b7eb2a65d8) Importer(815301076,1909f56bfc062723c751e8b465ee728b)
Start importing Assets/AutoHand/Examples/Mesh/Controller.fbx using Guid(01bda0fe6eb1bee47b0bb7b7eb2a65d8) Importer(815301076,1909f56bfc062723c751e8b465ee728b)  -> (artifact id: 'f5601b2b1eee607ce760d63ce8a36c9b') in 0.053689 seconds 
========================================================================
Received Prepare
Registering precompiled user dll's ...
Registered in 0.020730 seconds.
Begin MonoManager ReloadAssembly
Native extension for WindowsStandalone target not found
Native extension for Android target not found
Refreshing native plugins compatible for Editor in 1.93 ms, found 12 plugins.
Preloading 1 native plugins for Editor in 0.21 ms.
System.Reflection.TargetInvocationException: Exception has been thrown by the target of an invocation. ---> System.NullReferenceException: Object reference not set to an instance of an object
  at Unity.XR.Oculus.OculusLoader.AssetPathToAbsolutePath (System.String assetPath) [0x0003d] in C:\Users\Ken Kobayashi\Desktop\Unity\VRInstrument\Library\PackageCache\com.unity.xr.oculus@3.2.3\Runtime\OculusLoader.cs:296 
  at Unity.XR.Oculus.OculusLoader.EditorLoadOVRPlugin () [0x0007b] in C:\Users\Ken Kobayashi\Desktop\Unity\VRInstrument\Library\PackageCache\com.unity.xr.oculus@3.2.3\Runtime\OculusLoader.cs:281 
  at (wrapper managed-to-native) System.Reflection.RuntimeMethodInfo.InternalInvoke(System.Reflection.RuntimeMethodInfo,object,object[],System.Exception&)
  at System.Reflection.RuntimeMethodInfo.Invoke (System.Object obj, System.Reflection.BindingFlags invokeAttr, System.Reflection.Binder binder, System.Object[] parameters, System.Globalization.CultureInfo culture) [0x0006a] in <c9d3ffd4b98649ee9989e1908eaca019>:0 
   --- End of inner exception stack trace ---
  at System.Reflection.RuntimeMethodInfo.Invoke (System.Object obj, System.Reflection.BindingFlags invokeAttr, System.Reflection.Binder binder, System.Object[] parameters, System.Globalization.CultureInfo culture) [0x00083] in <c9d3ffd4b98649ee9989e1908eaca019>:0 
  at System.Reflection.MethodBase.Invoke (System.Object obj, System.Object[] parameters) [0x00000] in <c9d3ffd4b98649ee9989e1908eaca019>:0 
  at UnityEditor.EditorAssemblies.ProcessInitializeOnLoadMethodAttributes () [0x000a5] in <dc1a47a5816e4be7bc6817ee4d339e75>:0 
UnityEngine.StackTraceUtility:ExtractStackTrace ()
UnityEngine.DebugLogHandler:LogFormat (UnityEngine.LogType,UnityEngine.Object,string,object[])
UnityEngine.Logger:Log (UnityEngine.LogType,object)
UnityEngine.Debug:LogError (object)
UnityEditor.EditorAssemblies:ProcessInitializeOnLoadMethodAttributes ()

Mono: successfully reloaded assembly
- Completed reload, in  1.808 seconds
Domain Reload Profiling:
	ReloadAssembly (1809ms)
		BeginReloadAssembly (226ms)
			ExecutionOrderSort (0ms)
			DisableScriptedObjects (6ms)
			BackupInstance (0ms)
			ReleaseScriptingObjects (0ms)
			CreateAndSetChildDomain (70ms)
		EndReloadAssembly (1414ms)
			LoadAssemblies (181ms)
			RebuildTransferFunctionScriptingTraits (0ms)
			SetupTypeCache (444ms)
			ReleaseScriptCaches (2ms)
			RebuildScriptCaches (60ms)
			SetupLoadedEditorAssemblies (661ms)
				LogAssemblyErrors (0ms)
				InitializePlatformSupportModulesInManaged (33ms)
				SetLoadedEditorAssemblies (1ms)
				RefreshPlugins (2ms)
				BeforeProcessingInitializeOnLoad (121ms)
				ProcessInitializeOnLoadAttributes (428ms)
				ProcessInitializeOnLoadMethodAttributes (70ms)
				AfterProcessingInitializeOnLoad (6ms)
				EditorAssembliesLoaded (0ms)
			ExecutionOrderSort2 (0ms)
			AwakeInstancesAfterBackupRestoration (9ms)
Platform modules already initialized, skipping
Refreshing native plugins compatible for Editor in 13.10 ms, found 12 plugins.
Preloading 1 native plugins for Editor in 0.17 ms.
Unloading 4146 Unused Serialized files (Serialized files now loaded: 0)
Unloading 51 unused Assets / (417.1 KB). Loaded Objects now: 4665.
Memory consumption went from 164.7 MB to 164.2 MB.
Total: 6.117300 ms (FindLiveObjects: 0.697100 ms CreateObjectMapping: 0.310700 ms MarkObjects: 4.582200 ms  DeleteObjects: 0.523800 ms)

AssetImportParameters requested are different than current active one (requested -> active):
  custom:video-decoder-ogg-theora: a1e56fd34408186e4bbccfd4996cb3dc -> 
  custom:container-muxer-webm: aa71ff27fc2769a1b78a27578f13a17b -> 
  custom:container-demuxer-webm: 4f35f7cbe854078d1ac9338744f61a02 -> 
  custom:video-encoder-webm-vp8: eb34c28f22e8b96e1ab97ce403110664 -> 
  custom:audio-encoder-webm-vorbis: bf7c407c2cedff20999df2af8eb42d56 -> 
  custom:framework-win-MediaFoundation: 216162199b28c13a410421893ffa2e32 -> 
  custom:container-demuxer-ogg: 62fdf1f143b41e24485cea50d1cbac27 -> 
  custom:video-decoder-webm-vp8: 9c59270c3fd7afecdb556c50c9e8de78 -> 
  custom:audio-decoder-ogg-vorbis: bf7c407c2cedff20999df2af8eb42d56 -> 
Editor requested this worker to shutdown with reason: Scaling down because of idle timeout
AssetImportWorker is now disconnected from the server
Process exiting
Exiting without the bug reporter. Application will terminate with return code 0